[14:52:11,437][WARNING][main][G] Ignite work directory is not provided, automatically resolved to: C:\Users\u002910\source\repos\ApacheIgniteExample\ApacheIgniteExample\ignite\work
[14:52:11,722][INFO][main][IgniteKernal] 

>>>    __________  ________________  
>>>   /  _/ ___/ |/ /  _/_  __/ __/  
>>>  _/ // (7 7    // /  / / / _/    
>>> /___/\___/_/|_/___/ /_/ /___/   
>>> 
>>> ver. 2.8.1#20200521-sha1:86422096
>>> 2020 Copyright(C) Apache Software Foundation
>>> 
>>> Ignite documentation: http://ignite.apache.org

[14:52:11,723][INFO][main][IgniteKernal] Config URL: n/a
[14:52:11,778][INFO][main][IgniteKernal] IgniteConfiguration [igniteInstanceName=null, pubPoolSize=8, svcPoolSize=8, callbackPoolSize=8, stripedPoolSize=8, sysPoolSize=8, mgmtPoolSize=4, igfsPoolSize=8, dataStreamerPoolSize=8, utilityCachePoolSize=8, utilityCacheKeepAliveTime=60000, p2pPoolSize=2, qryPoolSize=8, sqlQryHistSize=1000, dfltQryTimeout=0, igniteHome=null, igniteWorkDir=C:\Users\u002910\source\repos\ApacheIgniteExample\ApacheIgniteExample\ignite\work, mbeanSrv=com.sun.jmx.mbeanserver.JmxMBeanServer@1a04f701, nodeId=275b6263-54eb-4e45-8ec4-6a6a0136e6f3, marsh=BinaryMarshaller [], marshLocJobs=false, daemon=false, p2pEnabled=false, netTimeout=5000, netCompressionLevel=1, sndRetryDelay=1000, sndRetryCnt=3, metricsHistSize=10000, metricsUpdateFreq=2000, metricsExpTime=9223372036854775807, discoSpi=TcpDiscoverySpi [addrRslvr=null, sockTimeout=0, ackTimeout=0, marsh=null, reconCnt=10, reconDelay=2000, maxAckTimeout=600000, soLinger=5, forceSrvMode=false, clientReconnectDisabled=false, internalLsnr=null, skipAddrsRandomization=false], segPlc=STOP, segResolveAttempts=2, waitForSegOnStart=true, allResolversPassReq=true, segChkFreq=10000, commSpi=TcpCommunicationSpi [connectGate=null, connPlc=org.apache.ignite.spi.communication.tcp.TcpCommunicationSpi$FirstConnectionPolicy@12aba8be, chConnPlc=null, enableForcibleNodeKill=false, enableTroubleshootingLog=false, locAddr=null, locHost=null, locPort=47100, locPortRange=100, shmemPort=-1, directBuf=true, directSndBuf=false, idleConnTimeout=600000, connTimeout=5000, maxConnTimeout=600000, reconCnt=10, sockSndBuf=32768, sockRcvBuf=32768, msgQueueLimit=0, slowClientQueueLimit=0, nioSrvr=null, shmemSrv=null, usePairedConnections=false, connectionsPerNode=1, tcpNoDelay=true, filterReachableAddresses=false, ackSndThreshold=32, unackedMsgsBufSize=0, sockWriteTimeout=2000, boundTcpPort=-1, boundTcpShmemPort=-1, selectorsCnt=4, selectorSpins=0, addrRslvr=null, ctxInitLatch=java.util.concurrent.CountDownLatch@290222c1[Count = 1], stopping=false, metricsLsnr=null], evtSpi=org.apache.ignite.spi.eventstorage.NoopEventStorageSpi@67f639d3, colSpi=NoopCollisionSpi [], deploySpi=LocalDeploymentSpi [], indexingSpi=org.apache.ignite.spi.indexing.noop.NoopIndexingSpi@82de64a, addrRslvr=null, encryptionSpi=org.apache.ignite.spi.encryption.noop.NoopEncryptionSpi@659499f1, clientMode=false, rebalanceThreadPoolSize=4, rebalanceTimeout=10000, rebalanceBatchesPrefetchCnt=3, rebalanceThrottle=0, rebalanceBatchSize=524288, txCfg=TransactionConfiguration [txSerEnabled=false, dfltIsolation=REPEATABLE_READ, dfltConcurrency=PESSIMISTIC, dfltTxTimeout=0, txTimeoutOnPartitionMapExchange=0, deadlockTimeout=10000, pessimisticTxLogSize=0, pessimisticTxLogLinger=10000, tmLookupClsName=null, txManagerFactory=null, useJtaSync=false], cacheSanityCheckEnabled=true, discoStartupDelay=60000, deployMode=SHARED, p2pMissedCacheSize=100, locHost=null, timeSrvPortBase=31100, timeSrvPortRange=100, failureDetectionTimeout=10000, sysWorkerBlockedTimeout=null, clientFailureDetectionTimeout=30000, metricsLogFreq=60000, hadoopCfg=null, connectorCfg=ConnectorConfiguration [jettyPath=null, host=null, port=11211, noDelay=true, directBuf=false, sndBufSize=32768, rcvBufSize=32768, idleQryCurTimeout=600000, idleQryCurCheckFreq=60000, sndQueueLimit=0, selectorCnt=4, idleTimeout=7000, sslEnabled=false, sslClientAuth=false, sslCtxFactory=null, sslFactory=null, portRange=100, threadPoolSize=8, msgInterceptor=null], odbcCfg=null, warmupClos=null, atomicCfg=AtomicConfiguration [seqReserveSize=1000, cacheMode=PARTITIONED, backups=1, aff=null, grpName=null], classLdr=null, sslCtxFactory=null, platformCfg=PlatformDotNetConfiguration [binaryCfg=null], binaryCfg=null, memCfg=null, pstCfg=null, dsCfg=DataStorageConfiguration [sysRegionInitSize=41943040, sysRegionMaxSize=104857600, pageSize=0, concLvl=0, dfltDataRegConf=DataRegionConfiguration [name=default, maxSize=3397063475, initSize=268435456, swapPath=null, pageEvictionMode=DISABLED, evictionThreshold=0.9, emptyPagesPoolSize=100, metricsEnabled=false, metricsSubIntervalCount=5, metricsRateTimeInterval=60000, persistenceEnabled=false, checkpointPageBufSize=0, lazyMemoryAllocation=true], dataRegions=null, storagePath=null, checkpointFreq=180000, lockWaitTime=10000, checkpointThreads=4, checkpointWriteOrder=SEQUENTIAL, walHistSize=20, maxWalArchiveSize=1073741824, walSegments=10, walSegmentSize=67108864, walPath=db/wal, walArchivePath=db/wal/archive, metricsEnabled=false, walMode=LOG_ONLY, walTlbSize=131072, walBuffSize=0, walFlushFreq=2000, walFsyncDelay=1000, walRecordIterBuffSize=67108864, alwaysWriteFullPages=false, fileIOFactory=org.apache.ignite.internal.processors.cache.persistence.file.AsyncFileIOFactory@7d4f9aae, metricsSubIntervalCnt=5, metricsRateTimeInterval=60000, walAutoArchiveAfterInactivity=-1, writeThrottlingEnabled=false, walCompactionEnabled=false, walCompactionLevel=1, checkpointReadLockTimeout=null, walPageCompression=DISABLED, walPageCompressionLevel=null], activeOnStart=true, autoActivation=true, longQryWarnTimeout=3000, sqlConnCfg=null, cliConnCfg=ClientConnectorConfiguration [host=null, port=10800, portRange=100, sockSndBufSize=0, sockRcvBufSize=0, tcpNoDelay=true, maxOpenCursorsPerConn=128, threadPoolSize=8, idleTimeout=0, handshakeTimeout=10000, jdbcEnabled=true, odbcEnabled=true, thinCliEnabled=true, sslEnabled=false, useIgniteSslCtxFactory=true, sslClientAuth=false, sslCtxFactory=null, thinCliCfg=ThinClientConfiguration [maxActiveTxPerConn=100]], mvccVacuumThreadCnt=2, mvccVacuumFreq=5000, authEnabled=false, failureHnd=null, commFailureRslvr=null]
[14:52:11,782][INFO][main][IgniteKernal] Daemon mode: off
[14:52:11,786][INFO][main][IgniteKernal] OS: Windows 10 10.0 amd64
[14:52:11,787][INFO][main][IgniteKernal] OS user: U002910
[14:52:11,806][INFO][main][IgniteKernal] PID: 11840
[14:52:11,807][INFO][main][IgniteKernal] Language runtime: Java Platform API Specification ver. 14
[14:52:11,807][INFO][main][IgniteKernal] VM information: Java(TM) SE Runtime Environment 14.0.1+7 Oracle Corporation Java HotSpot(TM) 64-Bit Server VM 14.0.1+7
[14:52:11,809][INFO][main][IgniteKernal] VM total memory: 4.0GB
[14:52:11,809][INFO][main][IgniteKernal] Remote Management [restart: off, REST: on, JMX (remote: off)]
[14:52:11,810][INFO][main][IgniteKernal] Logger: JavaLogger [quiet=false, config=null]
[14:52:11,811][INFO][main][IgniteKernal] IGNITE_HOME=null
[14:52:11,813][INFO][main][IgniteKernal] VM arguments: [-Dfile.encoding=UTF-8, -Djava.util.logging.config.file=C:\Users\u002910\source\repos\ApacheIgniteExample\ApacheIgniteExample\bin\Debug\netcoreapp3.1\config\java.util.logging.properties, --add-exports=java.base/jdk.internal.misc=ALL-UNNAMED, --add-exports=java.base/sun.nio.ch=ALL-UNNAMED, --add-exports=java.management/com.sun.jmx.mbeanserver=ALL-UNNAMED, --add-exports=jdk.internal.jvmstat/sun.jvmstat.monitor=ALL-UNNAMED, --illegal-access=permit]
[14:52:11,816][INFO][main][IgniteKernal] System cache's DataRegion size is configured to 40 MB. Use DataStorageConfiguration.systemRegionInitialSize property to change the setting.
[14:52:11,818][INFO][main][IgniteKernal] Configured caches [in 'sysMemPlc' dataRegion: ['ignite-sys-cache']]
[14:52:11,819][WARNING][main][IgniteKernal] Please set system property '-Djava.net.preferIPv4Stack=true' to avoid possible problems in mixed environments.
[14:52:11,824][WARNING][pub-#19][GridDiagnostic] This operating system has been tested less rigorously: Windows 10 10.0 amd64. Our team will appreciate the feedback if you experience any problems running ignite in this environment.
[14:52:11,837][WARNING][pub-#22][GridDiagnostic] Initial heap size is 254MB (should be no less than 512MB, use -Xms512m -Xmx512m).
[14:52:12,028][INFO][main][IgnitePluginProcessor] Configured plugins:
[14:52:12,030][INFO][main][IgnitePluginProcessor]   ^-- None
[14:52:12,031][INFO][main][IgnitePluginProcessor] 
[14:52:12,034][INFO][main][FailureProcessor] Configured failure handler: [hnd=StopNodeOrHaltFailureHandler [tryStop=false, timeout=0, super=AbstractFailureHandler [ignoredFailureTypes=UnmodifiableSet [SYSTEM_WORKER_BLOCKED, SYSTEM_CRITICAL_OPERATION_TIMEOUT]]]]
[14:52:12,570][INFO][main][TcpCommunicationSpi] Successfully bound communication NIO server to TCP port [port=47100, locHost=0.0.0.0/0.0.0.0, selectorsCnt=4, selectorSpins=0, pairedConn=false]
[14:52:12,666][WARNING][main][TcpCommunicationSpi] Message queue limit is set to 0 which may lead to potential OOMEs when running cache operations in FULL_ASYNC or PRIMARY_SYNC modes due to message queues growth on sender and receiver sides.
[14:52:12,705][WARNING][main][NoopCheckpointSpi] Checkpoints are disabled (to enable configure any GridCheckpointSpi implementation)
[14:52:12,759][WARNING][main][GridCollisionManager] Collision resolution is disabled (all jobs will be activated upon arrival).
[14:52:12,771][INFO][main][IgniteKernal] Security status [authentication=off, tls/ssl=off]
[14:52:13,039][INFO][main][TcpDiscoverySpi] Successfully bound to TCP port [port=47500, localHost=0.0.0.0/0.0.0.0, locNodeId=275b6263-54eb-4e45-8ec4-6a6a0136e6f3]
[14:52:13,076][WARNING][main][IgniteCacheDatabaseSharedManager] DataRegionConfiguration.maxWalArchiveSize instead DataRegionConfiguration.walHistorySize would be used for removing old archive wal files
[14:52:13,090][INFO][main][IgniteCacheDatabaseSharedManager] Configured data regions initialized successfully [total=3]
[14:52:13,109][INFO][main][PartitionsEvictManager] Evict partition permits=2
[14:52:13,201][WARNING][main][IgniteH2Indexing] Serialization of Java objects in H2 was enabled.
[14:52:13,491][INFO][main][ClientListenerProcessor] Client connector processor has started on TCP port 10800
[14:52:13,558][INFO][main][GridTcpRestProtocol] Command protocol successfully started [name=TCP binary, host=0.0.0.0/0.0.0.0, port=11211]
[14:52:13,591][WARNING][main][PlatformProcessorImpl] Marshaller is automatically set to o.a.i.i.binary.BinaryMarshaller (other nodes must have the same marshaller type).
[14:52:15,224][INFO][main][IgniteKernal] Non-loopback local IPs: 10.242.1.26, 192.168.0.8, 2804:14c:33:8a15:7df8:71e2:7c45:dcfe, 2804:14c:33:8a15:e0b4:3cd9:40a5:7e83, fe80:0:0:0:3060:14bd:840f:5058%wlan0, fe80:0:0:0:a01f:a1d7:a05f:896%eth6, fe80:0:0:0:a5df:da4a:b94b:f121%eth8, fe80:0:0:0:d857:f6a9:1019:ddc%wlan1, fe80:0:0:0:e0b4:3cd9:40a5:7e83%wlan2
[14:52:15,225][INFO][main][IgniteKernal] Enabled local MACs: 025041000001, 0C29EFFE1D6C, 0C29EFFE1D6D, 5CCD5B4684F8, 5CCD5B4684F9, 5ECD5B4684F8
[14:52:15,277][INFO][main][TcpDiscoverySpi] Connection check threshold is calculated: 10000
[14:52:15,287][WARNING][main][TcpDiscoveryMulticastIpFinder] TcpDiscoveryMulticastIpFinder has no pre-configured addresses (it is recommended in production to specify at least one address in TcpDiscoveryMulticastIpFinder.getAddresses() configuration property)
[14:52:17,105][INFO][disco-notifier-worker-#41][GridClusterStateProcessor] Received activate request with BaselineTopology[id=0]
[14:52:17,111][INFO][disco-notifier-worker-#41][GridClusterStateProcessor] Started state transition: true
[14:52:17,115][INFO][disco-notifier-worker-#41][GridClusterStateProcessor] Received state change finish message: true
[14:52:17,117][INFO][disco-notifier-worker-#41][MvccProcessorImpl] Assigned mvcc coordinator [crd=MvccCoordinator [topVer=AffinityTopologyVersion [topVer=1, minorTopVer=0], nodeId=275b6263-54eb-4e45-8ec4-6a6a0136e6f3, ver=1599241937088, local=true, initialized=false]]
[14:52:17,146][INFO][disco-notifier-worker-#41][DistributedBaselineConfiguration] Baseline parameter 'baselineAutoAdjustEnabled' was changed from 'null' to 'true'
[14:52:17,151][INFO][disco-notifier-worker-#41][DistributedBaselineConfiguration] Baseline parameter 'baselineAutoAdjustTimeout' was changed from 'null' to '0'
[14:52:17,154][INFO][disco-notifier-worker-#41][IgniteH2Indexing] SQL parameter 'sql.disabledFunctions' was changed from 'null' to '[FILE_WRITE, CANCEL_SESSION, MEMORY_USED, CSVREAD, LINK_SCHEMA, MEMORY_FREE, FILE_READ, CSVWRITE, SESSION_ID, LOCK_MODE]'
[14:52:17,198][INFO][exchange-worker-#43][time] Started exchange init [topVer=AffinityTopologyVersion [topVer=1, minorTopVer=0], crd=true, evt=NODE_JOINED, evtNode=275b6263-54eb-4e45-8ec4-6a6a0136e6f3, customEvt=null, allowMerge=false, exchangeFreeSwitch=false]
[14:52:17,226][INFO][exchange-worker-#43][IgniteCacheDatabaseSharedManager] Configured data regions started successfully [total=3]
[14:52:17,227][INFO][exchange-worker-#43][msg] Components activation performed in 24 ms.
[14:52:17,359][INFO][exchange-worker-#43][GridCacheProcessor] Started cache [name=ignite-sys-cache, id=-2100569601, dataRegionName=sysMemPlc, mode=REPLICATED, atomicity=TRANSACTIONAL, backups=2147483647, mvcc=false]
[14:52:17,361][INFO][exchange-worker-#43][GridCacheProcessor] Starting caches on local join performed in 133 ms.
[14:52:17,376][INFO][exchange-worker-#43][GridDhtPartitionsExchangeFuture] Skipped waiting for partitions release future (local node is joining) [topVer=AffinityTopologyVersion [topVer=1, minorTopVer=0]]
[14:52:17,459][INFO][exchange-worker-#43][GridDhtPartitionsExchangeFuture] finishExchangeOnCoordinator [topVer=AffinityTopologyVersion [topVer=1, minorTopVer=0], resVer=AffinityTopologyVersion [topVer=1, minorTopVer=0]]
[14:52:17,477][INFO][exchange-worker-#43][GridDhtPartitionsExchangeFuture] Finish exchange future [startVer=AffinityTopologyVersion [topVer=1, minorTopVer=0], resVer=AffinityTopologyVersion [topVer=1, minorTopVer=0], err=null, rebalanced=true, wasRebalanced=false]
[14:52:17,489][INFO][exchange-worker-#43][GridCacheProcessor] Finish proxy initialization, cacheName=ignite-sys-cache, localNodeId=275b6263-54eb-4e45-8ec4-6a6a0136e6f3
[14:52:17,489][INFO][exchange-worker-#43][GridDhtPartitionsExchangeFuture] Completed partition exchange [localNode=275b6263-54eb-4e45-8ec4-6a6a0136e6f3, exchange=GridDhtPartitionsExchangeFuture [topVer=AffinityTopologyVersion [topVer=1, minorTopVer=0], evt=NODE_JOINED, evtNode=TcpDiscoveryNode [id=275b6263-54eb-4e45-8ec4-6a6a0136e6f3, consistentId=0:0:0:0:0:0:0:1,10.242.1.26,127.0.0.1,192.168.0.8,2804:14c:33:8a15:7df8:71e2:7c45:dcfe,2804:14c:33:8a15:e0b4:3cd9:40a5:7e83:47500, addrs=ArrayList [0:0:0:0:0:0:0:1, 10.242.1.26, 127.0.0.1, 192.168.0.8, 2804:14c:33:8a15:7df8:71e2:7c45:dcfe, 2804:14c:33:8a15:e0b4:3cd9:40a5:7e83], sockAddrs=HashSet [/[2804:14c:33:8a15:7df8:71e2:7c45:dcfe]:47500, /[2804:14c:33:8a15:e0b4:3cd9:40a5:7e83]:47500, XPNOTE-20000915.xpcorretora.com.br/192.168.0.8:47500, /10.242.1.26:47500, /[0:0:0:0:0:0:0:1]:47500, /127.0.0.1:47500], discPort=47500, order=1, intOrder=1, lastExchangeTime=1599241935279, loc=true, ver=2.8.1#20200521-sha1:86422096, isClient=false], done=true, newCrdFut=null], topVer=AffinityTopologyVersion [topVer=1, minorTopVer=0]]
[14:52:17,490][INFO][exchange-worker-#43][GridDhtPartitionsExchangeFuture] Exchange timings [startVer=AffinityTopologyVersion [topVer=1, minorTopVer=0], resVer=AffinityTopologyVersion [topVer=1, minorTopVer=0], stage="Waiting in exchange queue" (69 ms), stage="Exchange parameters initialization" (7 ms), stage="Components activation" (24 ms), stage="Determine exchange type" (148 ms), stage="Preloading notification" (0 ms), stage="WAL history reservation" (0 ms), stage="After states restored callback" (83 ms), stage="Waiting for all single messages" (0 ms), stage="Affinity recalculation (crd)" (0 ms), stage="Collect update counters and create affinity messages" (1 ms), stage="Validate partitions states" (2 ms), stage="Assign partitions states" (1 ms), stage="Apply update counters" (0 ms), stage="Full message preparing" (10 ms), stage="Full message sending" (0 ms), stage="State finish message sending" (0 ms), stage="Exchange done" (12 ms), stage="Total time" (357 ms)]
[14:52:17,491][INFO][exchange-worker-#43][GridDhtPartitionsExchangeFuture] Exchange longest local stages [startVer=AffinityTopologyVersion [topVer=1, minorTopVer=0], resVer=AffinityTopologyVersion [topVer=1, minorTopVer=0], stage="Coordinator affinity cache init [grp=ignite-sys-cache]" (140 ms) (parent=Determine exchange type), stage="First node affinity initialization (node join) [grp=ignite-sys-cache]" (5 ms) (parent=Determine exchange type)]
[14:52:17,493][INFO][exchange-worker-#43][time] Finished exchange init [topVer=AffinityTopologyVersion [topVer=1, minorTopVer=0], crd=true]
[14:52:17,498][INFO][exchange-worker-#43][GridCachePartitionExchangeManager] Skipping rebalancing (nothing scheduled) [top=AffinityTopologyVersion [topVer=1, minorTopVer=0], force=false, evt=NODE_JOINED, node=275b6263-54eb-4e45-8ec4-6a6a0136e6f3]
[14:52:17,588][INFO][main][IgniteKernal] Performance suggestions for grid  (fix if possible)
[14:52:17,588][INFO][main][IgniteKernal] To disable, set -DIGNITE_PERFORMANCE_SUGGESTIONS_DISABLED=true
[14:52:17,589][INFO][main][IgniteKernal]   ^-- Switch to the most recent 1.8 JVM version
[14:52:17,589][INFO][main][IgniteKernal]   ^-- Specify JVM heap max size (add '-Xmx<size>[g|G|m|M|k|K]' to JVM options)
[14:52:17,589][INFO][main][IgniteKernal]   ^-- Set max direct memory size if getting 'OOME: Direct buffer memory' (add '-XX:MaxDirectMemorySize=<size>[g|G|m|M|k|K]' to JVM options)
[14:52:17,590][INFO][main][IgniteKernal]   ^-- Disable processing of calls to System.gc() (add '-XX:+DisableExplicitGC' to JVM options)
[14:52:17,590][INFO][main][IgniteKernal] Refer to this page for more performance suggestions: https://apacheignite.readme.io/docs/jvm-and-system-tuning
[14:52:17,590][INFO][main][IgniteKernal] 
[14:52:17,590][INFO][main][IgniteKernal] To start Console Management & Monitoring run ignitevisorcmd.{sh|bat}
[14:52:17,592][INFO][main][IgniteKernal] Data Regions Configured:
[14:52:17,596][INFO][main][IgniteKernal]   ^-- default [initSize=256,0 MiB, maxSize=3,2 GiB, persistence=false, lazyMemoryAllocation=true]
[14:52:17,599][INFO][main][IgniteKernal] 

>>> +----------------------------------------------------------------------+
>>> Ignite ver. 2.8.1#20200521-sha1:864220966caa4157c4fee8a1bc85171623963604
>>> +----------------------------------------------------------------------+
>>> OS name: Windows 10 10.0 amd64
>>> CPU(s): 8
>>> Heap: 4.0GB
>>> VM name: 11840@XPNOTE-20000915
>>> Local node [ID=275B6263-54EB-4E45-8EC4-6A6A0136E6F3, order=1, clientMode=false]
>>> Local node addresses: [XPNOTE-20000915.xpcorretora.com.br/0:0:0:0:0:0:0:1, XPNOTE-20000915.xpcorretora.com.br/10.242.1.26, host.docker.internal/127.0.0.1, XPNOTE-20000915.xpcorretora.com.br/192.168.0.8, /2804:14c:33:8a15:7df8:71e2:7c45:dcfe, /2804:14c:33:8a15:e0b4:3cd9:40a5:7e83]
>>> Local ports: TCP:10800 TCP:11211 TCP:47100 UDP:47400 TCP:47500 

[14:52:17,603][INFO][main][GridDiscoveryManager] Topology snapshot [ver=1, locNode=275b6263, servers=1, clients=0, state=ACTIVE, CPUs=8, offheap=3.2GB, heap=4.0GB]
[14:52:17,604][INFO][main][GridDiscoveryManager]   ^-- Baseline [id=0, size=1, online=1, offline=0]
[14:52:17,605][INFO][main][G] Node started : [stage="Configure system pool" (59 ms),stage="Start managers" (1093 ms),stage="Configure binary metadata" (15 ms),stage="Start processors" (806 ms),stage="Init metastore" (1632 ms),stage="Finish recovery" (0 ms),stage="Join topology" (1860 ms),stage="Await transition" (22 ms),stage="Await exchange" (465 ms),stage="Total time" (5952 ms)]
[14:52:17,622][INFO][main][PluginProcessor] Configured .NET plugins:
[14:52:17,623][INFO][main][PluginProcessor]   ^-- None
[14:52:17,650][INFO][exchange-worker-#43][time] Started exchange init [topVer=AffinityTopologyVersion [topVer=1, minorTopVer=1], crd=true, evt=DISCOVERY_CUSTOM_EVT, evtNode=275b6263-54eb-4e45-8ec4-6a6a0136e6f3, customEvt=DynamicCacheChangeBatch [id=5494f3a5471-015bd7c2-40f8-4975-a89e-8f79450f0fbe, reqs=ArrayList [DynamicCacheChangeRequest [cacheName=my-cache, hasCfg=true, nodeId=275b6263-54eb-4e45-8ec4-6a6a0136e6f3, clientStartOnly=false, stop=false, destroy=false, disabledAfterStartfalse]], exchangeActions=ExchangeActions [startCaches=[my-cache], stopCaches=null, startGrps=[my-cache], stopGrps=[], resetParts=null, stateChangeRequest=null], startCaches=false], allowMerge=false, exchangeFreeSwitch=false]
[14:52:17,691][INFO][exchange-worker-#43][GridCacheProcessor] Started cache [name=my-cache, id=-1910710239, dataRegionName=default, mode=PARTITIONED, atomicity=ATOMIC, backups=0, mvcc=false]
[14:52:17,721][INFO][exchange-worker-#43][GridDhtPartitionsExchangeFuture] Finished waiting for partition release future [topVer=AffinityTopologyVersion [topVer=1, minorTopVer=1], waitTime=0ms, futInfo=NA, mode=DISTRIBUTED]
[14:52:17,726][INFO][exchange-worker-#43][GridDhtPartitionsExchangeFuture] Finished waiting for partitions release latch: ServerLatch [permits=0, pendingAcks=HashSet [], super=CompletableLatch [id=CompletableLatchUid [id=exchange, topVer=AffinityTopologyVersion [topVer=1, minorTopVer=1]]]]
[14:52:17,727][INFO][exchange-worker-#43][GridDhtPartitionsExchangeFuture] Finished waiting for partition release future [topVer=AffinityTopologyVersion [topVer=1, minorTopVer=1], waitTime=0ms, futInfo=NA, mode=LOCAL]
[14:52:17,880][INFO][exchange-worker-#43][GridDhtPartitionsExchangeFuture] finishExchangeOnCoordinator [topVer=AffinityTopologyVersion [topVer=1, minorTopVer=1], resVer=AffinityTopologyVersion [topVer=1, minorTopVer=1]]
[14:52:17,901][INFO][exchange-worker-#43][GridDhtPartitionsExchangeFuture] Finish exchange future [startVer=AffinityTopologyVersion [topVer=1, minorTopVer=1], resVer=AffinityTopologyVersion [topVer=1, minorTopVer=1], err=null, rebalanced=true, wasRebalanced=true]
[14:52:17,906][INFO][exchange-worker-#43][GridCacheProcessor] Finish proxy initialization, cacheName=my-cache, localNodeId=275b6263-54eb-4e45-8ec4-6a6a0136e6f3
[14:52:17,907][INFO][exchange-worker-#43][GridDhtPartitionsExchangeFuture] Completed partition exchange [localNode=275b6263-54eb-4e45-8ec4-6a6a0136e6f3, exchange=GridDhtPartitionsExchangeFuture [topVer=AffinityTopologyVersion [topVer=1, minorTopVer=1], evt=DISCOVERY_CUSTOM_EVT, evtNode=TcpDiscoveryNode [id=275b6263-54eb-4e45-8ec4-6a6a0136e6f3, consistentId=0:0:0:0:0:0:0:1,10.242.1.26,127.0.0.1,192.168.0.8,2804:14c:33:8a15:7df8:71e2:7c45:dcfe,2804:14c:33:8a15:e0b4:3cd9:40a5:7e83:47500, addrs=ArrayList [0:0:0:0:0:0:0:1, 10.242.1.26, 127.0.0.1, 192.168.0.8, 2804:14c:33:8a15:7df8:71e2:7c45:dcfe, 2804:14c:33:8a15:e0b4:3cd9:40a5:7e83], sockAddrs=HashSet [/[2804:14c:33:8a15:7df8:71e2:7c45:dcfe]:47500, /[2804:14c:33:8a15:e0b4:3cd9:40a5:7e83]:47500, XPNOTE-20000915.xpcorretora.com.br/192.168.0.8:47500, /10.242.1.26:47500, /[0:0:0:0:0:0:0:1]:47500, /127.0.0.1:47500], discPort=47500, order=1, intOrder=1, lastExchangeTime=1599241935279, loc=true, ver=2.8.1#20200521-sha1:86422096, isClient=false], done=true, newCrdFut=null], topVer=AffinityTopologyVersion [topVer=1, minorTopVer=1]]
[14:52:17,908][INFO][exchange-worker-#43][GridDhtPartitionsExchangeFuture] Exchange timings [startVer=AffinityTopologyVersion [topVer=1, minorTopVer=1], resVer=AffinityTopologyVersion [topVer=1, minorTopVer=1], stage="Waiting in exchange queue" (0 ms), stage="Exchange parameters initialization" (1 ms), stage="Update caches registry" (2 ms), stage="Start caches" (40 ms), stage="Affinity initialization on cache group start" (16 ms), stage="Determine exchange type" (0 ms), stage="Preloading notification" (0 ms), stage="WAL history reservation" (0 ms), stage="Wait partitions release" (13 ms), stage="Wait partitions release latch" (2 ms), stage="Wait partitions release" (1 ms), stage="After states restored callback" (152 ms), stage="Waiting for all single messages" (0 ms), stage="Affinity recalculation (crd)" (0 ms), stage="Collect update counters and create affinity messages" (0 ms), stage="Validate partitions states" (3 ms), stage="Assign partitions states" (0 ms), stage="Apply update counters" (1 ms), stage="Full message preparing" (13 ms), stage="Full message sending" (0 ms), stage="Exchange done" (6 ms), stage="Total time" (250 ms)]
[14:52:17,908][INFO][exchange-worker-#43][GridDhtPartitionsExchangeFuture] Exchange longest local stages [startVer=AffinityTopologyVersion [topVer=1, minorTopVer=1], resVer=AffinityTopologyVersion [topVer=1, minorTopVer=1], stage="Affinity initialization on cache group start [grp=my-cache]" (15 ms) (parent=Affinity initialization on cache group start)]
[14:52:17,910][INFO][exchange-worker-#43][time] Finished exchange init [topVer=AffinityTopologyVersion [topVer=1, minorTopVer=1], crd=true]
[14:52:17,916][INFO][exchange-worker-#43][GridCachePartitionExchangeManager] Skipping rebalancing (nothing scheduled) [top=AffinityTopologyVersion [topVer=1, minorTopVer=1], force=false, evt=DISCOVERY_CUSTOM_EVT, node=275b6263-54eb-4e45-8ec4-6a6a0136e6f3]
[14:53:17,591][INFO][grid-timeout-worker-#23][IgniteKernal] 
Metrics for local node (to disable set 'metricsLogFrequency' to 0)
    ^-- Node [id=275b6263, uptime=00:01:00.000]
    ^-- H/N/C [hosts=1, nodes=1, CPUs=8]
    ^-- CPU [cur=-100%, avg=-96%, GC=0%]
    ^-- PageMemory [pages=2253]
    ^-- Heap [used=26MB, free=99,34%, comm=74MB]
    ^-- Off-heap [used=8MB, free=99,74%, comm=336MB]
    ^--   sysMemPlc region [used=0MB, free=99,21%, comm=40MB]
    ^--   default region [used=8MB, free=99,75%, comm=256MB]
    ^--   TxLog region [used=0MB, free=100%, comm=40MB]
    ^-- Outbound messages queue [size=0]
    ^-- Public thread pool [active=0, idle=0, qSize=0]
    ^-- System thread pool [active=0, idle=8, qSize=0]
[14:53:17,596][INFO][grid-timeout-worker-#23][IgniteKernal] FreeList [name=default##FreeList, buckets=256, dataPages=1, reusePages=0]
[14:53:27,245][INFO][ignite-update-notifier-timer][GridUpdateNotifier] Update status is not available.
[14:54:17,592][INFO][grid-timeout-worker-#23][IgniteKernal] 
Metrics for local node (to disable set 'metricsLogFrequency' to 0)
    ^-- Node [id=275b6263, uptime=00:02:00.006]
    ^-- H/N/C [hosts=1, nodes=1, CPUs=8]
    ^-- CPU [cur=-100%, avg=-98%, GC=0%]
    ^-- PageMemory [pages=2253]
    ^-- Heap [used=29MB, free=99,27%, comm=74MB]
    ^-- Off-heap [used=8MB, free=99,74%, comm=336MB]
    ^--   sysMemPlc region [used=0MB, free=99,21%, comm=40MB]
    ^--   default region [used=8MB, free=99,75%, comm=256MB]
    ^--   TxLog region [used=0MB, free=100%, comm=40MB]
    ^-- Outbound messages queue [size=0]
    ^-- Public thread pool [active=0, idle=0, qSize=0]
    ^-- System thread pool [active=0, idle=6, qSize=0]
[14:54:17,593][INFO][grid-timeout-worker-#23][IgniteKernal] FreeList [name=default##FreeList, buckets=256, dataPages=1, reusePages=0]
[14:55:17,600][INFO][grid-timeout-worker-#23][IgniteKernal] 
Metrics for local node (to disable set 'metricsLogFrequency' to 0)
    ^-- Node [id=275b6263, uptime=00:03:00.011]
    ^-- H/N/C [hosts=1, nodes=1, CPUs=8]
    ^-- CPU [cur=-100%, avg=-98,68%, GC=0%]
    ^-- PageMemory [pages=2253]
    ^-- Heap [used=33MB, free=99,17%, comm=74MB]
    ^-- Off-heap [used=8MB, free=99,74%, comm=336MB]
    ^--   sysMemPlc region [used=0MB, free=99,21%, comm=40MB]
    ^--   default region [used=8MB, free=99,75%, comm=256MB]
    ^--   TxLog region [used=0MB, free=100%, comm=40MB]
    ^-- Outbound messages queue [size=0]
    ^-- Public thread pool [active=0, idle=0, qSize=0]
    ^-- System thread pool [active=0, idle=6, qSize=0]
[14:55:17,601][INFO][grid-timeout-worker-#23][IgniteKernal] FreeList [name=default##FreeList, buckets=256, dataPages=1, reusePages=0]
[14:56:17,605][INFO][grid-timeout-worker-#23][IgniteKernal] 
Metrics for local node (to disable set 'metricsLogFrequency' to 0)
    ^-- Node [id=275b6263, uptime=00:04:00.017]
    ^-- H/N/C [hosts=1, nodes=1, CPUs=8]
    ^-- CPU [cur=-100%, avg=-99,02%, GC=0%]
    ^-- PageMemory [pages=2253]
    ^-- Heap [used=37MB, free=99,07%, comm=74MB]
    ^-- Off-heap [used=8MB, free=99,74%, comm=336MB]
    ^--   sysMemPlc region [used=0MB, free=99,21%, comm=40MB]
    ^--   default region [used=8MB, free=99,75%, comm=256MB]
    ^--   TxLog region [used=0MB, free=100%, comm=40MB]
    ^-- Outbound messages queue [size=0]
    ^-- Public thread pool [active=0, idle=0, qSize=0]
    ^-- System thread pool [active=0, idle=6, qSize=0]
[14:56:17,605][INFO][grid-timeout-worker-#23][IgniteKernal] FreeList [name=default##FreeList, buckets=256, dataPages=1, reusePages=0]
[14:57:17,616][INFO][grid-timeout-worker-#23][IgniteKernal] 
Metrics for local node (to disable set 'metricsLogFrequency' to 0)
    ^-- Node [id=275b6263, uptime=00:05:00.028]
    ^-- H/N/C [hosts=1, nodes=1, CPUs=8]
    ^-- CPU [cur=-100%, avg=-99,22%, GC=0%]
    ^-- PageMemory [pages=2253]
    ^-- Heap [used=41MB, free=98,97%, comm=74MB]
    ^-- Off-heap [used=8MB, free=99,74%, comm=336MB]
    ^--   sysMemPlc region [used=0MB, free=99,21%, comm=40MB]
    ^--   default region [used=8MB, free=99,75%, comm=256MB]
    ^--   TxLog region [used=0MB, free=100%, comm=40MB]
    ^-- Outbound messages queue [size=0]
    ^-- Public thread pool [active=0, idle=0, qSize=0]
    ^-- System thread pool [active=0, idle=6, qSize=0]
[14:57:17,616][INFO][grid-timeout-worker-#23][IgniteKernal] FreeList [name=default##FreeList, buckets=256, dataPages=1, reusePages=0]
[14:58:17,623][INFO][grid-timeout-worker-#23][IgniteKernal] 
Metrics for local node (to disable set 'metricsLogFrequency' to 0)
    ^-- Node [id=275b6263, uptime=00:06:00.031]
    ^-- H/N/C [hosts=1, nodes=1, CPUs=8]
    ^-- CPU [cur=-100%, avg=-99,35%, GC=0%]
    ^-- PageMemory [pages=2253]
    ^-- Heap [used=44MB, free=98,9%, comm=74MB]
    ^-- Off-heap [used=8MB, free=99,74%, comm=336MB]
    ^--   sysMemPlc region [used=0MB, free=99,21%, comm=40MB]
    ^--   default region [used=8MB, free=99,75%, comm=256MB]
    ^--   TxLog region [used=0MB, free=100%, comm=40MB]
    ^-- Outbound messages queue [size=0]
    ^-- Public thread pool [active=0, idle=0, qSize=0]
    ^-- System thread pool [active=0, idle=6, qSize=0]
[14:58:17,623][INFO][grid-timeout-worker-#23][IgniteKernal] FreeList [name=default##FreeList, buckets=256, dataPages=1, reusePages=0]
[14:59:17,626][INFO][grid-timeout-worker-#23][IgniteKernal] 
Metrics for local node (to disable set 'metricsLogFrequency' to 0)
    ^-- Node [id=275b6263, uptime=00:07:00.036]
    ^-- H/N/C [hosts=1, nodes=1, CPUs=8]
    ^-- CPU [cur=-100%, avg=-99,44%, GC=0%]
    ^-- PageMemory [pages=2253]
    ^-- Heap [used=48MB, free=98,8%, comm=74MB]
    ^-- Off-heap [used=8MB, free=99,74%, comm=336MB]
    ^--   sysMemPlc region [used=0MB, free=99,21%, comm=40MB]
    ^--   default region [used=8MB, free=99,75%, comm=256MB]
    ^--   TxLog region [used=0MB, free=100%, comm=40MB]
    ^-- Outbound messages queue [size=0]
    ^-- Public thread pool [active=0, idle=0, qSize=0]
    ^-- System thread pool [active=0, idle=6, qSize=0]
[14:59:17,627][INFO][grid-timeout-worker-#23][IgniteKernal] FreeList [name=default##FreeList, buckets=256, dataPages=1, reusePages=0]
