[15:10:49,485][WARNING][main][G] Ignite work directory is not provided, automatically resolved to: C:\Users\u002910\source\repos\ApacheIgniteExample\ApacheIgniteExample\ignite\work
[15:10:49,817][INFO][main][IgniteKernal] 

>>>    __________  ________________  
>>>   /  _/ ___/ |/ /  _/_  __/ __/  
>>>  _/ // (7 7    // /  / / / _/    
>>> /___/\___/_/|_/___/ /_/ /___/   
>>> 
>>> ver. 2.8.1#20200521-sha1:86422096
>>> 2020 Copyright(C) Apache Software Foundation
>>> 
>>> Ignite documentation: http://ignite.apache.org

[15:10:49,818][INFO][main][IgniteKernal] Config URL: n/a
[15:10:49,854][INFO][main][IgniteKernal] IgniteConfiguration [igniteInstanceName=null, pubPoolSize=8, svcPoolSize=8, callbackPoolSize=8, stripedPoolSize=8, sysPoolSize=8, mgmtPoolSize=4, igfsPoolSize=8, dataStreamerPoolSize=8, utilityCachePoolSize=8, utilityCacheKeepAliveTime=60000, p2pPoolSize=2, qryPoolSize=8, sqlQryHistSize=1000, dfltQryTimeout=0, igniteHome=null, igniteWorkDir=C:\Users\u002910\source\repos\ApacheIgniteExample\ApacheIgniteExample\ignite\work, mbeanSrv=com.sun.jmx.mbeanserver.JmxMBeanServer@5be6e01c, nodeId=ff04571b-45f6-4d58-9e58-b534e428be08, marsh=BinaryMarshaller [], marshLocJobs=false, daemon=false, p2pEnabled=false, netTimeout=5000, netCompressionLevel=1, sndRetryDelay=1000, sndRetryCnt=3, metricsHistSize=10000, metricsUpdateFreq=2000, metricsExpTime=9223372036854775807, discoSpi=TcpDiscoverySpi [addrRslvr=null, sockTimeout=300, ackTimeout=5000, marsh=null, reconCnt=10, reconDelay=2000, maxAckTimeout=600000, soLinger=5, forceSrvMode=false, clientReconnectDisabled=false, internalLsnr=null, skipAddrsRandomization=false], segPlc=STOP, segResolveAttempts=2, waitForSegOnStart=true, allResolversPassReq=true, segChkFreq=10000, commSpi=TcpCommunicationSpi [connectGate=null, connPlc=org.apache.ignite.spi.communication.tcp.TcpCommunicationSpi$FirstConnectionPolicy@1ed6388a, chConnPlc=null, enableForcibleNodeKill=false, enableTroubleshootingLog=false, locAddr=null, locHost=null, locPort=47100, locPortRange=100, shmemPort=-1, directBuf=true, directSndBuf=false, idleConnTimeout=600000, connTimeout=5000, maxConnTimeout=600000, reconCnt=10, sockSndBuf=32768, sockRcvBuf=32768, msgQueueLimit=0, slowClientQueueLimit=0, nioSrvr=null, shmemSrv=null, usePairedConnections=false, connectionsPerNode=1, tcpNoDelay=true, filterReachableAddresses=false, ackSndThreshold=32, unackedMsgsBufSize=0, sockWriteTimeout=2000, boundTcpPort=-1, boundTcpShmemPort=-1, selectorsCnt=4, selectorSpins=0, addrRslvr=null, ctxInitLatch=java.util.concurrent.CountDownLatch@5a45133e[Count = 1], stopping=false, metricsLsnr=null], evtSpi=org.apache.ignite.spi.eventstorage.NoopEventStorageSpi@534a5a98, colSpi=NoopCollisionSpi [], deploySpi=LocalDeploymentSpi [], indexingSpi=org.apache.ignite.spi.indexing.noop.NoopIndexingSpi@5e600dd5, addrRslvr=null, encryptionSpi=org.apache.ignite.spi.encryption.noop.NoopEncryptionSpi@576d5deb, clientMode=false, rebalanceThreadPoolSize=4, rebalanceTimeout=10000, rebalanceBatchesPrefetchCnt=3, rebalanceThrottle=0, rebalanceBatchSize=524288, txCfg=TransactionConfiguration [txSerEnabled=false, dfltIsolation=REPEATABLE_READ, dfltConcurrency=PESSIMISTIC, dfltTxTimeout=0, txTimeoutOnPartitionMapExchange=0, deadlockTimeout=10000, pessimisticTxLogSize=0, pessimisticTxLogLinger=10000, tmLookupClsName=null, txManagerFactory=null, useJtaSync=false], cacheSanityCheckEnabled=true, discoStartupDelay=60000, deployMode=SHARED, p2pMissedCacheSize=100, locHost=null, timeSrvPortBase=31100, timeSrvPortRange=100, failureDetectionTimeout=10000, sysWorkerBlockedTimeout=null, clientFailureDetectionTimeout=30000, metricsLogFreq=60000, hadoopCfg=null, connectorCfg=ConnectorConfiguration [jettyPath=null, host=null, port=11211, noDelay=true, directBuf=false, sndBufSize=32768, rcvBufSize=32768, idleQryCurTimeout=600000, idleQryCurCheckFreq=60000, sndQueueLimit=0, selectorCnt=4, idleTimeout=7000, sslEnabled=false, sslClientAuth=false, sslCtxFactory=null, sslFactory=null, portRange=100, threadPoolSize=8, msgInterceptor=null], odbcCfg=null, warmupClos=null, atomicCfg=AtomicConfiguration [seqReserveSize=1000, cacheMode=PARTITIONED, backups=1, aff=null, grpName=null], classLdr=null, sslCtxFactory=null, platformCfg=PlatformDotNetConfiguration [binaryCfg=null], binaryCfg=null, memCfg=null, pstCfg=null, dsCfg=DataStorageConfiguration [sysRegionInitSize=41943040, sysRegionMaxSize=104857600, pageSize=0, concLvl=0, dfltDataRegConf=DataRegionConfiguration [name=default, maxSize=3397063475, initSize=268435456, swapPath=null, pageEvictionMode=DISABLED, evictionThreshold=0.9, emptyPagesPoolSize=100, metricsEnabled=false, metricsSubIntervalCount=5, metricsRateTimeInterval=60000, persistenceEnabled=false, checkpointPageBufSize=0, lazyMemoryAllocation=true], dataRegions=null, storagePath=null, checkpointFreq=180000, lockWaitTime=10000, checkpointThreads=4, checkpointWriteOrder=SEQUENTIAL, walHistSize=20, maxWalArchiveSize=1073741824, walSegments=10, walSegmentSize=67108864, walPath=db/wal, walArchivePath=db/wal/archive, metricsEnabled=false, walMode=LOG_ONLY, walTlbSize=131072, walBuffSize=0, walFlushFreq=2000, walFsyncDelay=1000, walRecordIterBuffSize=67108864, alwaysWriteFullPages=false, fileIOFactory=org.apache.ignite.internal.processors.cache.persistence.file.AsyncFileIOFactory@41a0aa7d, metricsSubIntervalCnt=5, metricsRateTimeInterval=60000, walAutoArchiveAfterInactivity=-1, writeThrottlingEnabled=false, walCompactionEnabled=false, walCompactionLevel=1, checkpointReadLockTimeout=null, walPageCompression=DISABLED, walPageCompressionLevel=null], activeOnStart=true, autoActivation=true, longQryWarnTimeout=3000, sqlConnCfg=null, cliConnCfg=ClientConnectorConfiguration [host=null, port=10800, portRange=100, sockSndBufSize=0, sockRcvBufSize=0, tcpNoDelay=true, maxOpenCursorsPerConn=128, threadPoolSize=8, idleTimeout=0, handshakeTimeout=10000, jdbcEnabled=true, odbcEnabled=true, thinCliEnabled=true, sslEnabled=false, useIgniteSslCtxFactory=true, sslClientAuth=false, sslCtxFactory=null, thinCliCfg=ThinClientConfiguration [maxActiveTxPerConn=100]], mvccVacuumThreadCnt=2, mvccVacuumFreq=5000, authEnabled=false, failureHnd=null, commFailureRslvr=null]
[15:10:49,856][INFO][main][IgniteKernal] Daemon mode: off
[15:10:49,857][INFO][main][IgniteKernal] OS: Windows 10 10.0 amd64
[15:10:49,857][INFO][main][IgniteKernal] OS user: U002910
[15:10:49,874][INFO][main][IgniteKernal] PID: 20776
[15:10:49,875][INFO][main][IgniteKernal] Language runtime: Java Platform API Specification ver. 14
[15:10:49,875][INFO][main][IgniteKernal] VM information: Java(TM) SE Runtime Environment 14.0.1+7 Oracle Corporation Java HotSpot(TM) 64-Bit Server VM 14.0.1+7
[15:10:49,876][INFO][main][IgniteKernal] VM total memory: 1.0GB
[15:10:49,877][INFO][main][IgniteKernal] Remote Management [restart: off, REST: on, JMX (remote: off)]
[15:10:49,878][INFO][main][IgniteKernal] Logger: JavaLogger [quiet=false, config=null]
[15:10:49,878][INFO][main][IgniteKernal] IGNITE_HOME=null
[15:10:49,879][INFO][main][IgniteKernal] VM arguments: [-Xms1024m, -Xmx1024m, -Dfile.encoding=UTF-8, -Djava.util.logging.config.file=C:\Users\u002910\source\repos\ApacheIgniteExample\ApacheIgniteExample\bin\Debug\netcoreapp3.1\config\java.util.logging.properties, --add-exports=java.base/jdk.internal.misc=ALL-UNNAMED, --add-exports=java.base/sun.nio.ch=ALL-UNNAMED, --add-exports=java.management/com.sun.jmx.mbeanserver=ALL-UNNAMED, --add-exports=jdk.internal.jvmstat/sun.jvmstat.monitor=ALL-UNNAMED, --illegal-access=permit]
[15:10:49,879][INFO][main][IgniteKernal] System cache's DataRegion size is configured to 40 MB. Use DataStorageConfiguration.systemRegionInitialSize property to change the setting.
[15:10:49,880][INFO][main][IgniteKernal] Configured caches [in 'sysMemPlc' dataRegion: ['ignite-sys-cache'], in 'default' dataRegion: ['orders']]
[15:10:49,880][WARNING][main][IgniteKernal] Please set system property '-Djava.net.preferIPv4Stack=true' to avoid possible problems in mixed environments.
[15:10:49,885][WARNING][pub-#19][GridDiagnostic] This operating system has been tested less rigorously: Windows 10 10.0 amd64. Our team will appreciate the feedback if you experience any problems running ignite in this environment.
[15:10:50,048][INFO][main][IgnitePluginProcessor] Configured plugins:
[15:10:50,049][INFO][main][IgnitePluginProcessor]   ^-- None
[15:10:50,050][INFO][main][IgnitePluginProcessor] 
[15:10:50,055][INFO][main][FailureProcessor] Configured failure handler: [hnd=StopNodeOrHaltFailureHandler [tryStop=false, timeout=0, super=AbstractFailureHandler [ignoredFailureTypes=UnmodifiableSet [SYSTEM_WORKER_BLOCKED, SYSTEM_CRITICAL_OPERATION_TIMEOUT]]]]
[15:10:50,618][INFO][main][TcpCommunicationSpi] Successfully bound communication NIO server to TCP port [port=47100, locHost=0.0.0.0/0.0.0.0, selectorsCnt=4, selectorSpins=0, pairedConn=false]
[15:10:50,736][WARNING][main][TcpCommunicationSpi] Message queue limit is set to 0 which may lead to potential OOMEs when running cache operations in FULL_ASYNC or PRIMARY_SYNC modes due to message queues growth on sender and receiver sides.
[15:10:50,764][WARNING][main][NoopCheckpointSpi] Checkpoints are disabled (to enable configure any GridCheckpointSpi implementation)
[15:10:50,842][WARNING][main][GridCollisionManager] Collision resolution is disabled (all jobs will be activated upon arrival).
[15:10:50,853][INFO][main][IgniteKernal] Security status [authentication=off, tls/ssl=off]
[15:10:51,210][INFO][main][TcpDiscoverySpi] Successfully bound to TCP port [port=47500, localHost=0.0.0.0/0.0.0.0, locNodeId=ff04571b-45f6-4d58-9e58-b534e428be08]
[15:10:51,256][WARNING][main][IgniteCacheDatabaseSharedManager] DataRegionConfiguration.maxWalArchiveSize instead DataRegionConfiguration.walHistorySize would be used for removing old archive wal files
[15:10:51,287][INFO][main][IgniteCacheDatabaseSharedManager] Configured data regions initialized successfully [total=3]
[15:10:51,306][INFO][main][PartitionsEvictManager] Evict partition permits=2
[15:10:51,485][WARNING][main][IgniteH2Indexing] Serialization of Java objects in H2 was enabled.
[15:10:51,992][INFO][main][ClientListenerProcessor] Client connector processor has started on TCP port 10800
[15:10:52,082][INFO][main][GridTcpRestProtocol] Command protocol successfully started [name=TCP binary, host=0.0.0.0/0.0.0.0, port=11211]
[15:10:52,120][WARNING][main][PlatformProcessorImpl] Marshaller is automatically set to o.a.i.i.binary.BinaryMarshaller (other nodes must have the same marshaller type).
[15:10:54,079][INFO][main][IgniteKernal] Non-loopback local IPs: 10.242.1.26, 192.168.0.8, 2804:14c:33:8a15:65eb:5124:b041:d6df, 2804:14c:33:8a15:e0b4:3cd9:40a5:7e83, fe80:0:0:0:3060:14bd:840f:5058%wlan0, fe80:0:0:0:a01f:a1d7:a05f:896%eth6, fe80:0:0:0:a5df:da4a:b94b:f121%eth8, fe80:0:0:0:d857:f6a9:1019:ddc%wlan1, fe80:0:0:0:e0b4:3cd9:40a5:7e83%wlan2
[15:10:54,079][INFO][main][IgniteKernal] Enabled local MACs: 025041000001, 0C29EFFE1D6C, 0C29EFFE1D6D, 5CCD5B4684F8, 5CCD5B4684F9, 5ECD5B4684F8
[15:10:54,119][INFO][main][TcpDiscoverySpi] Connection check threshold is calculated: 300
