[14:34:02,675][WARNING][main][G] Ignite work directory is not provided, automatically resolved to: C:\Users\u002910\source\repos\ApacheIgniteExample\ApacheIgniteExample\ignite\work
[14:34:03,091][INFO][main][IgniteKernal] 

>>>    __________  ________________  
>>>   /  _/ ___/ |/ /  _/_  __/ __/  
>>>  _/ // (7 7    // /  / / / _/    
>>> /___/\___/_/|_/___/ /_/ /___/   
>>> 
>>> ver. 2.8.1#20200521-sha1:86422096
>>> 2020 Copyright(C) Apache Software Foundation
>>> 
>>> Ignite documentation: http://ignite.apache.org

[14:34:03,092][INFO][main][IgniteKernal] Config URL: n/a
[14:34:03,142][INFO][main][IgniteKernal] IgniteConfiguration [igniteInstanceName=null, pubPoolSize=8, svcPoolSize=8, callbackPoolSize=8, stripedPoolSize=8, sysPoolSize=8, mgmtPoolSize=4, igfsPoolSize=8, dataStreamerPoolSize=8, utilityCachePoolSize=8, utilityCacheKeepAliveTime=60000, p2pPoolSize=2, qryPoolSize=8, sqlQryHistSize=1000, dfltQryTimeout=0, igniteHome=null, igniteWorkDir=C:\Users\u002910\source\repos\ApacheIgniteExample\ApacheIgniteExample\ignite\work, mbeanSrv=com.sun.jmx.mbeanserver.JmxMBeanServer@1a04f701, nodeId=f26a23cb-a038-4d6a-be1e-9f866c87dc44, marsh=BinaryMarshaller [], marshLocJobs=false, daemon=false, p2pEnabled=false, netTimeout=5000, netCompressionLevel=1, sndRetryDelay=1000, sndRetryCnt=3, metricsHistSize=10000, metricsUpdateFreq=2000, metricsExpTime=9223372036854775807, discoSpi=TcpDiscoverySpi [addrRslvr=null, sockTimeout=0, ackTimeout=0, marsh=null, reconCnt=10, reconDelay=2000, maxAckTimeout=600000, soLinger=5, forceSrvMode=false, clientReconnectDisabled=false, internalLsnr=null, skipAddrsRandomization=false], segPlc=STOP, segResolveAttempts=2, waitForSegOnStart=true, allResolversPassReq=true, segChkFreq=10000, commSpi=TcpCommunicationSpi [connectGate=null, connPlc=org.apache.ignite.spi.communication.tcp.TcpCommunicationSpi$FirstConnectionPolicy@12aba8be, chConnPlc=null, enableForcibleNodeKill=false, enableTroubleshootingLog=false, locAddr=null, locHost=null, locPort=47100, locPortRange=100, shmemPort=-1, directBuf=true, directSndBuf=false, idleConnTimeout=600000, connTimeout=5000, maxConnTimeout=600000, reconCnt=10, sockSndBuf=32768, sockRcvBuf=32768, msgQueueLimit=0, slowClientQueueLimit=0, nioSrvr=null, shmemSrv=null, usePairedConnections=false, connectionsPerNode=1, tcpNoDelay=true, filterReachableAddresses=false, ackSndThreshold=32, unackedMsgsBufSize=0, sockWriteTimeout=2000, boundTcpPort=-1, boundTcpShmemPort=-1, selectorsCnt=4, selectorSpins=0, addrRslvr=null, ctxInitLatch=java.util.concurrent.CountDownLatch@290222c1[Count = 1], stopping=false, metricsLsnr=null], evtSpi=org.apache.ignite.spi.eventstorage.NoopEventStorageSpi@67f639d3, colSpi=NoopCollisionSpi [], deploySpi=LocalDeploymentSpi [], indexingSpi=org.apache.ignite.spi.indexing.noop.NoopIndexingSpi@82de64a, addrRslvr=null, encryptionSpi=org.apache.ignite.spi.encryption.noop.NoopEncryptionSpi@659499f1, clientMode=false, rebalanceThreadPoolSize=4, rebalanceTimeout=10000, rebalanceBatchesPrefetchCnt=3, rebalanceThrottle=0, rebalanceBatchSize=524288, txCfg=TransactionConfiguration [txSerEnabled=false, dfltIsolation=REPEATABLE_READ, dfltConcurrency=PESSIMISTIC, dfltTxTimeout=0, txTimeoutOnPartitionMapExchange=0, deadlockTimeout=10000, pessimisticTxLogSize=0, pessimisticTxLogLinger=10000, tmLookupClsName=null, txManagerFactory=null, useJtaSync=false], cacheSanityCheckEnabled=true, discoStartupDelay=60000, deployMode=SHARED, p2pMissedCacheSize=100, locHost=null, timeSrvPortBase=31100, timeSrvPortRange=100, failureDetectionTimeout=10000, sysWorkerBlockedTimeout=null, clientFailureDetectionTimeout=30000, metricsLogFreq=60000, hadoopCfg=null, connectorCfg=ConnectorConfiguration [jettyPath=null, host=null, port=11211, noDelay=true, directBuf=false, sndBufSize=32768, rcvBufSize=32768, idleQryCurTimeout=600000, idleQryCurCheckFreq=60000, sndQueueLimit=0, selectorCnt=4, idleTimeout=7000, sslEnabled=false, sslClientAuth=false, sslCtxFactory=null, sslFactory=null, portRange=100, threadPoolSize=8, msgInterceptor=null], odbcCfg=null, warmupClos=null, atomicCfg=AtomicConfiguration [seqReserveSize=1000, cacheMode=PARTITIONED, backups=1, aff=null, grpName=null], classLdr=null, sslCtxFactory=null, platformCfg=PlatformDotNetConfiguration [binaryCfg=null], binaryCfg=null, memCfg=null, pstCfg=null, dsCfg=DataStorageConfiguration [sysRegionInitSize=41943040, sysRegionMaxSize=104857600, pageSize=0, concLvl=0, dfltDataRegConf=DataRegionConfiguration [name=default, maxSize=3397063475, initSize=268435456, swapPath=null, pageEvictionMode=DISABLED, evictionThreshold=0.9, emptyPagesPoolSize=100, metricsEnabled=false, metricsSubIntervalCount=5, metricsRateTimeInterval=60000, persistenceEnabled=false, checkpointPageBufSize=0, lazyMemoryAllocation=true], dataRegions=null, storagePath=null, checkpointFreq=180000, lockWaitTime=10000, checkpointThreads=4, checkpointWriteOrder=SEQUENTIAL, walHistSize=20, maxWalArchiveSize=1073741824, walSegments=10, walSegmentSize=67108864, walPath=db/wal, walArchivePath=db/wal/archive, metricsEnabled=false, walMode=LOG_ONLY, walTlbSize=131072, walBuffSize=0, walFlushFreq=2000, walFsyncDelay=1000, walRecordIterBuffSize=67108864, alwaysWriteFullPages=false, fileIOFactory=org.apache.ignite.internal.processors.cache.persistence.file.AsyncFileIOFactory@7d4f9aae, metricsSubIntervalCnt=5, metricsRateTimeInterval=60000, walAutoArchiveAfterInactivity=-1, writeThrottlingEnabled=false, walCompactionEnabled=false, walCompactionLevel=1, checkpointReadLockTimeout=null, walPageCompression=DISABLED, walPageCompressionLevel=null], activeOnStart=true, autoActivation=true, longQryWarnTimeout=3000, sqlConnCfg=null, cliConnCfg=ClientConnectorConfiguration [host=null, port=10800, portRange=100, sockSndBufSize=0, sockRcvBufSize=0, tcpNoDelay=true, maxOpenCursorsPerConn=128, threadPoolSize=8, idleTimeout=0, handshakeTimeout=10000, jdbcEnabled=true, odbcEnabled=true, thinCliEnabled=true, sslEnabled=false, useIgniteSslCtxFactory=true, sslClientAuth=false, sslCtxFactory=null, thinCliCfg=ThinClientConfiguration [maxActiveTxPerConn=100]], mvccVacuumThreadCnt=2, mvccVacuumFreq=5000, authEnabled=false, failureHnd=null, commFailureRslvr=null]
[14:34:03,144][INFO][main][IgniteKernal] Daemon mode: off
[14:34:03,145][INFO][main][IgniteKernal] OS: Windows 10 10.0 amd64
[14:34:03,145][INFO][main][IgniteKernal] OS user: U002910
[14:34:03,164][INFO][main][IgniteKernal] PID: 21084
[14:34:03,165][INFO][main][IgniteKernal] Language runtime: Java Platform API Specification ver. 14
[14:34:03,166][INFO][main][IgniteKernal] VM information: Java(TM) SE Runtime Environment 14.0.1+7 Oracle Corporation Java HotSpot(TM) 64-Bit Server VM 14.0.1+7
[14:34:03,166][INFO][main][IgniteKernal] VM total memory: 4.0GB
[14:34:03,167][INFO][main][IgniteKernal] Remote Management [restart: off, REST: on, JMX (remote: off)]
[14:34:03,168][INFO][main][IgniteKernal] Logger: JavaLogger [quiet=false, config=null]
[14:34:03,171][INFO][main][IgniteKernal] IGNITE_HOME=null
[14:34:03,172][INFO][main][IgniteKernal] VM arguments: [-Dfile.encoding=UTF-8, -Djava.util.logging.config.file=C:\Users\u002910\source\repos\ApacheIgniteExample\ApacheIgniteExample\bin\Debug\netcoreapp3.1\config\java.util.logging.properties, --add-exports=java.base/jdk.internal.misc=ALL-UNNAMED, --add-exports=java.base/sun.nio.ch=ALL-UNNAMED, --add-exports=java.management/com.sun.jmx.mbeanserver=ALL-UNNAMED, --add-exports=jdk.internal.jvmstat/sun.jvmstat.monitor=ALL-UNNAMED, --illegal-access=permit]
[14:34:03,172][INFO][main][IgniteKernal] System cache's DataRegion size is configured to 40 MB. Use DataStorageConfiguration.systemRegionInitialSize property to change the setting.
[14:34:03,173][INFO][main][IgniteKernal] Configured caches [in 'sysMemPlc' dataRegion: ['ignite-sys-cache']]
[14:34:03,173][WARNING][main][IgniteKernal] Please set system property '-Djava.net.preferIPv4Stack=true' to avoid possible problems in mixed environments.
[14:34:03,178][WARNING][pub-#19][GridDiagnostic] This operating system has been tested less rigorously: Windows 10 10.0 amd64. Our team will appreciate the feedback if you experience any problems running ignite in this environment.
[14:34:03,189][WARNING][pub-#22][GridDiagnostic] Initial heap size is 254MB (should be no less than 512MB, use -Xms512m -Xmx512m).
[14:34:03,421][INFO][main][IgnitePluginProcessor] Configured plugins:
[14:34:03,423][INFO][main][IgnitePluginProcessor]   ^-- None
[14:34:03,423][INFO][main][IgnitePluginProcessor] 
[14:34:03,427][INFO][main][FailureProcessor] Configured failure handler: [hnd=StopNodeOrHaltFailureHandler [tryStop=false, timeout=0, super=AbstractFailureHandler [ignoredFailureTypes=UnmodifiableSet [SYSTEM_WORKER_BLOCKED, SYSTEM_CRITICAL_OPERATION_TIMEOUT]]]]
[14:34:03,932][INFO][main][TcpCommunicationSpi] Successfully bound communication NIO server to TCP port [port=47100, locHost=0.0.0.0/0.0.0.0, selectorsCnt=4, selectorSpins=0, pairedConn=false]
[14:34:04,042][WARNING][main][TcpCommunicationSpi] Message queue limit is set to 0 which may lead to potential OOMEs when running cache operations in FULL_ASYNC or PRIMARY_SYNC modes due to message queues growth on sender and receiver sides.
[14:34:04,069][WARNING][main][NoopCheckpointSpi] Checkpoints are disabled (to enable configure any GridCheckpointSpi implementation)
[14:34:04,109][WARNING][main][GridCollisionManager] Collision resolution is disabled (all jobs will be activated upon arrival).
[14:34:04,116][INFO][main][IgniteKernal] Security status [authentication=off, tls/ssl=off]
[14:34:04,408][INFO][main][TcpDiscoverySpi] Successfully bound to TCP port [port=47500, localHost=0.0.0.0/0.0.0.0, locNodeId=f26a23cb-a038-4d6a-be1e-9f866c87dc44]
[14:34:04,455][WARNING][main][IgniteCacheDatabaseSharedManager] DataRegionConfiguration.maxWalArchiveSize instead DataRegionConfiguration.walHistorySize would be used for removing old archive wal files
[14:34:04,475][INFO][main][IgniteCacheDatabaseSharedManager] Configured data regions initialized successfully [total=3]
[14:34:04,494][INFO][main][PartitionsEvictManager] Evict partition permits=2
[14:34:04,580][WARNING][main][IgniteH2Indexing] Serialization of Java objects in H2 was enabled.
[14:34:04,919][INFO][main][ClientListenerProcessor] Client connector processor has started on TCP port 10800
[14:34:05,005][INFO][main][GridTcpRestProtocol] Command protocol successfully started [name=TCP binary, host=0.0.0.0/0.0.0.0, port=11211]
[14:34:05,045][WARNING][main][PlatformProcessorImpl] Marshaller is automatically set to o.a.i.i.binary.BinaryMarshaller (other nodes must have the same marshaller type).
[14:34:06,792][INFO][main][IgniteKernal] Non-loopback local IPs: 10.242.1.26, 192.168.0.8, 2804:14c:33:8a15:7df8:71e2:7c45:dcfe, 2804:14c:33:8a15:e0b4:3cd9:40a5:7e83, fe80:0:0:0:3060:14bd:840f:5058%wlan0, fe80:0:0:0:a01f:a1d7:a05f:896%eth6, fe80:0:0:0:a5df:da4a:b94b:f121%eth8, fe80:0:0:0:d857:f6a9:1019:ddc%wlan1, fe80:0:0:0:e0b4:3cd9:40a5:7e83%wlan2
[14:34:06,793][INFO][main][IgniteKernal] Enabled local MACs: 025041000001, 0C29EFFE1D6C, 0C29EFFE1D6D, 5CCD5B4684F8, 5CCD5B4684F9, 5ECD5B4684F8
[14:34:06,824][INFO][main][TcpDiscoverySpi] Connection check threshold is calculated: 10000
[14:34:06,828][WARNING][main][TcpDiscoveryMulticastIpFinder] TcpDiscoveryMulticastIpFinder has no pre-configured addresses (it is recommended in production to specify at least one address in TcpDiscoveryMulticastIpFinder.getAddresses() configuration property)
[14:34:08,793][INFO][disco-notifier-worker-#41][GridClusterStateProcessor] Received activate request with BaselineTopology[id=0]
[14:34:08,816][INFO][disco-notifier-worker-#41][GridClusterStateProcessor] Started state transition: true
[14:34:08,820][INFO][disco-notifier-worker-#41][GridClusterStateProcessor] Received state change finish message: true
[14:34:08,823][INFO][disco-notifier-worker-#41][MvccProcessorImpl] Assigned mvcc coordinator [crd=MvccCoordinator [topVer=AffinityTopologyVersion [topVer=1, minorTopVer=0], nodeId=f26a23cb-a038-4d6a-be1e-9f866c87dc44, ver=1599240848775, local=true, initialized=false]]
[14:34:08,902][INFO][disco-notifier-worker-#41][DistributedBaselineConfiguration] Baseline parameter 'baselineAutoAdjustEnabled' was changed from 'null' to 'true'
[14:34:08,911][INFO][disco-notifier-worker-#41][DistributedBaselineConfiguration] Baseline parameter 'baselineAutoAdjustTimeout' was changed from 'null' to '0'
[14:34:08,915][INFO][disco-notifier-worker-#41][IgniteH2Indexing] SQL parameter 'sql.disabledFunctions' was changed from 'null' to '[FILE_WRITE, CANCEL_SESSION, MEMORY_USED, CSVREAD, LINK_SCHEMA, MEMORY_FREE, FILE_READ, CSVWRITE, SESSION_ID, LOCK_MODE]'
[14:34:09,017][INFO][exchange-worker-#43][time] Started exchange init [topVer=AffinityTopologyVersion [topVer=1, minorTopVer=0], crd=true, evt=NODE_JOINED, evtNode=f26a23cb-a038-4d6a-be1e-9f866c87dc44, customEvt=null, allowMerge=false, exchangeFreeSwitch=false]
[14:34:09,062][INFO][exchange-worker-#43][IgniteCacheDatabaseSharedManager] Configured data regions started successfully [total=3]
[14:34:09,063][INFO][exchange-worker-#43][msg] Components activation performed in 34 ms.
[14:34:09,299][INFO][exchange-worker-#43][GridCacheProcessor] Started cache [name=ignite-sys-cache, id=-2100569601, dataRegionName=sysMemPlc, mode=REPLICATED, atomicity=TRANSACTIONAL, backups=2147483647, mvcc=false]
[14:34:09,302][INFO][exchange-worker-#43][GridCacheProcessor] Starting caches on local join performed in 230 ms.
[14:34:09,320][INFO][exchange-worker-#43][GridDhtPartitionsExchangeFuture] Skipped waiting for partitions release future (local node is joining) [topVer=AffinityTopologyVersion [topVer=1, minorTopVer=0]]
[14:34:09,446][INFO][exchange-worker-#43][GridDhtPartitionsExchangeFuture] finishExchangeOnCoordinator [topVer=AffinityTopologyVersion [topVer=1, minorTopVer=0], resVer=AffinityTopologyVersion [topVer=1, minorTopVer=0]]
[14:34:09,480][INFO][exchange-worker-#43][GridDhtPartitionsExchangeFuture] Finish exchange future [startVer=AffinityTopologyVersion [topVer=1, minorTopVer=0], resVer=AffinityTopologyVersion [topVer=1, minorTopVer=0], err=null, rebalanced=true, wasRebalanced=false]
[14:34:09,498][INFO][exchange-worker-#43][GridCacheProcessor] Finish proxy initialization, cacheName=ignite-sys-cache, localNodeId=f26a23cb-a038-4d6a-be1e-9f866c87dc44
[14:34:09,502][INFO][exchange-worker-#43][GridDhtPartitionsExchangeFuture] Completed partition exchange [localNode=f26a23cb-a038-4d6a-be1e-9f866c87dc44, exchange=GridDhtPartitionsExchangeFuture [topVer=AffinityTopologyVersion [topVer=1, minorTopVer=0], evt=NODE_JOINED, evtNode=TcpDiscoveryNode [id=f26a23cb-a038-4d6a-be1e-9f866c87dc44, consistentId=0:0:0:0:0:0:0:1,10.242.1.26,127.0.0.1,192.168.0.8,2804:14c:33:8a15:7df8:71e2:7c45:dcfe,2804:14c:33:8a15:e0b4:3cd9:40a5:7e83:47500, addrs=ArrayList [0:0:0:0:0:0:0:1, 10.242.1.26, 127.0.0.1, 192.168.0.8, 2804:14c:33:8a15:7df8:71e2:7c45:dcfe, 2804:14c:33:8a15:e0b4:3cd9:40a5:7e83], sockAddrs=HashSet [/[2804:14c:33:8a15:7df8:71e2:7c45:dcfe]:47500, /[2804:14c:33:8a15:e0b4:3cd9:40a5:7e83]:47500, host.docker.internal/192.168.0.8:47500, /10.242.1.26:47500, /[0:0:0:0:0:0:0:1]:47500, /127.0.0.1:47500], discPort=47500, order=1, intOrder=1, lastExchangeTime=1599240846818, loc=true, ver=2.8.1#20200521-sha1:86422096, isClient=false], done=true, newCrdFut=null], topVer=AffinityTopologyVersion [topVer=1, minorTopVer=0]]
[14:34:09,507][INFO][exchange-worker-#43][GridDhtPartitionsExchangeFuture] Exchange timings [startVer=AffinityTopologyVersion [topVer=1, minorTopVer=0], resVer=AffinityTopologyVersion [topVer=1, minorTopVer=0], stage="Waiting in exchange queue" (142 ms), stage="Exchange parameters initialization" (14 ms), stage="Components activation" (36 ms), stage="Determine exchange type" (254 ms), stage="Preloading notification" (1 ms), stage="WAL history reservation" (0 ms), stage="After states restored callback" (126 ms), stage="Waiting for all single messages" (0 ms), stage="Affinity recalculation (crd)" (0 ms), stage="Collect update counters and create affinity messages" (1 ms), stage="Validate partitions states" (6 ms), stage="Assign partitions states" (2 ms), stage="Apply update counters" (0 ms), stage="Full message preparing" (20 ms), stage="Full message sending" (0 ms), stage="State finish message sending" (0 ms), stage="Exchange done" (25 ms), stage="Total time" (627 ms)]
[14:34:09,511][INFO][exchange-worker-#43][GridDhtPartitionsExchangeFuture] Exchange longest local stages [startVer=AffinityTopologyVersion [topVer=1, minorTopVer=0], resVer=AffinityTopologyVersion [topVer=1, minorTopVer=0], stage="Coordinator affinity cache init [grp=ignite-sys-cache]" (244 ms) (parent=Determine exchange type), stage="First node affinity initialization (node join) [grp=ignite-sys-cache]" (5 ms) (parent=Determine exchange type)]
[14:34:09,516][INFO][exchange-worker-#43][time] Finished exchange init [topVer=AffinityTopologyVersion [topVer=1, minorTopVer=0], crd=true]
[14:34:09,524][INFO][exchange-worker-#43][GridCachePartitionExchangeManager] Skipping rebalancing (nothing scheduled) [top=AffinityTopologyVersion [topVer=1, minorTopVer=0], force=false, evt=NODE_JOINED, node=f26a23cb-a038-4d6a-be1e-9f866c87dc44]
[14:34:09,651][INFO][main][IgniteKernal] Performance suggestions for grid  (fix if possible)
[14:34:09,654][INFO][main][IgniteKernal] To disable, set -DIGNITE_PERFORMANCE_SUGGESTIONS_DISABLED=true
[14:34:09,656][INFO][main][IgniteKernal]   ^-- Switch to the most recent 1.8 JVM version
[14:34:09,656][INFO][main][IgniteKernal]   ^-- Specify JVM heap max size (add '-Xmx<size>[g|G|m|M|k|K]' to JVM options)
[14:34:09,656][INFO][main][IgniteKernal]   ^-- Set max direct memory size if getting 'OOME: Direct buffer memory' (add '-XX:MaxDirectMemorySize=<size>[g|G|m|M|k|K]' to JVM options)
[14:34:09,657][INFO][main][IgniteKernal]   ^-- Disable processing of calls to System.gc() (add '-XX:+DisableExplicitGC' to JVM options)
[14:34:09,657][INFO][main][IgniteKernal] Refer to this page for more performance suggestions: https://apacheignite.readme.io/docs/jvm-and-system-tuning
[14:34:09,657][INFO][main][IgniteKernal] 
[14:34:09,657][INFO][main][IgniteKernal] To start Console Management & Monitoring run ignitevisorcmd.{sh|bat}
[14:34:09,658][INFO][main][IgniteKernal] Data Regions Configured:
[14:34:09,662][INFO][main][IgniteKernal]   ^-- default [initSize=256,0 MiB, maxSize=3,2 GiB, persistence=false, lazyMemoryAllocation=true]
[14:34:09,665][INFO][main][IgniteKernal] 

>>> +----------------------------------------------------------------------+
>>> Ignite ver. 2.8.1#20200521-sha1:864220966caa4157c4fee8a1bc85171623963604
>>> +----------------------------------------------------------------------+
>>> OS name: Windows 10 10.0 amd64
>>> CPU(s): 8
>>> Heap: 4.0GB
>>> VM name: 21084@XPNOTE-20000915
>>> Local node [ID=F26A23CB-A038-4D6A-BE1E-9F866C87DC44, order=1, clientMode=false]
>>> Local node addresses: [host.docker.internal/0:0:0:0:0:0:0:1, XPNOTE-20000915.xpcorretora.com.br/10.242.1.26, XPNOTE-20000915.xpcorretora.com.br/127.0.0.1, XPNOTE-20000915.xpcorretora.com.br/192.168.0.8, /2804:14c:33:8a15:7df8:71e2:7c45:dcfe, /2804:14c:33:8a15:e0b4:3cd9:40a5:7e83]
>>> Local ports: TCP:10800 TCP:11211 TCP:47100 UDP:47400 TCP:47500 

[14:34:09,675][INFO][main][GridDiscoveryManager] Topology snapshot [ver=1, locNode=f26a23cb, servers=1, clients=0, state=ACTIVE, CPUs=8, offheap=3.2GB, heap=4.0GB]
[14:34:09,676][INFO][main][GridDiscoveryManager]   ^-- Baseline [id=0, size=1, online=1, offline=0]
[14:34:09,677][INFO][main][G] Node started : [stage="Configure system pool" (73 ms),stage="Start managers" (1099 ms),stage="Configure binary metadata" (15 ms),stage="Start processors" (907 ms),stage="Init metastore" (1720 ms),stage="Finish recovery" (0 ms),stage="Join topology" (2015 ms),stage="Await transition" (67 ms),stage="Await exchange" (788 ms),stage="Total time" (6684 ms)]
[14:34:09,699][INFO][main][PluginProcessor] Configured .NET plugins:
[14:34:09,703][INFO][main][PluginProcessor]   ^-- None
[14:34:09,772][INFO][exchange-worker-#43][time] Started exchange init [topVer=AffinityTopologyVersion [topVer=1, minorTopVer=1], crd=true, evt=DISCOVERY_CUSTOM_EVT, evtNode=f26a23cb-a038-4d6a-be1e-9f866c87dc44, customEvt=DynamicCacheChangeBatch [id=63bae2a5471-79447705-1bfa-4695-ab52-41094e95c93d, reqs=ArrayList [DynamicCacheChangeRequest [cacheName=my-cache, hasCfg=true, nodeId=f26a23cb-a038-4d6a-be1e-9f866c87dc44, clientStartOnly=false, stop=false, destroy=false, disabledAfterStartfalse]], exchangeActions=ExchangeActions [startCaches=[my-cache], stopCaches=null, startGrps=[my-cache], stopGrps=[], resetParts=null, stateChangeRequest=null], startCaches=false], allowMerge=false, exchangeFreeSwitch=false]
[14:34:09,825][INFO][exchange-worker-#43][GridCacheProcessor] Started cache [name=my-cache, id=-1910710239, dataRegionName=default, mode=PARTITIONED, atomicity=ATOMIC, backups=0, mvcc=false]
[14:34:09,872][INFO][exchange-worker-#43][GridDhtPartitionsExchangeFuture] Finished waiting for partition release future [topVer=AffinityTopologyVersion [topVer=1, minorTopVer=1], waitTime=0ms, futInfo=NA, mode=DISTRIBUTED]
[14:34:09,875][INFO][exchange-worker-#43][GridDhtPartitionsExchangeFuture] Finished waiting for partitions release latch: ServerLatch [permits=0, pendingAcks=HashSet [], super=CompletableLatch [id=CompletableLatchUid [id=exchange, topVer=AffinityTopologyVersion [topVer=1, minorTopVer=1]]]]
[14:34:09,876][INFO][exchange-worker-#43][GridDhtPartitionsExchangeFuture] Finished waiting for partition release future [topVer=AffinityTopologyVersion [topVer=1, minorTopVer=1], waitTime=0ms, futInfo=NA, mode=LOCAL]
[14:34:10,005][INFO][exchange-worker-#43][GridDhtPartitionsExchangeFuture] finishExchangeOnCoordinator [topVer=AffinityTopologyVersion [topVer=1, minorTopVer=1], resVer=AffinityTopologyVersion [topVer=1, minorTopVer=1]]
[14:34:10,023][INFO][exchange-worker-#43][GridDhtPartitionsExchangeFuture] Finish exchange future [startVer=AffinityTopologyVersion [topVer=1, minorTopVer=1], resVer=AffinityTopologyVersion [topVer=1, minorTopVer=1], err=null, rebalanced=true, wasRebalanced=true]
[14:34:10,026][INFO][exchange-worker-#43][GridCacheProcessor] Finish proxy initialization, cacheName=my-cache, localNodeId=f26a23cb-a038-4d6a-be1e-9f866c87dc44
[14:34:10,027][INFO][exchange-worker-#43][GridDhtPartitionsExchangeFuture] Completed partition exchange [localNode=f26a23cb-a038-4d6a-be1e-9f866c87dc44, exchange=GridDhtPartitionsExchangeFuture [topVer=AffinityTopologyVersion [topVer=1, minorTopVer=1], evt=DISCOVERY_CUSTOM_EVT, evtNode=TcpDiscoveryNode [id=f26a23cb-a038-4d6a-be1e-9f866c87dc44, consistentId=0:0:0:0:0:0:0:1,10.242.1.26,127.0.0.1,192.168.0.8,2804:14c:33:8a15:7df8:71e2:7c45:dcfe,2804:14c:33:8a15:e0b4:3cd9:40a5:7e83:47500, addrs=ArrayList [0:0:0:0:0:0:0:1, 10.242.1.26, 127.0.0.1, 192.168.0.8, 2804:14c:33:8a15:7df8:71e2:7c45:dcfe, 2804:14c:33:8a15:e0b4:3cd9:40a5:7e83], sockAddrs=HashSet [/[2804:14c:33:8a15:7df8:71e2:7c45:dcfe]:47500, /[2804:14c:33:8a15:e0b4:3cd9:40a5:7e83]:47500, host.docker.internal/192.168.0.8:47500, /10.242.1.26:47500, /[0:0:0:0:0:0:0:1]:47500, /127.0.0.1:47500], discPort=47500, order=1, intOrder=1, lastExchangeTime=1599240846818, loc=true, ver=2.8.1#20200521-sha1:86422096, isClient=false], done=true, newCrdFut=null], topVer=AffinityTopologyVersion [topVer=1, minorTopVer=1]]
[14:34:10,028][INFO][exchange-worker-#43][GridDhtPartitionsExchangeFuture] Exchange timings [startVer=AffinityTopologyVersion [topVer=1, minorTopVer=1], resVer=AffinityTopologyVersion [topVer=1, minorTopVer=1], stage="Waiting in exchange queue" (0 ms), stage="Exchange parameters initialization" (6 ms), stage="Update caches registry" (5 ms), stage="Start caches" (69 ms), stage="Affinity initialization on cache group start" (13 ms), stage="Determine exchange type" (0 ms), stage="Preloading notification" (0 ms), stage="WAL history reservation" (0 ms), stage="Wait partitions release" (12 ms), stage="Wait partitions release latch" (1 ms), stage="Wait partitions release" (0 ms), stage="After states restored callback" (128 ms), stage="Waiting for all single messages" (0 ms), stage="Affinity recalculation (crd)" (0 ms), stage="Collect update counters and create affinity messages" (0 ms), stage="Validate partitions states" (2 ms), stage="Assign partitions states" (0 ms), stage="Apply update counters" (1 ms), stage="Full message preparing" (10 ms), stage="Full message sending" (0 ms), stage="Exchange done" (5 ms), stage="Total time" (252 ms)]
[14:34:10,028][INFO][exchange-worker-#43][GridDhtPartitionsExchangeFuture] Exchange longest local stages [startVer=AffinityTopologyVersion [topVer=1, minorTopVer=1], resVer=AffinityTopologyVersion [topVer=1, minorTopVer=1], stage="Affinity initialization on cache group start [grp=my-cache]" (13 ms) (parent=Affinity initialization on cache group start)]
[14:34:10,029][INFO][exchange-worker-#43][time] Finished exchange init [topVer=AffinityTopologyVersion [topVer=1, minorTopVer=1], crd=true]
[14:34:10,036][INFO][exchange-worker-#43][GridCachePartitionExchangeManager] Skipping rebalancing (nothing scheduled) [top=AffinityTopologyVersion [topVer=1, minorTopVer=1], force=false, evt=DISCOVERY_CUSTOM_EVT, node=f26a23cb-a038-4d6a-be1e-9f866c87dc44]
[14:34:10,148][INFO][main][GridTcpRestProtocol] Command protocol successfully stopped: TCP binary
[14:34:10,180][INFO][main][GridCacheProcessor] Stopped cache [cacheName=ignite-sys-cache]
[14:34:10,181][INFO][main][GridCacheProcessor] Stopped cache [cacheName=my-cache]
[14:34:10,242][INFO][main][IgniteKernal] 

>>> +---------------------------------------------------------------------------------+
>>> Ignite ver. 2.8.1#20200521-sha1:864220966caa4157c4fee8a1bc85171623963604 stopped OK
>>> +---------------------------------------------------------------------------------+
>>> Grid uptime: 00:00:00.596


[14:34:10,286][WARNING][main][G] Ignite work directory is not provided, automatically resolved to: C:\Users\u002910\source\repos\ApacheIgniteExample\ApacheIgniteExample\ignite\work
[14:34:10,295][INFO][main][IgniteKernal] 

>>>    __________  ________________  
>>>   /  _/ ___/ |/ /  _/_  __/ __/  
>>>  _/ // (7 7    // /  / / / _/    
>>> /___/\___/_/|_/___/ /_/ /___/   
>>> 
>>> ver. 2.8.1#20200521-sha1:86422096
>>> 2020 Copyright(C) Apache Software Foundation
>>> 
>>> Ignite documentation: http://ignite.apache.org

[14:34:10,296][INFO][main][IgniteKernal] Config URL: n/a
[14:34:10,297][INFO][main][IgniteKernal] IgniteConfiguration [igniteInstanceName=null, pubPoolSize=8, svcPoolSize=8, callbackPoolSize=8, stripedPoolSize=8, sysPoolSize=8, mgmtPoolSize=4, igfsPoolSize=8, dataStreamerPoolSize=8, utilityCachePoolSize=8, utilityCacheKeepAliveTime=60000, p2pPoolSize=2, qryPoolSize=8, sqlQryHistSize=1000, dfltQryTimeout=0, igniteHome=null, igniteWorkDir=C:\Users\u002910\source\repos\ApacheIgniteExample\ApacheIgniteExample\ignite\work, mbeanSrv=com.sun.jmx.mbeanserver.JmxMBeanServer@1a04f701, nodeId=49a1b56c-3c98-4b6e-a572-00697f50ffd5, marsh=BinaryMarshaller [], marshLocJobs=false, daemon=false, p2pEnabled=false, netTimeout=5000, netCompressionLevel=1, sndRetryDelay=1000, sndRetryCnt=3, metricsHistSize=10000, metricsUpdateFreq=2000, metricsExpTime=9223372036854775807, discoSpi=TcpDiscoverySpi [addrRslvr=null, sockTimeout=0, ackTimeout=0, marsh=null, reconCnt=10, reconDelay=2000, maxAckTimeout=600000, soLinger=5, forceSrvMode=false, clientReconnectDisabled=false, internalLsnr=null, skipAddrsRandomization=false], segPlc=STOP, segResolveAttempts=2, waitForSegOnStart=true, allResolversPassReq=true, segChkFreq=10000, commSpi=TcpCommunicationSpi [connectGate=null, connPlc=org.apache.ignite.spi.communication.tcp.TcpCommunicationSpi$FirstConnectionPolicy@446c3920, chConnPlc=null, enableForcibleNodeKill=false, enableTroubleshootingLog=false, locAddr=null, locHost=null, locPort=47100, locPortRange=100, shmemPort=-1, directBuf=true, directSndBuf=false, idleConnTimeout=600000, connTimeout=5000, maxConnTimeout=600000, reconCnt=10, sockSndBuf=32768, sockRcvBuf=32768, msgQueueLimit=0, slowClientQueueLimit=0, nioSrvr=null, shmemSrv=null, usePairedConnections=false, connectionsPerNode=1, tcpNoDelay=true, filterReachableAddresses=false, ackSndThreshold=32, unackedMsgsBufSize=0, sockWriteTimeout=2000, boundTcpPort=-1, boundTcpShmemPort=-1, selectorsCnt=4, selectorSpins=0, addrRslvr=null, ctxInitLatch=java.util.concurrent.CountDownLatch@2eaef76d[Count = 1], stopping=false, metricsLsnr=null], evtSpi=org.apache.ignite.spi.eventstorage.NoopEventStorageSpi@2b329bbd, colSpi=NoopCollisionSpi [], deploySpi=LocalDeploymentSpi [], indexingSpi=org.apache.ignite.spi.indexing.noop.NoopIndexingSpi@48cd9a2c, addrRslvr=null, encryptionSpi=org.apache.ignite.spi.encryption.noop.NoopEncryptionSpi@771d1ffb, clientMode=false, rebalanceThreadPoolSize=4, rebalanceTimeout=10000, rebalanceBatchesPrefetchCnt=3, rebalanceThrottle=0, rebalanceBatchSize=524288, txCfg=TransactionConfiguration [txSerEnabled=false, dfltIsolation=REPEATABLE_READ, dfltConcurrency=PESSIMISTIC, dfltTxTimeout=0, txTimeoutOnPartitionMapExchange=0, deadlockTimeout=10000, pessimisticTxLogSize=0, pessimisticTxLogLinger=10000, tmLookupClsName=null, txManagerFactory=null, useJtaSync=false], cacheSanityCheckEnabled=true, discoStartupDelay=60000, deployMode=SHARED, p2pMissedCacheSize=100, locHost=null, timeSrvPortBase=31100, timeSrvPortRange=100, failureDetectionTimeout=10000, sysWorkerBlockedTimeout=null, clientFailureDetectionTimeout=30000, metricsLogFreq=60000, hadoopCfg=null, connectorCfg=ConnectorConfiguration [jettyPath=null, host=null, port=11211, noDelay=true, directBuf=false, sndBufSize=32768, rcvBufSize=32768, idleQryCurTimeout=600000, idleQryCurCheckFreq=60000, sndQueueLimit=0, selectorCnt=4, idleTimeout=7000, sslEnabled=false, sslClientAuth=false, sslCtxFactory=null, sslFactory=null, portRange=100, threadPoolSize=8, msgInterceptor=null], odbcCfg=null, warmupClos=null, atomicCfg=AtomicConfiguration [seqReserveSize=1000, cacheMode=PARTITIONED, backups=1, aff=null, grpName=null], classLdr=null, sslCtxFactory=null, platformCfg=PlatformDotNetConfiguration [binaryCfg=null], binaryCfg=null, memCfg=null, pstCfg=null, dsCfg=DataStorageConfiguration [sysRegionInitSize=41943040, sysRegionMaxSize=104857600, pageSize=0, concLvl=0, dfltDataRegConf=DataRegionConfiguration [name=default, maxSize=3397063475, initSize=268435456, swapPath=null, pageEvictionMode=DISABLED, evictionThreshold=0.9, emptyPagesPoolSize=100, metricsEnabled=false, metricsSubIntervalCount=5, metricsRateTimeInterval=60000, persistenceEnabled=false, checkpointPageBufSize=0, lazyMemoryAllocation=true], dataRegions=null, storagePath=null, checkpointFreq=180000, lockWaitTime=10000, checkpointThreads=4, checkpointWriteOrder=SEQUENTIAL, walHistSize=20, maxWalArchiveSize=1073741824, walSegments=10, walSegmentSize=67108864, walPath=db/wal, walArchivePath=db/wal/archive, metricsEnabled=false, walMode=LOG_ONLY, walTlbSize=131072, walBuffSize=0, walFlushFreq=2000, walFsyncDelay=1000, walRecordIterBuffSize=67108864, alwaysWriteFullPages=false, fileIOFactory=org.apache.ignite.internal.processors.cache.persistence.file.AsyncFileIOFactory@7e1f584d, metricsSubIntervalCnt=5, metricsRateTimeInterval=60000, walAutoArchiveAfterInactivity=-1, writeThrottlingEnabled=false, walCompactionEnabled=false, walCompactionLevel=1, checkpointReadLockTimeout=null, walPageCompression=DISABLED, walPageCompressionLevel=null], activeOnStart=true, autoActivation=true, longQryWarnTimeout=3000, sqlConnCfg=null, cliConnCfg=ClientConnectorConfiguration [host=null, port=10800, portRange=100, sockSndBufSize=0, sockRcvBufSize=0, tcpNoDelay=true, maxOpenCursorsPerConn=128, threadPoolSize=8, idleTimeout=0, handshakeTimeout=10000, jdbcEnabled=true, odbcEnabled=true, thinCliEnabled=true, sslEnabled=false, useIgniteSslCtxFactory=true, sslClientAuth=false, sslCtxFactory=null, thinCliCfg=ThinClientConfiguration [maxActiveTxPerConn=100]], mvccVacuumThreadCnt=2, mvccVacuumFreq=5000, authEnabled=false, failureHnd=null, commFailureRslvr=null]
[14:34:10,297][INFO][main][IgniteKernal] Daemon mode: off
[14:34:10,298][INFO][main][IgniteKernal] OS: Windows 10 10.0 amd64
[14:34:10,298][INFO][main][IgniteKernal] OS user: U002910
[14:34:10,298][INFO][main][IgniteKernal] PID: 21084
[14:34:10,299][INFO][main][IgniteKernal] Language runtime: Java Platform API Specification ver. 14
[14:34:10,299][INFO][main][IgniteKernal] VM information: Java(TM) SE Runtime Environment 14.0.1+7 Oracle Corporation Java HotSpot(TM) 64-Bit Server VM 14.0.1+7
[14:34:10,299][INFO][main][IgniteKernal] VM total memory: 4.0GB
[14:34:10,299][INFO][main][IgniteKernal] Remote Management [restart: off, REST: on, JMX (remote: off)]
[14:34:10,300][INFO][main][IgniteKernal] Logger: JavaLogger [quiet=false, config=null]
[14:34:10,301][INFO][main][IgniteKernal] IGNITE_HOME=null
[14:34:10,301][INFO][main][IgniteKernal] VM arguments: [-Dfile.encoding=UTF-8, -Djava.util.logging.config.file=C:\Users\u002910\source\repos\ApacheIgniteExample\ApacheIgniteExample\bin\Debug\netcoreapp3.1\config\java.util.logging.properties, --add-exports=java.base/jdk.internal.misc=ALL-UNNAMED, --add-exports=java.base/sun.nio.ch=ALL-UNNAMED, --add-exports=java.management/com.sun.jmx.mbeanserver=ALL-UNNAMED, --add-exports=jdk.internal.jvmstat/sun.jvmstat.monitor=ALL-UNNAMED, --illegal-access=permit]
[14:34:10,302][INFO][main][IgniteKernal] System cache's DataRegion size is configured to 40 MB. Use DataStorageConfiguration.systemRegionInitialSize property to change the setting.
[14:34:10,302][INFO][main][IgniteKernal] Configured caches [in 'sysMemPlc' dataRegion: ['ignite-sys-cache']]
[14:34:10,303][WARNING][main][IgniteKernal] Please set system property '-Djava.net.preferIPv4Stack=true' to avoid possible problems in mixed environments.
[14:34:10,305][WARNING][pub-#75][GridDiagnostic] This operating system has been tested less rigorously: Windows 10 10.0 amd64. Our team will appreciate the feedback if you experience any problems running ignite in this environment.
[14:34:10,310][WARNING][pub-#78][GridDiagnostic] Initial heap size is 254MB (should be no less than 512MB, use -Xms512m -Xmx512m).
[14:34:10,320][INFO][main][IgnitePluginProcessor] Configured plugins:
[14:34:10,324][INFO][main][IgnitePluginProcessor]   ^-- None
[14:34:10,325][INFO][main][IgnitePluginProcessor] 
[14:34:10,325][INFO][main][FailureProcessor] Configured failure handler: [hnd=StopNodeOrHaltFailureHandler [tryStop=false, timeout=0, super=AbstractFailureHandler [ignoredFailureTypes=UnmodifiableSet [SYSTEM_WORKER_BLOCKED, SYSTEM_CRITICAL_OPERATION_TIMEOUT]]]]
[14:34:10,338][INFO][main][TcpCommunicationSpi] Successfully bound communication NIO server to TCP port [port=47100, locHost=0.0.0.0/0.0.0.0, selectorsCnt=4, selectorSpins=0, pairedConn=false]
[14:34:10,338][WARNING][main][TcpCommunicationSpi] Message queue limit is set to 0 which may lead to potential OOMEs when running cache operations in FULL_ASYNC or PRIMARY_SYNC modes due to message queues growth on sender and receiver sides.
[14:34:10,344][WARNING][main][NoopCheckpointSpi] Checkpoints are disabled (to enable configure any GridCheckpointSpi implementation)
[14:34:10,345][WARNING][main][GridCollisionManager] Collision resolution is disabled (all jobs will be activated upon arrival).
[14:34:10,346][INFO][main][IgniteKernal] Security status [authentication=off, tls/ssl=off]
[14:34:10,356][INFO][main][TcpDiscoverySpi] Successfully bound to TCP port [port=47500, localHost=0.0.0.0/0.0.0.0, locNodeId=49a1b56c-3c98-4b6e-a572-00697f50ffd5]
[14:34:10,359][INFO][main][IgniteCacheDatabaseSharedManager] Configured data regions initialized successfully [total=3]
[14:34:10,360][INFO][main][PartitionsEvictManager] Evict partition permits=2
[14:34:10,377][WARNING][main][IgniteH2Indexing] Custom H2 serialization is already configured, will override.
[14:34:10,385][INFO][main][ClientListenerProcessor] Client connector processor has started on TCP port 10800
[14:34:10,397][INFO][main][GridTcpRestProtocol] Command protocol successfully started [name=TCP binary, host=0.0.0.0/0.0.0.0, port=11211]
[14:34:10,406][WARNING][main][PlatformProcessorImpl] Marshaller is automatically set to o.a.i.i.binary.BinaryMarshaller (other nodes must have the same marshaller type).
[14:34:13,652][INFO][main][IgniteKernal] Non-loopback local IPs: 10.242.1.26, 192.168.0.8, 2804:14c:33:8a15:7df8:71e2:7c45:dcfe, 2804:14c:33:8a15:e0b4:3cd9:40a5:7e83, fe80:0:0:0:3060:14bd:840f:5058%wlan0, fe80:0:0:0:a01f:a1d7:a05f:896%eth6, fe80:0:0:0:a5df:da4a:b94b:f121%eth8, fe80:0:0:0:d857:f6a9:1019:ddc%wlan1, fe80:0:0:0:e0b4:3cd9:40a5:7e83%wlan2
[14:34:13,652][INFO][main][IgniteKernal] Enabled local MACs: 025041000001, 0C29EFFE1D6C, 0C29EFFE1D6D, 5CCD5B4684F8, 5CCD5B4684F9, 5ECD5B4684F8
[14:34:13,655][INFO][main][TcpDiscoverySpi] Connection check threshold is calculated: 10000
[14:34:13,656][WARNING][main][TcpDiscoveryMulticastIpFinder] TcpDiscoveryMulticastIpFinder has no pre-configured addresses (it is recommended in production to specify at least one address in TcpDiscoveryMulticastIpFinder.getAddresses() configuration property)
[14:34:15,466][INFO][disco-notifier-worker-#97][GridClusterStateProcessor] Received activate request with BaselineTopology[id=0]
[14:34:15,479][INFO][disco-notifier-worker-#97][GridClusterStateProcessor] Started state transition: true
[14:34:15,479][INFO][disco-notifier-worker-#97][GridClusterStateProcessor] Received state change finish message: true
[14:34:15,480][INFO][disco-notifier-worker-#97][MvccProcessorImpl] Assigned mvcc coordinator [crd=MvccCoordinator [topVer=AffinityTopologyVersion [topVer=1, minorTopVer=0], nodeId=49a1b56c-3c98-4b6e-a572-00697f50ffd5, ver=1599240855456, local=true, initialized=false]]
[14:34:15,491][INFO][disco-notifier-worker-#97][DistributedBaselineConfiguration] Baseline parameter 'baselineAutoAdjustEnabled' was changed from 'null' to 'true'
[14:34:15,493][INFO][disco-notifier-worker-#97][DistributedBaselineConfiguration] Baseline parameter 'baselineAutoAdjustTimeout' was changed from 'null' to '0'
[14:34:15,495][INFO][disco-notifier-worker-#97][IgniteH2Indexing] SQL parameter 'sql.disabledFunctions' was changed from 'null' to '[FILE_WRITE, CANCEL_SESSION, MEMORY_USED, CSVREAD, LINK_SCHEMA, MEMORY_FREE, FILE_READ, CSVWRITE, SESSION_ID, LOCK_MODE]'
[14:34:15,547][INFO][exchange-worker-#99][time] Started exchange init [topVer=AffinityTopologyVersion [topVer=1, minorTopVer=0], crd=true, evt=NODE_JOINED, evtNode=49a1b56c-3c98-4b6e-a572-00697f50ffd5, customEvt=null, allowMerge=false, exchangeFreeSwitch=false]
[14:34:15,566][INFO][exchange-worker-#99][IgniteCacheDatabaseSharedManager] Configured data regions started successfully [total=3]
[14:34:15,567][INFO][exchange-worker-#99][msg] Components activation performed in 4 ms.
[14:34:15,587][INFO][exchange-worker-#99][GridCacheProcessor] Started cache [name=ignite-sys-cache, id=-2100569601, dataRegionName=sysMemPlc, mode=REPLICATED, atomicity=TRANSACTIONAL, backups=2147483647, mvcc=false]
[14:34:15,588][INFO][exchange-worker-#99][GridCacheProcessor] Starting caches on local join performed in 21 ms.
[14:34:15,595][INFO][exchange-worker-#99][GridDhtPartitionsExchangeFuture] Skipped waiting for partitions release future (local node is joining) [topVer=AffinityTopologyVersion [topVer=1, minorTopVer=0]]
[14:34:15,601][INFO][exchange-worker-#99][GridDhtPartitionsExchangeFuture] finishExchangeOnCoordinator [topVer=AffinityTopologyVersion [topVer=1, minorTopVer=0], resVer=AffinityTopologyVersion [topVer=1, minorTopVer=0]]
[14:34:15,615][INFO][exchange-worker-#99][GridDhtPartitionsExchangeFuture] Finish exchange future [startVer=AffinityTopologyVersion [topVer=1, minorTopVer=0], resVer=AffinityTopologyVersion [topVer=1, minorTopVer=0], err=null, rebalanced=true, wasRebalanced=false]
[14:34:15,617][INFO][exchange-worker-#99][GridCacheProcessor] Finish proxy initialization, cacheName=ignite-sys-cache, localNodeId=49a1b56c-3c98-4b6e-a572-00697f50ffd5
[14:34:15,619][INFO][exchange-worker-#99][GridDhtPartitionsExchangeFuture] Completed partition exchange [localNode=49a1b56c-3c98-4b6e-a572-00697f50ffd5, exchange=GridDhtPartitionsExchangeFuture [topVer=AffinityTopologyVersion [topVer=1, minorTopVer=0], evt=NODE_JOINED, evtNode=TcpDiscoveryNode [id=49a1b56c-3c98-4b6e-a572-00697f50ffd5, consistentId=0:0:0:0:0:0:0:1,10.242.1.26,127.0.0.1,192.168.0.8,2804:14c:33:8a15:7df8:71e2:7c45:dcfe,2804:14c:33:8a15:e0b4:3cd9:40a5:7e83:47500, addrs=ArrayList [0:0:0:0:0:0:0:1, 10.242.1.26, 127.0.0.1, 192.168.0.8, 2804:14c:33:8a15:7df8:71e2:7c45:dcfe, 2804:14c:33:8a15:e0b4:3cd9:40a5:7e83], sockAddrs=HashSet [/[2804:14c:33:8a15:7df8:71e2:7c45:dcfe]:47500, /[2804:14c:33:8a15:e0b4:3cd9:40a5:7e83]:47500, host.docker.internal/192.168.0.8:47500, /10.242.1.26:47500, /[0:0:0:0:0:0:0:1]:47500, /127.0.0.1:47500], discPort=47500, order=1, intOrder=1, lastExchangeTime=1599240853652, loc=true, ver=2.8.1#20200521-sha1:86422096, isClient=false], done=true, newCrdFut=null], topVer=AffinityTopologyVersion [topVer=1, minorTopVer=0]]
[14:34:15,621][INFO][exchange-worker-#99][GridDhtPartitionsExchangeFuture] Exchange timings [startVer=AffinityTopologyVersion [topVer=1, minorTopVer=0], resVer=AffinityTopologyVersion [topVer=1, minorTopVer=0], stage="Waiting in exchange queue" (64 ms), stage="Exchange parameters initialization" (14 ms), stage="Components activation" (7 ms), stage="Determine exchange type" (25 ms), stage="Preloading notification" (0 ms), stage="WAL history reservation" (0 ms), stage="After states restored callback" (6 ms), stage="Waiting for all single messages" (0 ms), stage="Affinity recalculation (crd)" (2 ms), stage="Collect update counters and create affinity messages" (0 ms), stage="Validate partitions states" (1 ms), stage="Assign partitions states" (1 ms), stage="Apply update counters" (0 ms), stage="Full message preparing" (8 ms), stage="Full message sending" (0 ms), stage="State finish message sending" (0 ms), stage="Exchange done" (4 ms), stage="Total time" (132 ms)]
[14:34:15,622][INFO][exchange-worker-#99][GridDhtPartitionsExchangeFuture] Exchange longest local stages [startVer=AffinityTopologyVersion [topVer=1, minorTopVer=0], resVer=AffinityTopologyVersion [topVer=1, minorTopVer=0], stage="Coordinator affinity cache init [grp=ignite-sys-cache]" (23 ms) (parent=Determine exchange type), stage="First node affinity initialization (node join) [grp=ignite-sys-cache]" (2 ms) (parent=Determine exchange type)]
[14:34:15,627][INFO][exchange-worker-#99][time] Finished exchange init [topVer=AffinityTopologyVersion [topVer=1, minorTopVer=0], crd=true]
[14:34:15,630][INFO][exchange-worker-#99][GridCachePartitionExchangeManager] Skipping rebalancing (nothing scheduled) [top=AffinityTopologyVersion [topVer=1, minorTopVer=0], force=false, evt=NODE_JOINED, node=49a1b56c-3c98-4b6e-a572-00697f50ffd5]
[14:34:15,684][INFO][main][IgniteKernal] Performance suggestions for grid  (fix if possible)
[14:34:15,688][INFO][main][IgniteKernal] To disable, set -DIGNITE_PERFORMANCE_SUGGESTIONS_DISABLED=true
[14:34:15,689][INFO][main][IgniteKernal]   ^-- Switch to the most recent 1.8 JVM version
[14:34:15,690][INFO][main][IgniteKernal]   ^-- Specify JVM heap max size (add '-Xmx<size>[g|G|m|M|k|K]' to JVM options)
[14:34:15,690][INFO][main][IgniteKernal]   ^-- Set max direct memory size if getting 'OOME: Direct buffer memory' (add '-XX:MaxDirectMemorySize=<size>[g|G|m|M|k|K]' to JVM options)
[14:34:15,691][INFO][main][IgniteKernal]   ^-- Disable processing of calls to System.gc() (add '-XX:+DisableExplicitGC' to JVM options)
[14:34:15,693][INFO][main][IgniteKernal] Refer to this page for more performance suggestions: https://apacheignite.readme.io/docs/jvm-and-system-tuning
[14:34:15,693][INFO][main][IgniteKernal] 
[14:34:15,693][INFO][main][IgniteKernal] To start Console Management & Monitoring run ignitevisorcmd.{sh|bat}
[14:34:15,694][INFO][main][IgniteKernal] Data Regions Configured:
[14:34:15,695][INFO][main][IgniteKernal]   ^-- default [initSize=256,0 MiB, maxSize=3,2 GiB, persistence=false, lazyMemoryAllocation=true]
[14:34:15,698][INFO][main][IgniteKernal] 

>>> +----------------------------------------------------------------------+
>>> Ignite ver. 2.8.1#20200521-sha1:864220966caa4157c4fee8a1bc85171623963604
>>> +----------------------------------------------------------------------+
>>> OS name: Windows 10 10.0 amd64
>>> CPU(s): 8
>>> Heap: 4.0GB
>>> VM name: 21084@XPNOTE-20000915
>>> Local node [ID=49A1B56C-3C98-4B6E-A572-00697F50FFD5, order=1, clientMode=false]
>>> Local node addresses: [host.docker.internal/0:0:0:0:0:0:0:1, XPNOTE-20000915.xpcorretora.com.br/10.242.1.26, XPNOTE-20000915.xpcorretora.com.br/127.0.0.1, XPNOTE-20000915.xpcorretora.com.br/192.168.0.8, /2804:14c:33:8a15:7df8:71e2:7c45:dcfe, /2804:14c:33:8a15:e0b4:3cd9:40a5:7e83]
>>> Local ports: TCP:10800 TCP:11211 TCP:47100 UDP:47400 TCP:47500 

[14:34:15,701][INFO][main][GridDiscoveryManager] Topology snapshot [ver=1, locNode=49a1b56c, servers=1, clients=0, state=ACTIVE, CPUs=8, offheap=3.2GB, heap=4.0GB]
[14:34:15,703][INFO][main][GridDiscoveryManager]   ^-- Baseline [id=0, size=1, online=1, offline=0]
[14:34:15,703][INFO][main][G] Node started : [stage="Configure system pool" (8 ms),stage="Start managers" (54 ms),stage="Configure binary metadata" (3 ms),stage="Start processors" (55 ms),stage="Init metastore" (3245 ms),stage="Finish recovery" (0 ms),stage="Join topology" (1827 ms),stage="Await transition" (8 ms),stage="Await exchange" (214 ms),stage="Total time" (5414 ms)]
[14:34:15,706][INFO][main][PluginProcessor] Configured .NET plugins:
[14:34:15,707][INFO][main][PluginProcessor]   ^-- None
[14:34:15,728][INFO][exchange-worker-#99][time] Started exchange init [topVer=AffinityTopologyVersion [topVer=1, minorTopVer=1], crd=true, evt=DISCOVERY_CUSTOM_EVT, evtNode=49a1b56c-3c98-4b6e-a572-00697f50ffd5, customEvt=DynamicCacheChangeBatch [id=86bae2a5471-79447705-1bfa-4695-ab52-41094e95c93d, reqs=ArrayList [DynamicCacheChangeRequest [cacheName=my-cache, hasCfg=true, nodeId=49a1b56c-3c98-4b6e-a572-00697f50ffd5, clientStartOnly=false, stop=false, destroy=false, disabledAfterStartfalse]], exchangeActions=ExchangeActions [startCaches=[my-cache], stopCaches=null, startGrps=[my-cache], stopGrps=[], resetParts=null, stateChangeRequest=null], startCaches=false], allowMerge=false, exchangeFreeSwitch=false]
[14:34:15,761][INFO][exchange-worker-#99][GridCacheProcessor] Started cache [name=my-cache, id=-1910710239, dataRegionName=default, mode=PARTITIONED, atomicity=ATOMIC, backups=0, mvcc=false]
[14:34:15,777][INFO][exchange-worker-#99][GridDhtPartitionsExchangeFuture] Finished waiting for partition release future [topVer=AffinityTopologyVersion [topVer=1, minorTopVer=1], waitTime=0ms, futInfo=NA, mode=DISTRIBUTED]
[14:34:15,779][INFO][exchange-worker-#99][GridDhtPartitionsExchangeFuture] Finished waiting for partitions release latch: ServerLatch [permits=0, pendingAcks=HashSet [], super=CompletableLatch [id=CompletableLatchUid [id=exchange, topVer=AffinityTopologyVersion [topVer=1, minorTopVer=1]]]]
[14:34:15,781][INFO][exchange-worker-#99][GridDhtPartitionsExchangeFuture] Finished waiting for partition release future [topVer=AffinityTopologyVersion [topVer=1, minorTopVer=1], waitTime=0ms, futInfo=NA, mode=LOCAL]
[14:34:15,880][INFO][exchange-worker-#99][GridDhtPartitionsExchangeFuture] finishExchangeOnCoordinator [topVer=AffinityTopologyVersion [topVer=1, minorTopVer=1], resVer=AffinityTopologyVersion [topVer=1, minorTopVer=1]]
[14:34:15,905][INFO][exchange-worker-#99][GridDhtPartitionsExchangeFuture] Finish exchange future [startVer=AffinityTopologyVersion [topVer=1, minorTopVer=1], resVer=AffinityTopologyVersion [topVer=1, minorTopVer=1], err=null, rebalanced=true, wasRebalanced=true]
[14:34:15,912][INFO][exchange-worker-#99][GridCacheProcessor] Finish proxy initialization, cacheName=my-cache, localNodeId=49a1b56c-3c98-4b6e-a572-00697f50ffd5
[14:34:15,917][INFO][exchange-worker-#99][GridDhtPartitionsExchangeFuture] Completed partition exchange [localNode=49a1b56c-3c98-4b6e-a572-00697f50ffd5, exchange=GridDhtPartitionsExchangeFuture [topVer=AffinityTopologyVersion [topVer=1, minorTopVer=1], evt=DISCOVERY_CUSTOM_EVT, evtNode=TcpDiscoveryNode [id=49a1b56c-3c98-4b6e-a572-00697f50ffd5, consistentId=0:0:0:0:0:0:0:1,10.242.1.26,127.0.0.1,192.168.0.8,2804:14c:33:8a15:7df8:71e2:7c45:dcfe,2804:14c:33:8a15:e0b4:3cd9:40a5:7e83:47500, addrs=ArrayList [0:0:0:0:0:0:0:1, 10.242.1.26, 127.0.0.1, 192.168.0.8, 2804:14c:33:8a15:7df8:71e2:7c45:dcfe, 2804:14c:33:8a15:e0b4:3cd9:40a5:7e83], sockAddrs=HashSet [/[2804:14c:33:8a15:7df8:71e2:7c45:dcfe]:47500, /[2804:14c:33:8a15:e0b4:3cd9:40a5:7e83]:47500, host.docker.internal/192.168.0.8:47500, /10.242.1.26:47500, /[0:0:0:0:0:0:0:1]:47500, /127.0.0.1:47500], discPort=47500, order=1, intOrder=1, lastExchangeTime=1599240853652, loc=true, ver=2.8.1#20200521-sha1:86422096, isClient=false], done=true, newCrdFut=null], topVer=AffinityTopologyVersion [topVer=1, minorTopVer=1]]
[14:34:15,920][INFO][exchange-worker-#99][GridDhtPartitionsExchangeFuture] Exchange timings [startVer=AffinityTopologyVersion [topVer=1, minorTopVer=1], resVer=AffinityTopologyVersion [topVer=1, minorTopVer=1], stage="Waiting in exchange queue" (0 ms), stage="Exchange parameters initialization" (0 ms), stage="Update caches registry" (0 ms), stage="Start caches" (34 ms), stage="Affinity initialization on cache group start" (13 ms), stage="Determine exchange type" (0 ms), stage="Preloading notification" (0 ms), stage="WAL history reservation" (0 ms), stage="Wait partitions release" (1 ms), stage="Wait partitions release latch" (2 ms), stage="Wait partitions release" (6 ms), stage="After states restored callback" (92 ms), stage="Waiting for all single messages" (0 ms), stage="Affinity recalculation (crd)" (0 ms), stage="Collect update counters and create affinity messages" (0 ms), stage="Validate partitions states" (8 ms), stage="Assign partitions states" (2 ms), stage="Apply update counters" (1 ms), stage="Full message preparing" (11 ms), stage="Full message sending" (0 ms), stage="Exchange done" (15 ms), stage="Total time" (185 ms)]
[14:34:15,924][INFO][exchange-worker-#99][GridDhtPartitionsExchangeFuture] Exchange longest local stages [startVer=AffinityTopologyVersion [topVer=1, minorTopVer=1], resVer=AffinityTopologyVersion [topVer=1, minorTopVer=1], stage="Affinity initialization on cache group start [grp=my-cache]" (13 ms) (parent=Affinity initialization on cache group start)]
[14:34:15,928][INFO][exchange-worker-#99][time] Finished exchange init [topVer=AffinityTopologyVersion [topVer=1, minorTopVer=1], crd=true]
[14:34:15,939][INFO][exchange-worker-#99][GridCachePartitionExchangeManager] Skipping rebalancing (nothing scheduled) [top=AffinityTopologyVersion [topVer=1, minorTopVer=1], force=false, evt=DISCOVERY_CUSTOM_EVT, node=49a1b56c-3c98-4b6e-a572-00697f50ffd5]
