[14:31:28,695][WARNING][main][G] Ignite work directory is not provided, automatically resolved to: C:\Users\u002910\source\repos\ApacheIgniteExample\ApacheIgniteExample\ignite\work
[14:31:29,176][INFO][main][IgniteKernal] 

>>>    __________  ________________  
>>>   /  _/ ___/ |/ /  _/_  __/ __/  
>>>  _/ // (7 7    // /  / / / _/    
>>> /___/\___/_/|_/___/ /_/ /___/   
>>> 
>>> ver. 2.8.1#20200521-sha1:86422096
>>> 2020 Copyright(C) Apache Software Foundation
>>> 
>>> Ignite documentation: http://ignite.apache.org

[14:31:29,177][INFO][main][IgniteKernal] Config URL: n/a
[14:31:29,234][INFO][main][IgniteKernal] IgniteConfiguration [igniteInstanceName=null, pubPoolSize=8, svcPoolSize=8, callbackPoolSize=8, stripedPoolSize=8, sysPoolSize=8, mgmtPoolSize=4, igfsPoolSize=8, dataStreamerPoolSize=8, utilityCachePoolSize=8, utilityCacheKeepAliveTime=60000, p2pPoolSize=2, qryPoolSize=8, sqlQryHistSize=1000, dfltQryTimeout=0, igniteHome=null, igniteWorkDir=C:\Users\u002910\source\repos\ApacheIgniteExample\ApacheIgniteExample\ignite\work, mbeanSrv=com.sun.jmx.mbeanserver.JmxMBeanServer@4e91d63f, nodeId=ef8489a0-0bfd-4165-87c7-833a6ba1c1c7, marsh=BinaryMarshaller [], marshLocJobs=false, daemon=false, p2pEnabled=false, netTimeout=5000, netCompressionLevel=1, sndRetryDelay=1000, sndRetryCnt=3, metricsHistSize=10000, metricsUpdateFreq=2000, metricsExpTime=9223372036854775807, discoSpi=TcpDiscoverySpi [addrRslvr=null, sockTimeout=0, ackTimeout=0, marsh=null, reconCnt=10, reconDelay=2000, maxAckTimeout=600000, soLinger=5, forceSrvMode=false, clientReconnectDisabled=false, internalLsnr=null, skipAddrsRandomization=false], segPlc=STOP, segResolveAttempts=2, waitForSegOnStart=true, allResolversPassReq=true, segChkFreq=10000, commSpi=TcpCommunicationSpi [connectGate=null, connPlc=org.apache.ignite.spi.communication.tcp.TcpCommunicationSpi$FirstConnectionPolicy@290222c1, chConnPlc=null, enableForcibleNodeKill=false, enableTroubleshootingLog=false, locAddr=null, locHost=null, locPort=47100, locPortRange=100, shmemPort=-1, directBuf=true, directSndBuf=false, idleConnTimeout=600000, connTimeout=5000, maxConnTimeout=600000, reconCnt=10, sockSndBuf=32768, sockRcvBuf=32768, msgQueueLimit=0, slowClientQueueLimit=0, nioSrvr=null, shmemSrv=null, usePairedConnections=false, connectionsPerNode=1, tcpNoDelay=true, filterReachableAddresses=false, ackSndThreshold=32, unackedMsgsBufSize=0, sockWriteTimeout=2000, boundTcpPort=-1, boundTcpShmemPort=-1, selectorsCnt=4, selectorSpins=0, addrRslvr=null, ctxInitLatch=java.util.concurrent.CountDownLatch@67f639d3[Count = 1], stopping=false, metricsLsnr=null], evtSpi=org.apache.ignite.spi.eventstorage.NoopEventStorageSpi@6253c26, colSpi=NoopCollisionSpi [], deploySpi=LocalDeploymentSpi [], indexingSpi=org.apache.ignite.spi.indexing.noop.NoopIndexingSpi@659499f1, addrRslvr=null, encryptionSpi=org.apache.ignite.spi.encryption.noop.NoopEncryptionSpi@51e69659, clientMode=false, rebalanceThreadPoolSize=4, rebalanceTimeout=10000, rebalanceBatchesPrefetchCnt=3, rebalanceThrottle=0, rebalanceBatchSize=524288, txCfg=TransactionConfiguration [txSerEnabled=false, dfltIsolation=REPEATABLE_READ, dfltConcurrency=PESSIMISTIC, dfltTxTimeout=0, txTimeoutOnPartitionMapExchange=0, deadlockTimeout=10000, pessimisticTxLogSize=0, pessimisticTxLogLinger=10000, tmLookupClsName=null, txManagerFactory=null, useJtaSync=false], cacheSanityCheckEnabled=true, discoStartupDelay=60000, deployMode=SHARED, p2pMissedCacheSize=100, locHost=null, timeSrvPortBase=31100, timeSrvPortRange=100, failureDetectionTimeout=10000, sysWorkerBlockedTimeout=null, clientFailureDetectionTimeout=30000, metricsLogFreq=60000, hadoopCfg=null, connectorCfg=ConnectorConfiguration [jettyPath=null, host=null, port=11211, noDelay=true, directBuf=false, sndBufSize=32768, rcvBufSize=32768, idleQryCurTimeout=600000, idleQryCurCheckFreq=60000, sndQueueLimit=0, selectorCnt=4, idleTimeout=7000, sslEnabled=false, sslClientAuth=false, sslCtxFactory=null, sslFactory=null, portRange=100, threadPoolSize=8, msgInterceptor=null], odbcCfg=null, warmupClos=null, atomicCfg=AtomicConfiguration [seqReserveSize=1000, cacheMode=PARTITIONED, backups=1, aff=null, grpName=null], classLdr=null, sslCtxFactory=null, platformCfg=PlatformDotNetConfiguration [binaryCfg=null], binaryCfg=null, memCfg=null, pstCfg=null, dsCfg=DataStorageConfiguration [sysRegionInitSize=41943040, sysRegionMaxSize=104857600, pageSize=0, concLvl=0, dfltDataRegConf=DataRegionConfiguration [name=default, maxSize=3397063475, initSize=268435456, swapPath=null, pageEvictionMode=DISABLED, evictionThreshold=0.9, emptyPagesPoolSize=100, metricsEnabled=false, metricsSubIntervalCount=5, metricsRateTimeInterval=60000, persistenceEnabled=false, checkpointPageBufSize=0, lazyMemoryAllocation=true], dataRegions=null, storagePath=null, checkpointFreq=180000, lockWaitTime=10000, checkpointThreads=4, checkpointWriteOrder=SEQUENTIAL, walHistSize=20, maxWalArchiveSize=1073741824, walSegments=10, walSegmentSize=67108864, walPath=db/wal, walArchivePath=db/wal/archive, metricsEnabled=false, walMode=LOG_ONLY, walTlbSize=131072, walBuffSize=0, walFlushFreq=2000, walFsyncDelay=1000, walRecordIterBuffSize=67108864, alwaysWriteFullPages=false, fileIOFactory=org.apache.ignite.internal.processors.cache.persistence.file.AsyncFileIOFactory@72e5a8e, metricsSubIntervalCnt=5, metricsRateTimeInterval=60000, walAutoArchiveAfterInactivity=-1, writeThrottlingEnabled=false, walCompactionEnabled=false, walCompactionLevel=1, checkpointReadLockTimeout=null, walPageCompression=DISABLED, walPageCompressionLevel=null], activeOnStart=true, autoActivation=true, longQryWarnTimeout=3000, sqlConnCfg=null, cliConnCfg=ClientConnectorConfiguration [host=null, port=10800, portRange=100, sockSndBufSize=0, sockRcvBufSize=0, tcpNoDelay=true, maxOpenCursorsPerConn=128, threadPoolSize=8, idleTimeout=0, handshakeTimeout=10000, jdbcEnabled=true, odbcEnabled=true, thinCliEnabled=true, sslEnabled=false, useIgniteSslCtxFactory=true, sslClientAuth=false, sslCtxFactory=null, thinCliCfg=ThinClientConfiguration [maxActiveTxPerConn=100]], mvccVacuumThreadCnt=2, mvccVacuumFreq=5000, authEnabled=false, failureHnd=null, commFailureRslvr=null]
[14:31:29,236][INFO][main][IgniteKernal] Daemon mode: off
[14:31:29,236][INFO][main][IgniteKernal] OS: Windows 10 10.0 amd64
[14:31:29,237][INFO][main][IgniteKernal] OS user: U002910
[14:31:29,270][INFO][main][IgniteKernal] PID: 18420
[14:31:29,271][INFO][main][IgniteKernal] Language runtime: Java Platform API Specification ver. 14
[14:31:29,272][INFO][main][IgniteKernal] VM information: Java(TM) SE Runtime Environment 14.0.1+7 Oracle Corporation Java HotSpot(TM) 64-Bit Server VM 14.0.1+7
[14:31:29,277][INFO][main][IgniteKernal] VM total memory: 4.0GB
[14:31:29,278][INFO][main][IgniteKernal] Remote Management [restart: off, REST: on, JMX (remote: off)]
[14:31:29,279][INFO][main][IgniteKernal] Logger: JavaLogger [quiet=false, config=null]
[14:31:29,280][INFO][main][IgniteKernal] IGNITE_HOME=null
[14:31:29,281][INFO][main][IgniteKernal] VM arguments: [-Dfile.encoding=UTF-8, -Djava.util.logging.config.file=C:\Users\u002910\source\repos\ApacheIgniteExample\ApacheIgniteExample\bin\Debug\netcoreapp3.1\config\java.util.logging.properties, --add-exports=java.base/jdk.internal.misc=ALL-UNNAMED, --add-exports=java.base/sun.nio.ch=ALL-UNNAMED, --add-exports=java.management/com.sun.jmx.mbeanserver=ALL-UNNAMED, --add-exports=jdk.internal.jvmstat/sun.jvmstat.monitor=ALL-UNNAMED, --illegal-access=permit]
[14:31:29,282][INFO][main][IgniteKernal] System cache's DataRegion size is configured to 40 MB. Use DataStorageConfiguration.systemRegionInitialSize property to change the setting.
[14:31:29,282][INFO][main][IgniteKernal] Configured caches [in 'sysMemPlc' dataRegion: ['ignite-sys-cache']]
[14:31:29,283][WARNING][main][IgniteKernal] Please set system property '-Djava.net.preferIPv4Stack=true' to avoid possible problems in mixed environments.
[14:31:29,292][WARNING][pub-#19][GridDiagnostic] This operating system has been tested less rigorously: Windows 10 10.0 amd64. Our team will appreciate the feedback if you experience any problems running ignite in this environment.
[14:31:29,302][WARNING][pub-#22][GridDiagnostic] Initial heap size is 254MB (should be no less than 512MB, use -Xms512m -Xmx512m).
[14:31:29,527][INFO][main][IgnitePluginProcessor] Configured plugins:
[14:31:29,528][INFO][main][IgnitePluginProcessor]   ^-- None
[14:31:29,528][INFO][main][IgnitePluginProcessor] 
[14:31:29,532][INFO][main][FailureProcessor] Configured failure handler: [hnd=StopNodeOrHaltFailureHandler [tryStop=false, timeout=0, super=AbstractFailureHandler [ignoredFailureTypes=UnmodifiableSet [SYSTEM_WORKER_BLOCKED, SYSTEM_CRITICAL_OPERATION_TIMEOUT]]]]
[14:31:30,106][INFO][main][TcpCommunicationSpi] Successfully bound communication NIO server to TCP port [port=47100, locHost=0.0.0.0/0.0.0.0, selectorsCnt=4, selectorSpins=0, pairedConn=false]
[14:31:30,463][WARNING][main][TcpCommunicationSpi] Message queue limit is set to 0 which may lead to potential OOMEs when running cache operations in FULL_ASYNC or PRIMARY_SYNC modes due to message queues growth on sender and receiver sides.
[14:31:30,480][WARNING][main][NoopCheckpointSpi] Checkpoints are disabled (to enable configure any GridCheckpointSpi implementation)
[14:31:30,518][WARNING][main][GridCollisionManager] Collision resolution is disabled (all jobs will be activated upon arrival).
[14:31:30,524][INFO][main][IgniteKernal] Security status [authentication=off, tls/ssl=off]
[14:31:30,713][INFO][main][TcpDiscoverySpi] Successfully bound to TCP port [port=47500, localHost=0.0.0.0/0.0.0.0, locNodeId=ef8489a0-0bfd-4165-87c7-833a6ba1c1c7]
[14:31:30,738][WARNING][main][IgniteCacheDatabaseSharedManager] DataRegionConfiguration.maxWalArchiveSize instead DataRegionConfiguration.walHistorySize would be used for removing old archive wal files
[14:31:30,754][INFO][main][IgniteCacheDatabaseSharedManager] Configured data regions initialized successfully [total=3]
[14:31:30,771][INFO][main][PartitionsEvictManager] Evict partition permits=2
[14:31:30,843][WARNING][main][IgniteH2Indexing] Serialization of Java objects in H2 was enabled.
[14:31:31,185][INFO][main][ClientListenerProcessor] Client connector processor has started on TCP port 10800
[14:31:31,277][INFO][main][GridTcpRestProtocol] Command protocol successfully started [name=TCP binary, host=0.0.0.0/0.0.0.0, port=11211]
[14:31:31,329][WARNING][main][PlatformProcessorImpl] Marshaller is automatically set to o.a.i.i.binary.BinaryMarshaller (other nodes must have the same marshaller type).
[14:31:33,978][INFO][main][IgniteKernal] Non-loopback local IPs: 10.242.1.26, 192.168.0.8, 2804:14c:33:8a15:7df8:71e2:7c45:dcfe, 2804:14c:33:8a15:e0b4:3cd9:40a5:7e83, fe80:0:0:0:3060:14bd:840f:5058%wlan0, fe80:0:0:0:a01f:a1d7:a05f:896%eth6, fe80:0:0:0:a5df:da4a:b94b:f121%eth8, fe80:0:0:0:d857:f6a9:1019:ddc%wlan1, fe80:0:0:0:e0b4:3cd9:40a5:7e83%wlan2
[14:31:33,980][INFO][main][IgniteKernal] Enabled local MACs: 025041000001, 0C29EFFE1D6C, 0C29EFFE1D6D, 5CCD5B4684F8, 5CCD5B4684F9, 5ECD5B4684F8
[14:31:34,028][INFO][main][TcpDiscoverySpi] Connection check threshold is calculated: 10000
[14:31:34,034][WARNING][main][TcpDiscoveryMulticastIpFinder] TcpDiscoveryMulticastIpFinder has no pre-configured addresses (it is recommended in production to specify at least one address in TcpDiscoveryMulticastIpFinder.getAddresses() configuration property)
[14:31:35,845][INFO][disco-notifier-worker-#41][GridClusterStateProcessor] Received activate request with BaselineTopology[id=0]
[14:31:35,852][INFO][disco-notifier-worker-#41][GridClusterStateProcessor] Started state transition: true
[14:31:35,854][INFO][disco-notifier-worker-#41][GridClusterStateProcessor] Received state change finish message: true
[14:31:35,858][INFO][disco-notifier-worker-#41][MvccProcessorImpl] Assigned mvcc coordinator [crd=MvccCoordinator [topVer=AffinityTopologyVersion [topVer=1, minorTopVer=0], nodeId=ef8489a0-0bfd-4165-87c7-833a6ba1c1c7, ver=1599240695832, local=true, initialized=false]]
[14:31:35,894][INFO][disco-notifier-worker-#41][DistributedBaselineConfiguration] Baseline parameter 'baselineAutoAdjustEnabled' was changed from 'null' to 'true'
[14:31:35,897][INFO][disco-notifier-worker-#41][DistributedBaselineConfiguration] Baseline parameter 'baselineAutoAdjustTimeout' was changed from 'null' to '0'
[14:31:35,898][INFO][disco-notifier-worker-#41][IgniteH2Indexing] SQL parameter 'sql.disabledFunctions' was changed from 'null' to '[FILE_WRITE, CANCEL_SESSION, MEMORY_USED, CSVREAD, LINK_SCHEMA, MEMORY_FREE, FILE_READ, CSVWRITE, SESSION_ID, LOCK_MODE]'
[14:31:35,932][INFO][exchange-worker-#43][time] Started exchange init [topVer=AffinityTopologyVersion [topVer=1, minorTopVer=0], crd=true, evt=NODE_JOINED, evtNode=ef8489a0-0bfd-4165-87c7-833a6ba1c1c7, customEvt=null, allowMerge=false, exchangeFreeSwitch=false]
[14:31:35,959][INFO][exchange-worker-#43][IgniteCacheDatabaseSharedManager] Configured data regions started successfully [total=3]
[14:31:35,959][INFO][exchange-worker-#43][msg] Components activation performed in 21 ms.
[14:31:36,099][INFO][exchange-worker-#43][GridCacheProcessor] Started cache [name=ignite-sys-cache, id=-2100569601, dataRegionName=sysMemPlc, mode=REPLICATED, atomicity=TRANSACTIONAL, backups=2147483647, mvcc=false]
[14:31:36,100][INFO][exchange-worker-#43][GridCacheProcessor] Starting caches on local join performed in 133 ms.
[14:31:36,120][INFO][exchange-worker-#43][GridDhtPartitionsExchangeFuture] Skipped waiting for partitions release future (local node is joining) [topVer=AffinityTopologyVersion [topVer=1, minorTopVer=0]]
[14:31:36,224][INFO][exchange-worker-#43][GridDhtPartitionsExchangeFuture] finishExchangeOnCoordinator [topVer=AffinityTopologyVersion [topVer=1, minorTopVer=0], resVer=AffinityTopologyVersion [topVer=1, minorTopVer=0]]
[14:31:36,267][INFO][exchange-worker-#43][GridDhtPartitionsExchangeFuture] Finish exchange future [startVer=AffinityTopologyVersion [topVer=1, minorTopVer=0], resVer=AffinityTopologyVersion [topVer=1, minorTopVer=0], err=null, rebalanced=true, wasRebalanced=false]
[14:31:36,283][INFO][exchange-worker-#43][GridCacheProcessor] Finish proxy initialization, cacheName=ignite-sys-cache, localNodeId=ef8489a0-0bfd-4165-87c7-833a6ba1c1c7
[14:31:36,285][INFO][exchange-worker-#43][GridDhtPartitionsExchangeFuture] Completed partition exchange [localNode=ef8489a0-0bfd-4165-87c7-833a6ba1c1c7, exchange=GridDhtPartitionsExchangeFuture [topVer=AffinityTopologyVersion [topVer=1, minorTopVer=0], evt=NODE_JOINED, evtNode=TcpDiscoveryNode [id=ef8489a0-0bfd-4165-87c7-833a6ba1c1c7, consistentId=0:0:0:0:0:0:0:1,10.242.1.26,127.0.0.1,192.168.0.8,2804:14c:33:8a15:7df8:71e2:7c45:dcfe,2804:14c:33:8a15:e0b4:3cd9:40a5:7e83:47500, addrs=ArrayList [0:0:0:0:0:0:0:1, 10.242.1.26, 127.0.0.1, 192.168.0.8, 2804:14c:33:8a15:7df8:71e2:7c45:dcfe, 2804:14c:33:8a15:e0b4:3cd9:40a5:7e83], sockAddrs=HashSet [/[2804:14c:33:8a15:7df8:71e2:7c45:dcfe]:47500, /[2804:14c:33:8a15:e0b4:3cd9:40a5:7e83]:47500, XPNOTE-20000915.xpcorretora.com.br/192.168.0.8:47500, /10.242.1.26:47500, /[0:0:0:0:0:0:0:1]:47500, /127.0.0.1:47500], discPort=47500, order=1, intOrder=1, lastExchangeTime=1599240694022, loc=true, ver=2.8.1#20200521-sha1:86422096, isClient=false], done=true, newCrdFut=null], topVer=AffinityTopologyVersion [topVer=1, minorTopVer=0]]
[14:31:36,287][INFO][exchange-worker-#43][GridDhtPartitionsExchangeFuture] Exchange timings [startVer=AffinityTopologyVersion [topVer=1, minorTopVer=0], resVer=AffinityTopologyVersion [topVer=1, minorTopVer=0], stage="Waiting in exchange queue" (62 ms), stage="Exchange parameters initialization" (7 ms), stage="Components activation" (21 ms), stage="Determine exchange type" (158 ms), stage="Preloading notification" (0 ms), stage="WAL history reservation" (0 ms), stage="After states restored callback" (103 ms), stage="Waiting for all single messages" (0 ms), stage="Affinity recalculation (crd)" (0 ms), stage="Collect update counters and create affinity messages" (0 ms), stage="Validate partitions states" (11 ms), stage="Assign partitions states" (4 ms), stage="Apply update counters" (2 ms), stage="Full message preparing" (22 ms), stage="Full message sending" (0 ms), stage="State finish message sending" (0 ms), stage="Exchange done" (19 ms), stage="Total time" (409 ms)]
[14:31:36,288][INFO][exchange-worker-#43][GridDhtPartitionsExchangeFuture] Exchange longest local stages [startVer=AffinityTopologyVersion [topVer=1, minorTopVer=0], resVer=AffinityTopologyVersion [topVer=1, minorTopVer=0], stage="Coordinator affinity cache init [grp=ignite-sys-cache]" (148 ms) (parent=Determine exchange type), stage="First node affinity initialization (node join) [grp=ignite-sys-cache]" (7 ms) (parent=Determine exchange type)]
[14:31:36,294][INFO][exchange-worker-#43][time] Finished exchange init [topVer=AffinityTopologyVersion [topVer=1, minorTopVer=0], crd=true]
[14:31:36,312][INFO][exchange-worker-#43][GridCachePartitionExchangeManager] Skipping rebalancing (nothing scheduled) [top=AffinityTopologyVersion [topVer=1, minorTopVer=0], force=false, evt=NODE_JOINED, node=ef8489a0-0bfd-4165-87c7-833a6ba1c1c7]
[14:31:36,380][INFO][main][IgniteKernal] Performance suggestions for grid  (fix if possible)
[14:31:36,381][INFO][main][IgniteKernal] To disable, set -DIGNITE_PERFORMANCE_SUGGESTIONS_DISABLED=true
[14:31:36,381][INFO][main][IgniteKernal]   ^-- Switch to the most recent 1.8 JVM version
[14:31:36,381][INFO][main][IgniteKernal]   ^-- Specify JVM heap max size (add '-Xmx<size>[g|G|m|M|k|K]' to JVM options)
[14:31:36,381][INFO][main][IgniteKernal]   ^-- Set max direct memory size if getting 'OOME: Direct buffer memory' (add '-XX:MaxDirectMemorySize=<size>[g|G|m|M|k|K]' to JVM options)
[14:31:36,382][INFO][main][IgniteKernal]   ^-- Disable processing of calls to System.gc() (add '-XX:+DisableExplicitGC' to JVM options)
[14:31:36,382][INFO][main][IgniteKernal] Refer to this page for more performance suggestions: https://apacheignite.readme.io/docs/jvm-and-system-tuning
[14:31:36,382][INFO][main][IgniteKernal] 
[14:31:36,382][INFO][main][IgniteKernal] To start Console Management & Monitoring run ignitevisorcmd.{sh|bat}
[14:31:36,384][INFO][main][IgniteKernal] Data Regions Configured:
[14:31:36,386][INFO][main][IgniteKernal]   ^-- default [initSize=256,0 MiB, maxSize=3,2 GiB, persistence=false, lazyMemoryAllocation=true]
[14:31:36,388][INFO][main][IgniteKernal] 

>>> +----------------------------------------------------------------------+
>>> Ignite ver. 2.8.1#20200521-sha1:864220966caa4157c4fee8a1bc85171623963604
>>> +----------------------------------------------------------------------+
>>> OS name: Windows 10 10.0 amd64
>>> CPU(s): 8
>>> Heap: 4.0GB
>>> VM name: 18420@XPNOTE-20000915
>>> Local node [ID=EF8489A0-0BFD-4165-87C7-833A6BA1C1C7, order=1, clientMode=false]
>>> Local node addresses: [XPNOTE-20000915.xpcorretora.com.br/0:0:0:0:0:0:0:1, XPNOTE-20000915.xpcorretora.com.br/10.242.1.26, host.docker.internal/127.0.0.1, XPNOTE-20000915.xpcorretora.com.br/192.168.0.8, /2804:14c:33:8a15:7df8:71e2:7c45:dcfe, /2804:14c:33:8a15:e0b4:3cd9:40a5:7e83]
>>> Local ports: TCP:10800 TCP:11211 TCP:47100 UDP:47400 TCP:47500 

[14:31:36,395][INFO][main][GridDiscoveryManager] Topology snapshot [ver=1, locNode=ef8489a0, servers=1, clients=0, state=ACTIVE, CPUs=8, offheap=3.2GB, heap=4.0GB]
[14:31:36,395][INFO][main][GridDiscoveryManager]   ^-- Baseline [id=0, size=1, online=1, offline=0]
[14:31:36,396][INFO][main][G] Node started : [stage="Configure system pool" (116 ms),stage="Start managers" (1394 ms),stage="Configure binary metadata" (14 ms),stage="Start processors" (815 ms),stage="Init metastore" (2619 ms),stage="Finish recovery" (0 ms),stage="Join topology" (1852 ms),stage="Await transition" (25 ms),stage="Await exchange" (514 ms),stage="Total time" (7349 ms)]
[14:31:36,412][INFO][main][PluginProcessor] Configured .NET plugins:
[14:31:36,412][INFO][main][PluginProcessor]   ^-- None
[14:31:36,442][INFO][exchange-worker-#43][time] Started exchange init [topVer=AffinityTopologyVersion [topVer=1, minorTopVer=1], crd=true, evt=DISCOVERY_CUSTOM_EVT, evtNode=ef8489a0-0bfd-4165-87c7-833a6ba1c1c7, customEvt=DynamicCacheChangeBatch [id=b725c2a5471-16979a8b-f9ef-4afc-972d-b53d05236866, reqs=ArrayList [DynamicCacheChangeRequest [cacheName=my-cache, hasCfg=true, nodeId=ef8489a0-0bfd-4165-87c7-833a6ba1c1c7, clientStartOnly=false, stop=false, destroy=false, disabledAfterStartfalse]], exchangeActions=ExchangeActions [startCaches=[my-cache], stopCaches=null, startGrps=[my-cache], stopGrps=[], resetParts=null, stateChangeRequest=null], startCaches=false], allowMerge=false, exchangeFreeSwitch=false]
[14:31:36,487][INFO][exchange-worker-#43][GridCacheProcessor] Started cache [name=my-cache, id=-1910710239, dataRegionName=default, mode=PARTITIONED, atomicity=ATOMIC, backups=0, mvcc=false]
[14:31:36,532][INFO][exchange-worker-#43][GridDhtPartitionsExchangeFuture] Finished waiting for partition release future [topVer=AffinityTopologyVersion [topVer=1, minorTopVer=1], waitTime=0ms, futInfo=NA, mode=DISTRIBUTED]
[14:31:36,535][INFO][exchange-worker-#43][GridDhtPartitionsExchangeFuture] Finished waiting for partitions release latch: ServerLatch [permits=0, pendingAcks=HashSet [], super=CompletableLatch [id=CompletableLatchUid [id=exchange, topVer=AffinityTopologyVersion [topVer=1, minorTopVer=1]]]]
[14:31:36,536][INFO][exchange-worker-#43][GridDhtPartitionsExchangeFuture] Finished waiting for partition release future [topVer=AffinityTopologyVersion [topVer=1, minorTopVer=1], waitTime=0ms, futInfo=NA, mode=LOCAL]
[14:31:36,655][INFO][exchange-worker-#43][GridDhtPartitionsExchangeFuture] finishExchangeOnCoordinator [topVer=AffinityTopologyVersion [topVer=1, minorTopVer=1], resVer=AffinityTopologyVersion [topVer=1, minorTopVer=1]]
[14:31:36,689][INFO][exchange-worker-#43][GridDhtPartitionsExchangeFuture] Finish exchange future [startVer=AffinityTopologyVersion [topVer=1, minorTopVer=1], resVer=AffinityTopologyVersion [topVer=1, minorTopVer=1], err=null, rebalanced=true, wasRebalanced=true]
[14:31:36,695][INFO][exchange-worker-#43][GridCacheProcessor] Finish proxy initialization, cacheName=my-cache, localNodeId=ef8489a0-0bfd-4165-87c7-833a6ba1c1c7
[14:31:36,696][INFO][exchange-worker-#43][GridDhtPartitionsExchangeFuture] Completed partition exchange [localNode=ef8489a0-0bfd-4165-87c7-833a6ba1c1c7, exchange=GridDhtPartitionsExchangeFuture [topVer=AffinityTopologyVersion [topVer=1, minorTopVer=1], evt=DISCOVERY_CUSTOM_EVT, evtNode=TcpDiscoveryNode [id=ef8489a0-0bfd-4165-87c7-833a6ba1c1c7, consistentId=0:0:0:0:0:0:0:1,10.242.1.26,127.0.0.1,192.168.0.8,2804:14c:33:8a15:7df8:71e2:7c45:dcfe,2804:14c:33:8a15:e0b4:3cd9:40a5:7e83:47500, addrs=ArrayList [0:0:0:0:0:0:0:1, 10.242.1.26, 127.0.0.1, 192.168.0.8, 2804:14c:33:8a15:7df8:71e2:7c45:dcfe, 2804:14c:33:8a15:e0b4:3cd9:40a5:7e83], sockAddrs=HashSet [/[2804:14c:33:8a15:7df8:71e2:7c45:dcfe]:47500, /[2804:14c:33:8a15:e0b4:3cd9:40a5:7e83]:47500, XPNOTE-20000915.xpcorretora.com.br/192.168.0.8:47500, /10.242.1.26:47500, /[0:0:0:0:0:0:0:1]:47500, /127.0.0.1:47500], discPort=47500, order=1, intOrder=1, lastExchangeTime=1599240694022, loc=true, ver=2.8.1#20200521-sha1:86422096, isClient=false], done=true, newCrdFut=null], topVer=AffinityTopologyVersion [topVer=1, minorTopVer=1]]
[14:31:36,697][INFO][exchange-worker-#43][GridDhtPartitionsExchangeFuture] Exchange timings [startVer=AffinityTopologyVersion [topVer=1, minorTopVer=1], resVer=AffinityTopologyVersion [topVer=1, minorTopVer=1], stage="Waiting in exchange queue" (0 ms), stage="Exchange parameters initialization" (1 ms), stage="Update caches registry" (2 ms), stage="Start caches" (49 ms), stage="Affinity initialization on cache group start" (26 ms), stage="Determine exchange type" (0 ms), stage="Preloading notification" (0 ms), stage="WAL history reservation" (0 ms), stage="Wait partitions release" (12 ms), stage="Wait partitions release latch" (1 ms), stage="Wait partitions release" (0 ms), stage="After states restored callback" (118 ms), stage="Waiting for all single messages" (0 ms), stage="Affinity recalculation (crd)" (0 ms), stage="Collect update counters and create affinity messages" (0 ms), stage="Validate partitions states" (3 ms), stage="Assign partitions states" (1 ms), stage="Apply update counters" (1 ms), stage="Full message preparing" (27 ms), stage="Full message sending" (0 ms), stage="Exchange done" (8 ms), stage="Total time" (249 ms)]
[14:31:36,697][INFO][exchange-worker-#43][GridDhtPartitionsExchangeFuture] Exchange longest local stages [startVer=AffinityTopologyVersion [topVer=1, minorTopVer=1], resVer=AffinityTopologyVersion [topVer=1, minorTopVer=1], stage="Affinity initialization on cache group start [grp=my-cache]" (26 ms) (parent=Affinity initialization on cache group start)]
[14:31:36,699][INFO][exchange-worker-#43][time] Finished exchange init [topVer=AffinityTopologyVersion [topVer=1, minorTopVer=1], crd=true]
[14:31:36,705][INFO][exchange-worker-#43][GridCachePartitionExchangeManager] Skipping rebalancing (nothing scheduled) [top=AffinityTopologyVersion [topVer=1, minorTopVer=1], force=false, evt=DISCOVERY_CUSTOM_EVT, node=ef8489a0-0bfd-4165-87c7-833a6ba1c1c7]
[14:31:36,876][INFO][main][GridTcpRestProtocol] Command protocol successfully stopped: TCP binary
[14:31:36,907][INFO][main][GridCacheProcessor] Stopped cache [cacheName=ignite-sys-cache]
[14:31:36,908][INFO][main][GridCacheProcessor] Stopped cache [cacheName=my-cache]
[14:31:36,963][INFO][main][IgniteKernal] 

>>> +---------------------------------------------------------------------------------+
>>> Ignite ver. 2.8.1#20200521-sha1:864220966caa4157c4fee8a1bc85171623963604 stopped OK
>>> +---------------------------------------------------------------------------------+
>>> Grid uptime: 00:00:00.581


[14:31:52,036][WARNING][main][G] Ignite work directory is not provided, automatically resolved to: C:\Users\u002910\source\repos\ApacheIgniteExample\ApacheIgniteExample\ignite\work
[14:31:52,049][INFO][main][IgniteKernal] 

>>>    __________  ________________  
>>>   /  _/ ___/ |/ /  _/_  __/ __/  
>>>  _/ // (7 7    // /  / / / _/    
>>> /___/\___/_/|_/___/ /_/ /___/   
>>> 
>>> ver. 2.8.1#20200521-sha1:86422096
>>> 2020 Copyright(C) Apache Software Foundation
>>> 
>>> Ignite documentation: http://ignite.apache.org

[14:31:52,050][INFO][main][IgniteKernal] Config URL: n/a
[14:31:52,051][INFO][main][IgniteKernal] IgniteConfiguration [igniteInstanceName=null, pubPoolSize=8, svcPoolSize=8, callbackPoolSize=8, stripedPoolSize=8, sysPoolSize=8, mgmtPoolSize=4, igfsPoolSize=8, dataStreamerPoolSize=8, utilityCachePoolSize=8, utilityCacheKeepAliveTime=60000, p2pPoolSize=2, qryPoolSize=8, sqlQryHistSize=1000, dfltQryTimeout=0, igniteHome=null, igniteWorkDir=C:\Users\u002910\source\repos\ApacheIgniteExample\ApacheIgniteExample\ignite\work, mbeanSrv=com.sun.jmx.mbeanserver.JmxMBeanServer@4e91d63f, nodeId=cf0349da-3ebc-4e76-9d96-f219da32f39e, marsh=BinaryMarshaller [], marshLocJobs=false, daemon=false, p2pEnabled=false, netTimeout=5000, netCompressionLevel=1, sndRetryDelay=1000, sndRetryCnt=3, metricsHistSize=10000, metricsUpdateFreq=2000, metricsExpTime=9223372036854775807, discoSpi=TcpDiscoverySpi [addrRslvr=null, sockTimeout=0, ackTimeout=0, marsh=null, reconCnt=10, reconDelay=2000, maxAckTimeout=600000, soLinger=5, forceSrvMode=false, clientReconnectDisabled=false, internalLsnr=null, skipAddrsRandomization=false], segPlc=STOP, segResolveAttempts=2, waitForSegOnStart=true, allResolversPassReq=true, segChkFreq=10000, commSpi=TcpCommunicationSpi [connectGate=null, connPlc=org.apache.ignite.spi.communication.tcp.TcpCommunicationSpi$FirstConnectionPolicy@5d7835a8, chConnPlc=null, enableForcibleNodeKill=false, enableTroubleshootingLog=false, locAddr=null, locHost=null, locPort=47100, locPortRange=100, shmemPort=-1, directBuf=true, directSndBuf=false, idleConnTimeout=600000, connTimeout=5000, maxConnTimeout=600000, reconCnt=10, sockSndBuf=32768, sockRcvBuf=32768, msgQueueLimit=0, slowClientQueueLimit=0, nioSrvr=null, shmemSrv=null, usePairedConnections=false, connectionsPerNode=1, tcpNoDelay=true, filterReachableAddresses=false, ackSndThreshold=32, unackedMsgsBufSize=0, sockWriteTimeout=2000, boundTcpPort=-1, boundTcpShmemPort=-1, selectorsCnt=4, selectorSpins=0, addrRslvr=null, ctxInitLatch=java.util.concurrent.CountDownLatch@736048ed[Count = 1], stopping=false, metricsLsnr=null], evtSpi=org.apache.ignite.spi.eventstorage.NoopEventStorageSpi@1976f537, colSpi=NoopCollisionSpi [], deploySpi=LocalDeploymentSpi [], indexingSpi=org.apache.ignite.spi.indexing.noop.NoopIndexingSpi@6940f685, addrRslvr=null, encryptionSpi=org.apache.ignite.spi.encryption.noop.NoopEncryptionSpi@47b179d7, clientMode=false, rebalanceThreadPoolSize=4, rebalanceTimeout=10000, rebalanceBatchesPrefetchCnt=3, rebalanceThrottle=0, rebalanceBatchSize=524288, txCfg=TransactionConfiguration [txSerEnabled=false, dfltIsolation=REPEATABLE_READ, dfltConcurrency=PESSIMISTIC, dfltTxTimeout=0, txTimeoutOnPartitionMapExchange=0, deadlockTimeout=10000, pessimisticTxLogSize=0, pessimisticTxLogLinger=10000, tmLookupClsName=null, txManagerFactory=null, useJtaSync=false], cacheSanityCheckEnabled=true, discoStartupDelay=60000, deployMode=SHARED, p2pMissedCacheSize=100, locHost=null, timeSrvPortBase=31100, timeSrvPortRange=100, failureDetectionTimeout=10000, sysWorkerBlockedTimeout=null, clientFailureDetectionTimeout=30000, metricsLogFreq=60000, hadoopCfg=null, connectorCfg=ConnectorConfiguration [jettyPath=null, host=null, port=11211, noDelay=true, directBuf=false, sndBufSize=32768, rcvBufSize=32768, idleQryCurTimeout=600000, idleQryCurCheckFreq=60000, sndQueueLimit=0, selectorCnt=4, idleTimeout=7000, sslEnabled=false, sslClientAuth=false, sslCtxFactory=null, sslFactory=null, portRange=100, threadPoolSize=8, msgInterceptor=null], odbcCfg=null, warmupClos=null, atomicCfg=AtomicConfiguration [seqReserveSize=1000, cacheMode=PARTITIONED, backups=1, aff=null, grpName=null], classLdr=null, sslCtxFactory=null, platformCfg=PlatformDotNetConfiguration [binaryCfg=null], binaryCfg=null, memCfg=null, pstCfg=null, dsCfg=DataStorageConfiguration [sysRegionInitSize=41943040, sysRegionMaxSize=104857600, pageSize=0, concLvl=0, dfltDataRegConf=DataRegionConfiguration [name=default, maxSize=3397063475, initSize=268435456, swapPath=null, pageEvictionMode=DISABLED, evictionThreshold=0.9, emptyPagesPoolSize=100, metricsEnabled=false, metricsSubIntervalCount=5, metricsRateTimeInterval=60000, persistenceEnabled=false, checkpointPageBufSize=0, lazyMemoryAllocation=true], dataRegions=null, storagePath=null, checkpointFreq=180000, lockWaitTime=10000, checkpointThreads=4, checkpointWriteOrder=SEQUENTIAL, walHistSize=20, maxWalArchiveSize=1073741824, walSegments=10, walSegmentSize=67108864, walPath=db/wal, walArchivePath=db/wal/archive, metricsEnabled=false, walMode=LOG_ONLY, walTlbSize=131072, walBuffSize=0, walFlushFreq=2000, walFsyncDelay=1000, walRecordIterBuffSize=67108864, alwaysWriteFullPages=false, fileIOFactory=org.apache.ignite.internal.processors.cache.persistence.file.AsyncFileIOFactory@363a3d15, metricsSubIntervalCnt=5, metricsRateTimeInterval=60000, walAutoArchiveAfterInactivity=-1, writeThrottlingEnabled=false, walCompactionEnabled=false, walCompactionLevel=1, checkpointReadLockTimeout=null, walPageCompression=DISABLED, walPageCompressionLevel=null], activeOnStart=true, autoActivation=true, longQryWarnTimeout=3000, sqlConnCfg=null, cliConnCfg=ClientConnectorConfiguration [host=null, port=10800, portRange=100, sockSndBufSize=0, sockRcvBufSize=0, tcpNoDelay=true, maxOpenCursorsPerConn=128, threadPoolSize=8, idleTimeout=0, handshakeTimeout=10000, jdbcEnabled=true, odbcEnabled=true, thinCliEnabled=true, sslEnabled=false, useIgniteSslCtxFactory=true, sslClientAuth=false, sslCtxFactory=null, thinCliCfg=ThinClientConfiguration [maxActiveTxPerConn=100]], mvccVacuumThreadCnt=2, mvccVacuumFreq=5000, authEnabled=false, failureHnd=null, commFailureRslvr=null]
[14:31:52,051][INFO][main][IgniteKernal] Daemon mode: off
[14:31:52,051][INFO][main][IgniteKernal] OS: Windows 10 10.0 amd64
[14:31:52,051][INFO][main][IgniteKernal] OS user: U002910
[14:31:52,053][INFO][main][IgniteKernal] PID: 18420
[14:31:52,053][INFO][main][IgniteKernal] Language runtime: Java Platform API Specification ver. 14
[14:31:52,053][INFO][main][IgniteKernal] VM information: Java(TM) SE Runtime Environment 14.0.1+7 Oracle Corporation Java HotSpot(TM) 64-Bit Server VM 14.0.1+7
[14:31:52,053][INFO][main][IgniteKernal] VM total memory: 4.0GB
[14:31:52,053][INFO][main][IgniteKernal] Remote Management [restart: off, REST: on, JMX (remote: off)]
[14:31:52,054][INFO][main][IgniteKernal] Logger: JavaLogger [quiet=false, config=null]
[14:31:52,055][INFO][main][IgniteKernal] IGNITE_HOME=null
[14:31:52,056][INFO][main][IgniteKernal] VM arguments: [-Dfile.encoding=UTF-8, -Djava.util.logging.config.file=C:\Users\u002910\source\repos\ApacheIgniteExample\ApacheIgniteExample\bin\Debug\netcoreapp3.1\config\java.util.logging.properties, --add-exports=java.base/jdk.internal.misc=ALL-UNNAMED, --add-exports=java.base/sun.nio.ch=ALL-UNNAMED, --add-exports=java.management/com.sun.jmx.mbeanserver=ALL-UNNAMED, --add-exports=jdk.internal.jvmstat/sun.jvmstat.monitor=ALL-UNNAMED, --illegal-access=permit]
[14:31:52,056][INFO][main][IgniteKernal] System cache's DataRegion size is configured to 40 MB. Use DataStorageConfiguration.systemRegionInitialSize property to change the setting.
[14:31:52,057][INFO][main][IgniteKernal] Configured caches [in 'sysMemPlc' dataRegion: ['ignite-sys-cache']]
[14:31:52,057][WARNING][main][IgniteKernal] Please set system property '-Djava.net.preferIPv4Stack=true' to avoid possible problems in mixed environments.
[14:31:52,060][WARNING][pub-#75][GridDiagnostic] This operating system has been tested less rigorously: Windows 10 10.0 amd64. Our team will appreciate the feedback if you experience any problems running ignite in this environment.
[14:31:52,062][WARNING][pub-#78][GridDiagnostic] Initial heap size is 254MB (should be no less than 512MB, use -Xms512m -Xmx512m).
[14:31:52,068][INFO][main][IgnitePluginProcessor] Configured plugins:
[14:31:52,075][INFO][main][IgnitePluginProcessor]   ^-- None
[14:31:52,075][INFO][main][IgnitePluginProcessor] 
[14:31:52,076][INFO][main][FailureProcessor] Configured failure handler: [hnd=StopNodeOrHaltFailureHandler [tryStop=false, timeout=0, super=AbstractFailureHandler [ignoredFailureTypes=UnmodifiableSet [SYSTEM_WORKER_BLOCKED, SYSTEM_CRITICAL_OPERATION_TIMEOUT]]]]
[14:31:52,085][INFO][main][TcpCommunicationSpi] Successfully bound communication NIO server to TCP port [port=47100, locHost=0.0.0.0/0.0.0.0, selectorsCnt=4, selectorSpins=0, pairedConn=false]
[14:31:52,085][WARNING][main][TcpCommunicationSpi] Message queue limit is set to 0 which may lead to potential OOMEs when running cache operations in FULL_ASYNC or PRIMARY_SYNC modes due to message queues growth on sender and receiver sides.
[14:31:52,089][WARNING][main][NoopCheckpointSpi] Checkpoints are disabled (to enable configure any GridCheckpointSpi implementation)
[14:31:52,091][WARNING][main][GridCollisionManager] Collision resolution is disabled (all jobs will be activated upon arrival).
[14:31:52,091][INFO][main][IgniteKernal] Security status [authentication=off, tls/ssl=off]
[14:31:52,098][INFO][main][TcpDiscoverySpi] Successfully bound to TCP port [port=47500, localHost=0.0.0.0/0.0.0.0, locNodeId=cf0349da-3ebc-4e76-9d96-f219da32f39e]
[14:31:52,101][INFO][main][IgniteCacheDatabaseSharedManager] Configured data regions initialized successfully [total=3]
[14:31:52,102][INFO][main][PartitionsEvictManager] Evict partition permits=2
[14:31:52,115][WARNING][main][IgniteH2Indexing] Custom H2 serialization is already configured, will override.
[14:31:52,121][INFO][main][ClientListenerProcessor] Client connector processor has started on TCP port 10800
[14:31:52,131][INFO][main][GridTcpRestProtocol] Command protocol successfully started [name=TCP binary, host=0.0.0.0/0.0.0.0, port=11211]
[14:31:52,134][WARNING][main][PlatformProcessorImpl] Marshaller is automatically set to o.a.i.i.binary.BinaryMarshaller (other nodes must have the same marshaller type).
[14:31:54,260][INFO][main][IgniteKernal] Non-loopback local IPs: 10.242.1.26, 192.168.0.8, 2804:14c:33:8a15:7df8:71e2:7c45:dcfe, 2804:14c:33:8a15:e0b4:3cd9:40a5:7e83, fe80:0:0:0:3060:14bd:840f:5058%wlan0, fe80:0:0:0:a01f:a1d7:a05f:896%eth6, fe80:0:0:0:a5df:da4a:b94b:f121%eth8, fe80:0:0:0:d857:f6a9:1019:ddc%wlan1, fe80:0:0:0:e0b4:3cd9:40a5:7e83%wlan2
[14:31:54,260][INFO][main][IgniteKernal] Enabled local MACs: 025041000001, 0C29EFFE1D6C, 0C29EFFE1D6D, 5CCD5B4684F8, 5CCD5B4684F9, 5ECD5B4684F8
[14:31:54,262][INFO][main][TcpDiscoverySpi] Connection check threshold is calculated: 10000
[14:31:54,264][WARNING][main][TcpDiscoveryMulticastIpFinder] TcpDiscoveryMulticastIpFinder has no pre-configured addresses (it is recommended in production to specify at least one address in TcpDiscoveryMulticastIpFinder.getAddresses() configuration property)
[14:31:55,862][INFO][disco-notifier-worker-#97][GridClusterStateProcessor] Received activate request with BaselineTopology[id=0]
[14:31:55,866][INFO][disco-notifier-worker-#97][GridClusterStateProcessor] Started state transition: true
[14:31:55,866][INFO][disco-notifier-worker-#97][GridClusterStateProcessor] Received state change finish message: true
[14:31:55,866][INFO][disco-notifier-worker-#97][MvccProcessorImpl] Assigned mvcc coordinator [crd=MvccCoordinator [topVer=AffinityTopologyVersion [topVer=1, minorTopVer=0], nodeId=cf0349da-3ebc-4e76-9d96-f219da32f39e, ver=1599240715855, local=true, initialized=false]]
[14:31:55,869][INFO][disco-notifier-worker-#97][DistributedBaselineConfiguration] Baseline parameter 'baselineAutoAdjustEnabled' was changed from 'null' to 'true'
[14:31:55,873][INFO][disco-notifier-worker-#97][DistributedBaselineConfiguration] Baseline parameter 'baselineAutoAdjustTimeout' was changed from 'null' to '0'
[14:31:55,874][INFO][disco-notifier-worker-#97][IgniteH2Indexing] SQL parameter 'sql.disabledFunctions' was changed from 'null' to '[FILE_WRITE, CANCEL_SESSION, MEMORY_USED, CSVREAD, LINK_SCHEMA, MEMORY_FREE, FILE_READ, CSVWRITE, SESSION_ID, LOCK_MODE]'
[14:31:55,896][INFO][exchange-worker-#99][time] Started exchange init [topVer=AffinityTopologyVersion [topVer=1, minorTopVer=0], crd=true, evt=NODE_JOINED, evtNode=cf0349da-3ebc-4e76-9d96-f219da32f39e, customEvt=null, allowMerge=false, exchangeFreeSwitch=false]
[14:31:55,903][INFO][exchange-worker-#99][IgniteCacheDatabaseSharedManager] Configured data regions started successfully [total=3]
[14:31:55,903][INFO][exchange-worker-#99][msg] Components activation performed in 1 ms.
[14:31:55,905][INFO][exchange-worker-#99][GridCacheProcessor] Started cache [name=ignite-sys-cache, id=-2100569601, dataRegionName=sysMemPlc, mode=REPLICATED, atomicity=TRANSACTIONAL, backups=2147483647, mvcc=false]
[14:31:55,905][INFO][exchange-worker-#99][GridCacheProcessor] Starting caches on local join performed in 0 ms.
[14:31:55,908][INFO][exchange-worker-#99][GridDhtPartitionsExchangeFuture] Skipped waiting for partitions release future (local node is joining) [topVer=AffinityTopologyVersion [topVer=1, minorTopVer=0]]
[14:31:55,910][INFO][exchange-worker-#99][GridDhtPartitionsExchangeFuture] finishExchangeOnCoordinator [topVer=AffinityTopologyVersion [topVer=1, minorTopVer=0], resVer=AffinityTopologyVersion [topVer=1, minorTopVer=0]]
[14:31:55,917][INFO][exchange-worker-#99][GridDhtPartitionsExchangeFuture] Finish exchange future [startVer=AffinityTopologyVersion [topVer=1, minorTopVer=0], resVer=AffinityTopologyVersion [topVer=1, minorTopVer=0], err=null, rebalanced=true, wasRebalanced=false]
[14:31:55,918][INFO][exchange-worker-#99][GridCacheProcessor] Finish proxy initialization, cacheName=ignite-sys-cache, localNodeId=cf0349da-3ebc-4e76-9d96-f219da32f39e
[14:31:55,918][INFO][exchange-worker-#99][GridDhtPartitionsExchangeFuture] Completed partition exchange [localNode=cf0349da-3ebc-4e76-9d96-f219da32f39e, exchange=GridDhtPartitionsExchangeFuture [topVer=AffinityTopologyVersion [topVer=1, minorTopVer=0], evt=NODE_JOINED, evtNode=TcpDiscoveryNode [id=cf0349da-3ebc-4e76-9d96-f219da32f39e, consistentId=0:0:0:0:0:0:0:1,10.242.1.26,127.0.0.1,192.168.0.8,2804:14c:33:8a15:7df8:71e2:7c45:dcfe,2804:14c:33:8a15:e0b4:3cd9:40a5:7e83:47500, addrs=ArrayList [0:0:0:0:0:0:0:1, 10.242.1.26, 127.0.0.1, 192.168.0.8, 2804:14c:33:8a15:7df8:71e2:7c45:dcfe, 2804:14c:33:8a15:e0b4:3cd9:40a5:7e83], sockAddrs=HashSet [/[2804:14c:33:8a15:7df8:71e2:7c45:dcfe]:47500, /[2804:14c:33:8a15:e0b4:3cd9:40a5:7e83]:47500, XPNOTE-20000915.xpcorretora.com.br/192.168.0.8:47500, /10.242.1.26:47500, /[0:0:0:0:0:0:0:1]:47500, /127.0.0.1:47500], discPort=47500, order=1, intOrder=1, lastExchangeTime=1599240714260, loc=true, ver=2.8.1#20200521-sha1:86422096, isClient=false], done=true, newCrdFut=null], topVer=AffinityTopologyVersion [topVer=1, minorTopVer=0]]
[14:31:55,919][INFO][exchange-worker-#99][GridDhtPartitionsExchangeFuture] Exchange timings [startVer=AffinityTopologyVersion [topVer=1, minorTopVer=0], resVer=AffinityTopologyVersion [topVer=1, minorTopVer=0], stage="Waiting in exchange queue" (29 ms), stage="Exchange parameters initialization" (5 ms), stage="Components activation" (2 ms), stage="Determine exchange type" (4 ms), stage="Preloading notification" (0 ms), stage="WAL history reservation" (0 ms), stage="After states restored callback" (2 ms), stage="Waiting for all single messages" (0 ms), stage="Affinity recalculation (crd)" (0 ms), stage="Collect update counters and create affinity messages" (0 ms), stage="Validate partitions states" (0 ms), stage="Assign partitions states" (0 ms), stage="Apply update counters" (0 ms), stage="Full message preparing" (4 ms), stage="Full message sending" (0 ms), stage="State finish message sending" (0 ms), stage="Exchange done" (1 ms), stage="Total time" (47 ms)]
[14:31:55,919][INFO][exchange-worker-#99][GridDhtPartitionsExchangeFuture] Exchange longest local stages [startVer=AffinityTopologyVersion [topVer=1, minorTopVer=0], resVer=AffinityTopologyVersion [topVer=1, minorTopVer=0], stage="Coordinator affinity cache init [grp=ignite-sys-cache]" (2 ms) (parent=Determine exchange type), stage="First node affinity initialization (node join) [grp=ignite-sys-cache]" (1 ms) (parent=Determine exchange type)]
[14:31:55,921][INFO][exchange-worker-#99][time] Finished exchange init [topVer=AffinityTopologyVersion [topVer=1, minorTopVer=0], crd=true]
[14:31:55,922][INFO][exchange-worker-#99][GridCachePartitionExchangeManager] Skipping rebalancing (nothing scheduled) [top=AffinityTopologyVersion [topVer=1, minorTopVer=0], force=false, evt=NODE_JOINED, node=cf0349da-3ebc-4e76-9d96-f219da32f39e]
[14:31:55,940][INFO][main][IgniteKernal] Performance suggestions for grid  (fix if possible)
[14:31:55,941][INFO][main][IgniteKernal] To disable, set -DIGNITE_PERFORMANCE_SUGGESTIONS_DISABLED=true
[14:31:55,941][INFO][main][IgniteKernal]   ^-- Switch to the most recent 1.8 JVM version
[14:31:55,941][INFO][main][IgniteKernal]   ^-- Specify JVM heap max size (add '-Xmx<size>[g|G|m|M|k|K]' to JVM options)
[14:31:55,941][INFO][main][IgniteKernal]   ^-- Set max direct memory size if getting 'OOME: Direct buffer memory' (add '-XX:MaxDirectMemorySize=<size>[g|G|m|M|k|K]' to JVM options)
[14:31:55,941][INFO][main][IgniteKernal]   ^-- Disable processing of calls to System.gc() (add '-XX:+DisableExplicitGC' to JVM options)
[14:31:55,941][INFO][main][IgniteKernal] Refer to this page for more performance suggestions: https://apacheignite.readme.io/docs/jvm-and-system-tuning
[14:31:55,941][INFO][main][IgniteKernal] 
[14:31:55,941][INFO][main][IgniteKernal] To start Console Management & Monitoring run ignitevisorcmd.{sh|bat}
[14:31:55,942][INFO][main][IgniteKernal] Data Regions Configured:
[14:31:55,942][INFO][main][IgniteKernal]   ^-- default [initSize=256,0 MiB, maxSize=3,2 GiB, persistence=false, lazyMemoryAllocation=true]
[14:31:55,943][INFO][main][IgniteKernal] 

>>> +----------------------------------------------------------------------+
>>> Ignite ver. 2.8.1#20200521-sha1:864220966caa4157c4fee8a1bc85171623963604
>>> +----------------------------------------------------------------------+
>>> OS name: Windows 10 10.0 amd64
>>> CPU(s): 8
>>> Heap: 4.0GB
>>> VM name: 18420@XPNOTE-20000915
>>> Local node [ID=CF0349DA-3EBC-4E76-9D96-F219DA32F39E, order=1, clientMode=false]
>>> Local node addresses: [XPNOTE-20000915.xpcorretora.com.br/0:0:0:0:0:0:0:1, XPNOTE-20000915.xpcorretora.com.br/10.242.1.26, host.docker.internal/127.0.0.1, XPNOTE-20000915.xpcorretora.com.br/192.168.0.8, /2804:14c:33:8a15:7df8:71e2:7c45:dcfe, /2804:14c:33:8a15:e0b4:3cd9:40a5:7e83]
>>> Local ports: TCP:10800 TCP:11211 TCP:47100 UDP:47400 TCP:47500 

[14:31:55,943][INFO][main][GridDiscoveryManager] Topology snapshot [ver=1, locNode=cf0349da, servers=1, clients=0, state=ACTIVE, CPUs=8, offheap=3.2GB, heap=4.0GB]
[14:31:55,943][INFO][main][GridDiscoveryManager]   ^-- Baseline [id=0, size=1, online=1, offline=0]
[14:31:55,944][INFO][main][G] Node started : [stage="Configure system pool" (11 ms),stage="Start managers" (44 ms),stage="Configure binary metadata" (2 ms),stage="Start processors" (39 ms),stage="Init metastore" (2127 ms),stage="Finish recovery" (0 ms),stage="Join topology" (1605 ms),stage="Await transition" (2 ms),stage="Await exchange" (75 ms),stage="Total time" (3905 ms)]
[14:31:55,944][INFO][main][PluginProcessor] Configured .NET plugins:
[14:31:55,944][INFO][main][PluginProcessor]   ^-- None
[14:31:55,949][INFO][exchange-worker-#99][time] Started exchange init [topVer=AffinityTopologyVersion [topVer=1, minorTopVer=1], crd=true, evt=DISCOVERY_CUSTOM_EVT, evtNode=cf0349da-3ebc-4e76-9d96-f219da32f39e, customEvt=DynamicCacheChangeBatch [id=ea25c2a5471-16979a8b-f9ef-4afc-972d-b53d05236866, reqs=ArrayList [DynamicCacheChangeRequest [cacheName=my-cache, hasCfg=true, nodeId=cf0349da-3ebc-4e76-9d96-f219da32f39e, clientStartOnly=false, stop=false, destroy=false, disabledAfterStartfalse]], exchangeActions=ExchangeActions [startCaches=[my-cache], stopCaches=null, startGrps=[my-cache], stopGrps=[], resetParts=null, stateChangeRequest=null], startCaches=false], allowMerge=false, exchangeFreeSwitch=false]
[14:31:55,956][INFO][exchange-worker-#99][GridCacheProcessor] Started cache [name=my-cache, id=-1910710239, dataRegionName=default, mode=PARTITIONED, atomicity=ATOMIC, backups=0, mvcc=false]
[14:31:55,961][INFO][exchange-worker-#99][GridDhtPartitionsExchangeFuture] Finished waiting for partition release future [topVer=AffinityTopologyVersion [topVer=1, minorTopVer=1], waitTime=0ms, futInfo=NA, mode=DISTRIBUTED]
[14:31:55,962][INFO][exchange-worker-#99][GridDhtPartitionsExchangeFuture] Finished waiting for partitions release latch: ServerLatch [permits=0, pendingAcks=HashSet [], super=CompletableLatch [id=CompletableLatchUid [id=exchange, topVer=AffinityTopologyVersion [topVer=1, minorTopVer=1]]]]
[14:31:55,962][INFO][exchange-worker-#99][GridDhtPartitionsExchangeFuture] Finished waiting for partition release future [topVer=AffinityTopologyVersion [topVer=1, minorTopVer=1], waitTime=0ms, futInfo=NA, mode=LOCAL]
[14:31:55,988][INFO][exchange-worker-#99][GridDhtPartitionsExchangeFuture] finishExchangeOnCoordinator [topVer=AffinityTopologyVersion [topVer=1, minorTopVer=1], resVer=AffinityTopologyVersion [topVer=1, minorTopVer=1]]
[14:31:55,996][INFO][exchange-worker-#99][GridDhtPartitionsExchangeFuture] Finish exchange future [startVer=AffinityTopologyVersion [topVer=1, minorTopVer=1], resVer=AffinityTopologyVersion [topVer=1, minorTopVer=1], err=null, rebalanced=true, wasRebalanced=true]
[14:31:55,998][INFO][exchange-worker-#99][GridCacheProcessor] Finish proxy initialization, cacheName=my-cache, localNodeId=cf0349da-3ebc-4e76-9d96-f219da32f39e
[14:31:55,998][INFO][exchange-worker-#99][GridDhtPartitionsExchangeFuture] Completed partition exchange [localNode=cf0349da-3ebc-4e76-9d96-f219da32f39e, exchange=GridDhtPartitionsExchangeFuture [topVer=AffinityTopologyVersion [topVer=1, minorTopVer=1], evt=DISCOVERY_CUSTOM_EVT, evtNode=TcpDiscoveryNode [id=cf0349da-3ebc-4e76-9d96-f219da32f39e, consistentId=0:0:0:0:0:0:0:1,10.242.1.26,127.0.0.1,192.168.0.8,2804:14c:33:8a15:7df8:71e2:7c45:dcfe,2804:14c:33:8a15:e0b4:3cd9:40a5:7e83:47500, addrs=ArrayList [0:0:0:0:0:0:0:1, 10.242.1.26, 127.0.0.1, 192.168.0.8, 2804:14c:33:8a15:7df8:71e2:7c45:dcfe, 2804:14c:33:8a15:e0b4:3cd9:40a5:7e83], sockAddrs=HashSet [/[2804:14c:33:8a15:7df8:71e2:7c45:dcfe]:47500, /[2804:14c:33:8a15:e0b4:3cd9:40a5:7e83]:47500, XPNOTE-20000915.xpcorretora.com.br/192.168.0.8:47500, /10.242.1.26:47500, /[0:0:0:0:0:0:0:1]:47500, /127.0.0.1:47500], discPort=47500, order=1, intOrder=1, lastExchangeTime=1599240714260, loc=true, ver=2.8.1#20200521-sha1:86422096, isClient=false], done=true, newCrdFut=null], topVer=AffinityTopologyVersion [topVer=1, minorTopVer=1]]
[14:31:55,999][INFO][exchange-worker-#99][GridDhtPartitionsExchangeFuture] Exchange timings [startVer=AffinityTopologyVersion [topVer=1, minorTopVer=1], resVer=AffinityTopologyVersion [topVer=1, minorTopVer=1], stage="Waiting in exchange queue" (0 ms), stage="Exchange parameters initialization" (0 ms), stage="Update caches registry" (0 ms), stage="Start caches" (7 ms), stage="Affinity initialization on cache group start" (3 ms), stage="Determine exchange type" (0 ms), stage="Preloading notification" (0 ms), stage="WAL history reservation" (0 ms), stage="Wait partitions release" (0 ms), stage="Wait partitions release latch" (0 ms), stage="Wait partitions release" (0 ms), stage="After states restored callback" (25 ms), stage="Waiting for all single messages" (0 ms), stage="Affinity recalculation (crd)" (0 ms), stage="Collect update counters and create affinity messages" (0 ms), stage="Validate partitions states" (1 ms), stage="Assign partitions states" (0 ms), stage="Apply update counters" (0 ms), stage="Full message preparing" (3 ms), stage="Full message sending" (0 ms), stage="Exchange done" (2 ms), stage="Total time" (41 ms)]
[14:31:55,999][INFO][exchange-worker-#99][GridDhtPartitionsExchangeFuture] Exchange longest local stages [startVer=AffinityTopologyVersion [topVer=1, minorTopVer=1], resVer=AffinityTopologyVersion [topVer=1, minorTopVer=1], stage="Affinity initialization on cache group start [grp=my-cache]" (3 ms) (parent=Affinity initialization on cache group start)]
[14:31:56,000][INFO][exchange-worker-#99][time] Finished exchange init [topVer=AffinityTopologyVersion [topVer=1, minorTopVer=1], crd=true]
