[15:19:04,265][WARNING][main][G] Ignite work directory is not provided, automatically resolved to: C:\Users\u002910\source\repos\ApacheIgniteExample\ApacheIgniteExample\ignite\work
[15:19:04,533][INFO][main][IgniteKernal] 

>>>    __________  ________________  
>>>   /  _/ ___/ |/ /  _/_  __/ __/  
>>>  _/ // (7 7    // /  / / / _/    
>>> /___/\___/_/|_/___/ /_/ /___/   
>>> 
>>> ver. 2.8.1#20200521-sha1:86422096
>>> 2020 Copyright(C) Apache Software Foundation
>>> 
>>> Ignite documentation: http://ignite.apache.org

[15:19:04,533][INFO][main][IgniteKernal] Config URL: n/a
[15:19:04,564][INFO][main][IgniteKernal] IgniteConfiguration [igniteInstanceName=null, pubPoolSize=8, svcPoolSize=8, callbackPoolSize=8, stripedPoolSize=8, sysPoolSize=8, mgmtPoolSize=4, igfsPoolSize=8, dataStreamerPoolSize=8, utilityCachePoolSize=8, utilityCacheKeepAliveTime=60000, p2pPoolSize=2, qryPoolSize=8, sqlQryHistSize=1000, dfltQryTimeout=0, igniteHome=null, igniteWorkDir=C:\Users\u002910\source\repos\ApacheIgniteExample\ApacheIgniteExample\ignite\work, mbeanSrv=com.sun.jmx.mbeanserver.JmxMBeanServer@5be6e01c, nodeId=4ebc4acb-4f05-43a9-bd2d-be38f3a95c19, marsh=BinaryMarshaller [], marshLocJobs=false, daemon=false, p2pEnabled=false, netTimeout=5000, netCompressionLevel=1, sndRetryDelay=1000, sndRetryCnt=3, metricsHistSize=10000, metricsUpdateFreq=2000, metricsExpTime=9223372036854775807, discoSpi=TcpDiscoverySpi [addrRslvr=null, sockTimeout=300, ackTimeout=5000, marsh=null, reconCnt=10, reconDelay=2000, maxAckTimeout=600000, soLinger=5, forceSrvMode=false, clientReconnectDisabled=false, internalLsnr=null, skipAddrsRandomization=false], segPlc=STOP, segResolveAttempts=2, waitForSegOnStart=true, allResolversPassReq=true, segChkFreq=10000, commSpi=TcpCommunicationSpi [connectGate=null, connPlc=org.apache.ignite.spi.communication.tcp.TcpCommunicationSpi$FirstConnectionPolicy@1ed6388a, chConnPlc=null, enableForcibleNodeKill=false, enableTroubleshootingLog=false, locAddr=null, locHost=null, locPort=47100, locPortRange=100, shmemPort=-1, directBuf=true, directSndBuf=false, idleConnTimeout=600000, connTimeout=5000, maxConnTimeout=600000, reconCnt=10, sockSndBuf=32768, sockRcvBuf=32768, msgQueueLimit=0, slowClientQueueLimit=0, nioSrvr=null, shmemSrv=null, usePairedConnections=false, connectionsPerNode=1, tcpNoDelay=true, filterReachableAddresses=false, ackSndThreshold=32, unackedMsgsBufSize=0, sockWriteTimeout=2000, boundTcpPort=-1, boundTcpShmemPort=-1, selectorsCnt=4, selectorSpins=0, addrRslvr=null, ctxInitLatch=java.util.concurrent.CountDownLatch@5a45133e[Count = 1], stopping=false, metricsLsnr=null], evtSpi=org.apache.ignite.spi.eventstorage.NoopEventStorageSpi@534a5a98, colSpi=NoopCollisionSpi [], deploySpi=LocalDeploymentSpi [], indexingSpi=org.apache.ignite.spi.indexing.noop.NoopIndexingSpi@5e600dd5, addrRslvr=null, encryptionSpi=org.apache.ignite.spi.encryption.noop.NoopEncryptionSpi@576d5deb, clientMode=false, rebalanceThreadPoolSize=4, rebalanceTimeout=10000, rebalanceBatchesPrefetchCnt=3, rebalanceThrottle=0, rebalanceBatchSize=524288, txCfg=TransactionConfiguration [txSerEnabled=false, dfltIsolation=REPEATABLE_READ, dfltConcurrency=PESSIMISTIC, dfltTxTimeout=0, txTimeoutOnPartitionMapExchange=0, deadlockTimeout=10000, pessimisticTxLogSize=0, pessimisticTxLogLinger=10000, tmLookupClsName=null, txManagerFactory=null, useJtaSync=false], cacheSanityCheckEnabled=true, discoStartupDelay=60000, deployMode=SHARED, p2pMissedCacheSize=100, locHost=null, timeSrvPortBase=31100, timeSrvPortRange=100, failureDetectionTimeout=10000, sysWorkerBlockedTimeout=null, clientFailureDetectionTimeout=30000, metricsLogFreq=60000, hadoopCfg=null, connectorCfg=ConnectorConfiguration [jettyPath=null, host=null, port=11211, noDelay=true, directBuf=false, sndBufSize=32768, rcvBufSize=32768, idleQryCurTimeout=600000, idleQryCurCheckFreq=60000, sndQueueLimit=0, selectorCnt=4, idleTimeout=7000, sslEnabled=false, sslClientAuth=false, sslCtxFactory=null, sslFactory=null, portRange=100, threadPoolSize=8, msgInterceptor=null], odbcCfg=null, warmupClos=null, atomicCfg=AtomicConfiguration [seqReserveSize=1000, cacheMode=PARTITIONED, backups=1, aff=null, grpName=null], classLdr=null, sslCtxFactory=null, platformCfg=PlatformDotNetConfiguration [binaryCfg=null], binaryCfg=null, memCfg=null, pstCfg=null, dsCfg=DataStorageConfiguration [sysRegionInitSize=41943040, sysRegionMaxSize=104857600, pageSize=0, concLvl=0, dfltDataRegConf=DataRegionConfiguration [name=default, maxSize=3397063475, initSize=268435456, swapPath=null, pageEvictionMode=DISABLED, evictionThreshold=0.9, emptyPagesPoolSize=100, metricsEnabled=false, metricsSubIntervalCount=5, metricsRateTimeInterval=60000, persistenceEnabled=false, checkpointPageBufSize=0, lazyMemoryAllocation=true], dataRegions=null, storagePath=null, checkpointFreq=180000, lockWaitTime=10000, checkpointThreads=4, checkpointWriteOrder=SEQUENTIAL, walHistSize=20, maxWalArchiveSize=1073741824, walSegments=10, walSegmentSize=67108864, walPath=db/wal, walArchivePath=db/wal/archive, metricsEnabled=false, walMode=LOG_ONLY, walTlbSize=131072, walBuffSize=0, walFlushFreq=2000, walFsyncDelay=1000, walRecordIterBuffSize=67108864, alwaysWriteFullPages=false, fileIOFactory=org.apache.ignite.internal.processors.cache.persistence.file.AsyncFileIOFactory@41a0aa7d, metricsSubIntervalCnt=5, metricsRateTimeInterval=60000, walAutoArchiveAfterInactivity=-1, writeThrottlingEnabled=false, walCompactionEnabled=false, walCompactionLevel=1, checkpointReadLockTimeout=null, walPageCompression=DISABLED, walPageCompressionLevel=null], activeOnStart=true, autoActivation=true, longQryWarnTimeout=3000, sqlConnCfg=null, cliConnCfg=ClientConnectorConfiguration [host=null, port=10800, portRange=100, sockSndBufSize=0, sockRcvBufSize=0, tcpNoDelay=true, maxOpenCursorsPerConn=128, threadPoolSize=8, idleTimeout=0, handshakeTimeout=10000, jdbcEnabled=true, odbcEnabled=true, thinCliEnabled=true, sslEnabled=false, useIgniteSslCtxFactory=true, sslClientAuth=false, sslCtxFactory=null, thinCliCfg=ThinClientConfiguration [maxActiveTxPerConn=100]], mvccVacuumThreadCnt=2, mvccVacuumFreq=5000, authEnabled=false, failureHnd=null, commFailureRslvr=null]
[15:19:04,565][INFO][main][IgniteKernal] Daemon mode: off
[15:19:04,565][INFO][main][IgniteKernal] OS: Windows 10 10.0 amd64
[15:19:04,566][INFO][main][IgniteKernal] OS user: U002910
[15:19:04,582][INFO][main][IgniteKernal] PID: 23052
[15:19:04,583][INFO][main][IgniteKernal] Language runtime: Java Platform API Specification ver. 14
[15:19:04,584][INFO][main][IgniteKernal] VM information: Java(TM) SE Runtime Environment 14.0.1+7 Oracle Corporation Java HotSpot(TM) 64-Bit Server VM 14.0.1+7
[15:19:04,586][INFO][main][IgniteKernal] VM total memory: 1.0GB
[15:19:04,587][INFO][main][IgniteKernal] Remote Management [restart: off, REST: on, JMX (remote: off)]
[15:19:04,588][INFO][main][IgniteKernal] Logger: JavaLogger [quiet=false, config=null]
[15:19:04,590][INFO][main][IgniteKernal] IGNITE_HOME=null
[15:19:04,591][INFO][main][IgniteKernal] VM arguments: [-Xms1024m, -Xmx1024m, -Dfile.encoding=UTF-8, -Djava.util.logging.config.file=C:\Users\u002910\source\repos\ApacheIgniteExample\ApacheIgniteExample\bin\Debug\netcoreapp3.1\config\java.util.logging.properties, --add-exports=java.base/jdk.internal.misc=ALL-UNNAMED, --add-exports=java.base/sun.nio.ch=ALL-UNNAMED, --add-exports=java.management/com.sun.jmx.mbeanserver=ALL-UNNAMED, --add-exports=jdk.internal.jvmstat/sun.jvmstat.monitor=ALL-UNNAMED, --illegal-access=permit]
[15:19:04,591][INFO][main][IgniteKernal] System cache's DataRegion size is configured to 40 MB. Use DataStorageConfiguration.systemRegionInitialSize property to change the setting.
[15:19:04,592][INFO][main][IgniteKernal] Configured caches [in 'sysMemPlc' dataRegion: ['ignite-sys-cache'], in 'default' dataRegion: ['orders']]
[15:19:04,592][WARNING][main][IgniteKernal] Please set system property '-Djava.net.preferIPv4Stack=true' to avoid possible problems in mixed environments.
[15:19:04,599][WARNING][pub-#19][GridDiagnostic] This operating system has been tested less rigorously: Windows 10 10.0 amd64. Our team will appreciate the feedback if you experience any problems running ignite in this environment.
[15:19:04,785][INFO][main][IgnitePluginProcessor] Configured plugins:
[15:19:04,786][INFO][main][IgnitePluginProcessor]   ^-- None
[15:19:04,786][INFO][main][IgnitePluginProcessor] 
[15:19:04,789][INFO][main][FailureProcessor] Configured failure handler: [hnd=StopNodeOrHaltFailureHandler [tryStop=false, timeout=0, super=AbstractFailureHandler [ignoredFailureTypes=UnmodifiableSet [SYSTEM_WORKER_BLOCKED, SYSTEM_CRITICAL_OPERATION_TIMEOUT]]]]
[15:19:05,193][INFO][main][TcpCommunicationSpi] Successfully bound communication NIO server to TCP port [port=47100, locHost=0.0.0.0/0.0.0.0, selectorsCnt=4, selectorSpins=0, pairedConn=false]
[15:19:05,335][WARNING][main][TcpCommunicationSpi] Message queue limit is set to 0 which may lead to potential OOMEs when running cache operations in FULL_ASYNC or PRIMARY_SYNC modes due to message queues growth on sender and receiver sides.
[15:19:05,360][WARNING][main][NoopCheckpointSpi] Checkpoints are disabled (to enable configure any GridCheckpointSpi implementation)
[15:19:05,397][WARNING][main][GridCollisionManager] Collision resolution is disabled (all jobs will be activated upon arrival).
[15:19:05,404][INFO][main][IgniteKernal] Security status [authentication=off, tls/ssl=off]
[15:19:05,733][INFO][main][TcpDiscoverySpi] Successfully bound to TCP port [port=47500, localHost=0.0.0.0/0.0.0.0, locNodeId=4ebc4acb-4f05-43a9-bd2d-be38f3a95c19]
[15:19:05,773][WARNING][main][IgniteCacheDatabaseSharedManager] DataRegionConfiguration.maxWalArchiveSize instead DataRegionConfiguration.walHistorySize would be used for removing old archive wal files
[15:19:05,792][INFO][main][IgniteCacheDatabaseSharedManager] Configured data regions initialized successfully [total=3]
[15:19:05,815][INFO][main][PartitionsEvictManager] Evict partition permits=2
[15:19:05,941][WARNING][main][IgniteH2Indexing] Serialization of Java objects in H2 was enabled.
[15:19:06,248][INFO][main][ClientListenerProcessor] Client connector processor has started on TCP port 10800
[15:19:06,311][INFO][main][GridTcpRestProtocol] Command protocol successfully started [name=TCP binary, host=0.0.0.0/0.0.0.0, port=11211]
[15:19:06,336][WARNING][main][PlatformProcessorImpl] Marshaller is automatically set to o.a.i.i.binary.BinaryMarshaller (other nodes must have the same marshaller type).
[15:19:08,040][INFO][main][IgniteKernal] Non-loopback local IPs: 10.242.1.26, 192.168.0.8, 2804:14c:33:8a15:65eb:5124:b041:d6df, 2804:14c:33:8a15:e0b4:3cd9:40a5:7e83, fe80:0:0:0:3060:14bd:840f:5058%wlan0, fe80:0:0:0:a01f:a1d7:a05f:896%eth6, fe80:0:0:0:a5df:da4a:b94b:f121%eth8, fe80:0:0:0:d857:f6a9:1019:ddc%wlan1, fe80:0:0:0:e0b4:3cd9:40a5:7e83%wlan2
[15:19:08,040][INFO][main][IgniteKernal] Enabled local MACs: 025041000001, 0C29EFFE1D6C, 0C29EFFE1D6D, 5CCD5B4684F8, 5CCD5B4684F9, 5ECD5B4684F8
[15:19:08,062][INFO][main][TcpDiscoverySpi] Connection check threshold is calculated: 300
[15:19:13,519][INFO][disco-notifier-worker-#41][GridClusterStateProcessor] Received activate request with BaselineTopology[id=0]
[15:19:13,525][INFO][disco-notifier-worker-#41][GridClusterStateProcessor] Started state transition: true
[15:19:13,526][INFO][disco-notifier-worker-#41][GridClusterStateProcessor] Received state change finish message: true
[15:19:13,528][INFO][disco-notifier-worker-#41][MvccProcessorImpl] Assigned mvcc coordinator [crd=MvccCoordinator [topVer=AffinityTopologyVersion [topVer=1, minorTopVer=0], nodeId=4ebc4acb-4f05-43a9-bd2d-be38f3a95c19, ver=1600107553505, local=true, initialized=false]]
[15:19:13,561][INFO][disco-notifier-worker-#41][DistributedBaselineConfiguration] Baseline parameter 'baselineAutoAdjustEnabled' was changed from 'null' to 'true'
[15:19:13,564][INFO][disco-notifier-worker-#41][DistributedBaselineConfiguration] Baseline parameter 'baselineAutoAdjustTimeout' was changed from 'null' to '0'
[15:19:13,565][INFO][disco-notifier-worker-#41][IgniteH2Indexing] SQL parameter 'sql.disabledFunctions' was changed from 'null' to '[FILE_WRITE, CANCEL_SESSION, MEMORY_USED, CSVREAD, LINK_SCHEMA, MEMORY_FREE, FILE_READ, CSVWRITE, SESSION_ID, LOCK_MODE]'
[15:19:13,595][INFO][exchange-worker-#43][time] Started exchange init [topVer=AffinityTopologyVersion [topVer=1, minorTopVer=0], crd=true, evt=NODE_JOINED, evtNode=4ebc4acb-4f05-43a9-bd2d-be38f3a95c19, customEvt=null, allowMerge=false, exchangeFreeSwitch=false]
[15:19:13,616][INFO][exchange-worker-#43][IgniteCacheDatabaseSharedManager] Configured data regions started successfully [total=3]
[15:19:13,617][INFO][exchange-worker-#43][msg] Components activation performed in 15 ms.
[15:19:13,758][INFO][exchange-worker-#43][GridCacheProcessor] Started cache [name=orders, id=-1008770331, dataRegionName=default, mode=PARTITIONED, atomicity=ATOMIC, backups=0, mvcc=false]
[15:19:13,758][INFO][sys-#48][GridCacheProcessor] Started cache [name=ignite-sys-cache, id=-2100569601, dataRegionName=sysMemPlc, mode=REPLICATED, atomicity=TRANSACTIONAL, backups=2147483647, mvcc=false]
[15:19:13,779][INFO][exchange-worker-#43][GridCacheProcessor] Starting caches on local join performed in 169 ms.
[15:19:13,797][INFO][exchange-worker-#43][GridDhtPartitionsExchangeFuture] Skipped waiting for partitions release future (local node is joining) [topVer=AffinityTopologyVersion [topVer=1, minorTopVer=0]]
[15:19:13,950][INFO][exchange-worker-#43][GridDhtPartitionsExchangeFuture] finishExchangeOnCoordinator [topVer=AffinityTopologyVersion [topVer=1, minorTopVer=0], resVer=AffinityTopologyVersion [topVer=1, minorTopVer=0]]
[15:19:13,985][INFO][exchange-worker-#43][GridDhtPartitionsExchangeFuture] Finish exchange future [startVer=AffinityTopologyVersion [topVer=1, minorTopVer=0], resVer=AffinityTopologyVersion [topVer=1, minorTopVer=0], err=null, rebalanced=true, wasRebalanced=false]
[15:19:14,000][INFO][exchange-worker-#43][GridCacheProcessor] Finish proxy initialization, cacheName=ignite-sys-cache, localNodeId=4ebc4acb-4f05-43a9-bd2d-be38f3a95c19
[15:19:14,000][INFO][exchange-worker-#43][GridCacheProcessor] Finish proxy initialization, cacheName=orders, localNodeId=4ebc4acb-4f05-43a9-bd2d-be38f3a95c19
[15:19:14,001][INFO][exchange-worker-#43][GridDhtPartitionsExchangeFuture] Completed partition exchange [localNode=4ebc4acb-4f05-43a9-bd2d-be38f3a95c19, exchange=GridDhtPartitionsExchangeFuture [topVer=AffinityTopologyVersion [topVer=1, minorTopVer=0], evt=NODE_JOINED, evtNode=TcpDiscoveryNode [id=4ebc4acb-4f05-43a9-bd2d-be38f3a95c19, consistentId=0:0:0:0:0:0:0:1,10.242.1.26,127.0.0.1,192.168.0.8,2804:14c:33:8a15:65eb:5124:b041:d6df,2804:14c:33:8a15:e0b4:3cd9:40a5:7e83:47500, addrs=ArrayList [0:0:0:0:0:0:0:1, 10.242.1.26, 127.0.0.1, 192.168.0.8, 2804:14c:33:8a15:65eb:5124:b041:d6df, 2804:14c:33:8a15:e0b4:3cd9:40a5:7e83], sockAddrs=HashSet [/[2804:14c:33:8a15:e0b4:3cd9:40a5:7e83]:47500, /[2804:14c:33:8a15:65eb:5124:b041:d6df]:47500, XPNOTE-20000915.xpcorretora.com.br/192.168.0.8:47500, /10.242.1.26:47500, /[0:0:0:0:0:0:0:1]:47500, /127.0.0.1:47500], discPort=47500, order=1, intOrder=1, lastExchangeTime=1600107548059, loc=true, ver=2.8.1#20200521-sha1:86422096, isClient=false], done=true, newCrdFut=null], topVer=AffinityTopologyVersion [topVer=1, minorTopVer=0]]
[15:19:14,003][INFO][exchange-worker-#43][GridDhtPartitionsExchangeFuture] Exchange timings [startVer=AffinityTopologyVersion [topVer=1, minorTopVer=0], resVer=AffinityTopologyVersion [topVer=1, minorTopVer=0], stage="Waiting in exchange queue" (51 ms), stage="Exchange parameters initialization" (8 ms), stage="Components activation" (15 ms), stage="Determine exchange type" (177 ms), stage="Preloading notification" (1 ms), stage="WAL history reservation" (0 ms), stage="After states restored callback" (153 ms), stage="Waiting for all single messages" (0 ms), stage="Affinity recalculation (crd)" (0 ms), stage="Collect update counters and create affinity messages" (0 ms), stage="Validate partitions states" (2 ms), stage="Assign partitions states" (1 ms), stage="Apply update counters" (1 ms), stage="Full message preparing" (28 ms), stage="Full message sending" (0 ms), stage="State finish message sending" (0 ms), stage="Exchange done" (16 ms), stage="Total time" (453 ms)]
[15:19:14,004][INFO][exchange-worker-#43][GridDhtPartitionsExchangeFuture] Exchange longest local stages [startVer=AffinityTopologyVersion [topVer=1, minorTopVer=0], resVer=AffinityTopologyVersion [topVer=1, minorTopVer=0], stage="First node affinity initialization (node join) [grp=orders]" (175 ms) (parent=Determine exchange type), stage="Coordinator affinity cache init [grp=orders]" (164 ms) (parent=Determine exchange type), stage="Coordinator affinity cache init [grp=ignite-sys-cache]" (164 ms) (parent=Determine exchange type)]
[15:19:14,006][INFO][exchange-worker-#43][time] Finished exchange init [topVer=AffinityTopologyVersion [topVer=1, minorTopVer=0], crd=true]
[15:19:14,014][INFO][exchange-worker-#43][GridCachePartitionExchangeManager] Skipping rebalancing (nothing scheduled) [top=AffinityTopologyVersion [topVer=1, minorTopVer=0], force=false, evt=NODE_JOINED, node=4ebc4acb-4f05-43a9-bd2d-be38f3a95c19]
[15:19:14,076][INFO][main][IgniteKernal] Performance suggestions for grid  (fix if possible)
[15:19:14,076][INFO][main][IgniteKernal] To disable, set -DIGNITE_PERFORMANCE_SUGGESTIONS_DISABLED=true
[15:19:14,077][INFO][main][IgniteKernal]   ^-- Disable grid events (remove 'includeEventTypes' from configuration)
[15:19:14,077][INFO][main][IgniteKernal]   ^-- Switch to the most recent 1.8 JVM version
[15:19:14,077][INFO][main][IgniteKernal]   ^-- Set max direct memory size if getting 'OOME: Direct buffer memory' (add '-XX:MaxDirectMemorySize=<size>[g|G|m|M|k|K]' to JVM options)
[15:19:14,077][INFO][main][IgniteKernal]   ^-- Disable processing of calls to System.gc() (add '-XX:+DisableExplicitGC' to JVM options)
[15:19:14,077][INFO][main][IgniteKernal]   ^-- Enable write-behind to persistent store (set 'writeBehindEnabled' to true)
[15:19:14,077][INFO][main][IgniteKernal] Refer to this page for more performance suggestions: https://apacheignite.readme.io/docs/jvm-and-system-tuning
[15:19:14,078][INFO][main][IgniteKernal] 
[15:19:14,081][INFO][main][IgniteKernal] To start Console Management & Monitoring run ignitevisorcmd.{sh|bat}
[15:19:14,083][INFO][main][IgniteKernal] Data Regions Configured:
[15:19:14,085][INFO][main][IgniteKernal]   ^-- default [initSize=256,0 MiB, maxSize=3,2 GiB, persistence=false, lazyMemoryAllocation=true]
[15:19:14,087][INFO][main][IgniteKernal] 

>>> +----------------------------------------------------------------------+
>>> Ignite ver. 2.8.1#20200521-sha1:864220966caa4157c4fee8a1bc85171623963604
>>> +----------------------------------------------------------------------+
>>> OS name: Windows 10 10.0 amd64
>>> CPU(s): 8
>>> Heap: 1.0GB
>>> VM name: 23052@XPNOTE-20000915
>>> Local node [ID=4EBC4ACB-4F05-43A9-BD2D-BE38F3A95C19, order=1, clientMode=false]
>>> Local node addresses: [XPNOTE-20000915.xpcorretora.com.br/0:0:0:0:0:0:0:1, host.docker.internal/10.242.1.26, XPNOTE-20000915.xpcorretora.com.br/127.0.0.1, XPNOTE-20000915.xpcorretora.com.br/192.168.0.8, /2804:14c:33:8a15:65eb:5124:b041:d6df, /2804:14c:33:8a15:e0b4:3cd9:40a5:7e83]
>>> Local ports: TCP:10800 TCP:11211 TCP:47100 TCP:47500 

[15:19:14,090][INFO][main][GridDiscoveryManager] Topology snapshot [ver=1, locNode=4ebc4acb, servers=1, clients=0, state=ACTIVE, CPUs=8, offheap=3.2GB, heap=1.0GB]
[15:19:14,090][INFO][main][GridDiscoveryManager]   ^-- Baseline [id=0, size=1, online=1, offline=0]
[15:19:14,091][INFO][main][G] Node started : [stage="Configure system pool" (53 ms),stage="Start managers" (928 ms),stage="Configure binary metadata" (20 ms),stage="Start processors" (909 ms),stage="Init metastore" (1672 ms),stage="Finish recovery" (0 ms),stage="Join topology" (5475 ms),stage="Await transition" (28 ms),stage="Await exchange" (535 ms),stage="Total time" (9620 ms)]
[15:19:14,104][INFO][main][PluginProcessor] Configured .NET plugins:
[15:19:14,105][INFO][main][PluginProcessor]   ^-- None
