[14:47:05,940][WARNING][main][G] Ignite work directory is not provided, automatically resolved to: C:\Users\u002910\source\repos\ApacheIgniteExample\ApacheIgniteExample\ignite\work
[14:47:06,252][INFO][main][IgniteKernal] 

>>>    __________  ________________  
>>>   /  _/ ___/ |/ /  _/_  __/ __/  
>>>  _/ // (7 7    // /  / / / _/    
>>> /___/\___/_/|_/___/ /_/ /___/   
>>> 
>>> ver. 2.8.1#20200521-sha1:86422096
>>> 2020 Copyright(C) Apache Software Foundation
>>> 
>>> Ignite documentation: http://ignite.apache.org

[14:47:06,252][INFO][main][IgniteKernal] Config URL: n/a
[14:47:06,288][INFO][main][IgniteKernal] IgniteConfiguration [igniteInstanceName=null, pubPoolSize=8, svcPoolSize=8, callbackPoolSize=8, stripedPoolSize=8, sysPoolSize=8, mgmtPoolSize=4, igfsPoolSize=8, dataStreamerPoolSize=8, utilityCachePoolSize=8, utilityCacheKeepAliveTime=60000, p2pPoolSize=2, qryPoolSize=8, sqlQryHistSize=1000, dfltQryTimeout=0, igniteHome=null, igniteWorkDir=C:\Users\u002910\source\repos\ApacheIgniteExample\ApacheIgniteExample\ignite\work, mbeanSrv=com.sun.jmx.mbeanserver.JmxMBeanServer@1a04f701, nodeId=34f00a21-dad8-4ffd-9509-390e51b51b9b, marsh=BinaryMarshaller [], marshLocJobs=false, daemon=false, p2pEnabled=false, netTimeout=5000, netCompressionLevel=1, sndRetryDelay=1000, sndRetryCnt=3, metricsHistSize=10000, metricsUpdateFreq=2000, metricsExpTime=9223372036854775807, discoSpi=TcpDiscoverySpi [addrRslvr=null, sockTimeout=0, ackTimeout=0, marsh=null, reconCnt=10, reconDelay=2000, maxAckTimeout=600000, soLinger=5, forceSrvMode=false, clientReconnectDisabled=false, internalLsnr=null, skipAddrsRandomization=false], segPlc=STOP, segResolveAttempts=2, waitForSegOnStart=true, allResolversPassReq=true, segChkFreq=10000, commSpi=TcpCommunicationSpi [connectGate=null, connPlc=org.apache.ignite.spi.communication.tcp.TcpCommunicationSpi$FirstConnectionPolicy@12aba8be, chConnPlc=null, enableForcibleNodeKill=false, enableTroubleshootingLog=false, locAddr=null, locHost=null, locPort=47100, locPortRange=100, shmemPort=-1, directBuf=true, directSndBuf=false, idleConnTimeout=600000, connTimeout=5000, maxConnTimeout=600000, reconCnt=10, sockSndBuf=32768, sockRcvBuf=32768, msgQueueLimit=0, slowClientQueueLimit=0, nioSrvr=null, shmemSrv=null, usePairedConnections=false, connectionsPerNode=1, tcpNoDelay=true, filterReachableAddresses=false, ackSndThreshold=32, unackedMsgsBufSize=0, sockWriteTimeout=2000, boundTcpPort=-1, boundTcpShmemPort=-1, selectorsCnt=4, selectorSpins=0, addrRslvr=null, ctxInitLatch=java.util.concurrent.CountDownLatch@290222c1[Count = 1], stopping=false, metricsLsnr=null], evtSpi=org.apache.ignite.spi.eventstorage.NoopEventStorageSpi@67f639d3, colSpi=NoopCollisionSpi [], deploySpi=LocalDeploymentSpi [], indexingSpi=org.apache.ignite.spi.indexing.noop.NoopIndexingSpi@82de64a, addrRslvr=null, encryptionSpi=org.apache.ignite.spi.encryption.noop.NoopEncryptionSpi@659499f1, clientMode=false, rebalanceThreadPoolSize=4, rebalanceTimeout=10000, rebalanceBatchesPrefetchCnt=3, rebalanceThrottle=0, rebalanceBatchSize=524288, txCfg=TransactionConfiguration [txSerEnabled=false, dfltIsolation=REPEATABLE_READ, dfltConcurrency=PESSIMISTIC, dfltTxTimeout=0, txTimeoutOnPartitionMapExchange=0, deadlockTimeout=10000, pessimisticTxLogSize=0, pessimisticTxLogLinger=10000, tmLookupClsName=null, txManagerFactory=null, useJtaSync=false], cacheSanityCheckEnabled=true, discoStartupDelay=60000, deployMode=SHARED, p2pMissedCacheSize=100, locHost=null, timeSrvPortBase=31100, timeSrvPortRange=100, failureDetectionTimeout=10000, sysWorkerBlockedTimeout=null, clientFailureDetectionTimeout=30000, metricsLogFreq=60000, hadoopCfg=null, connectorCfg=ConnectorConfiguration [jettyPath=null, host=null, port=11211, noDelay=true, directBuf=false, sndBufSize=32768, rcvBufSize=32768, idleQryCurTimeout=600000, idleQryCurCheckFreq=60000, sndQueueLimit=0, selectorCnt=4, idleTimeout=7000, sslEnabled=false, sslClientAuth=false, sslCtxFactory=null, sslFactory=null, portRange=100, threadPoolSize=8, msgInterceptor=null], odbcCfg=null, warmupClos=null, atomicCfg=AtomicConfiguration [seqReserveSize=1000, cacheMode=PARTITIONED, backups=1, aff=null, grpName=null], classLdr=null, sslCtxFactory=null, platformCfg=PlatformDotNetConfiguration [binaryCfg=null], binaryCfg=null, memCfg=null, pstCfg=null, dsCfg=DataStorageConfiguration [sysRegionInitSize=41943040, sysRegionMaxSize=104857600, pageSize=0, concLvl=0, dfltDataRegConf=DataRegionConfiguration [name=default, maxSize=3397063475, initSize=268435456, swapPath=null, pageEvictionMode=DISABLED, evictionThreshold=0.9, emptyPagesPoolSize=100, metricsEnabled=false, metricsSubIntervalCount=5, metricsRateTimeInterval=60000, persistenceEnabled=false, checkpointPageBufSize=0, lazyMemoryAllocation=true], dataRegions=null, storagePath=null, checkpointFreq=180000, lockWaitTime=10000, checkpointThreads=4, checkpointWriteOrder=SEQUENTIAL, walHistSize=20, maxWalArchiveSize=1073741824, walSegments=10, walSegmentSize=67108864, walPath=db/wal, walArchivePath=db/wal/archive, metricsEnabled=false, walMode=LOG_ONLY, walTlbSize=131072, walBuffSize=0, walFlushFreq=2000, walFsyncDelay=1000, walRecordIterBuffSize=67108864, alwaysWriteFullPages=false, fileIOFactory=org.apache.ignite.internal.processors.cache.persistence.file.AsyncFileIOFactory@7d4f9aae, metricsSubIntervalCnt=5, metricsRateTimeInterval=60000, walAutoArchiveAfterInactivity=-1, writeThrottlingEnabled=false, walCompactionEnabled=false, walCompactionLevel=1, checkpointReadLockTimeout=null, walPageCompression=DISABLED, walPageCompressionLevel=null], activeOnStart=true, autoActivation=true, longQryWarnTimeout=3000, sqlConnCfg=null, cliConnCfg=ClientConnectorConfiguration [host=null, port=10800, portRange=100, sockSndBufSize=0, sockRcvBufSize=0, tcpNoDelay=true, maxOpenCursorsPerConn=128, threadPoolSize=8, idleTimeout=0, handshakeTimeout=10000, jdbcEnabled=true, odbcEnabled=true, thinCliEnabled=true, sslEnabled=false, useIgniteSslCtxFactory=true, sslClientAuth=false, sslCtxFactory=null, thinCliCfg=ThinClientConfiguration [maxActiveTxPerConn=100]], mvccVacuumThreadCnt=2, mvccVacuumFreq=5000, authEnabled=false, failureHnd=null, commFailureRslvr=null]
[14:47:06,289][INFO][main][IgniteKernal] Daemon mode: off
[14:47:06,289][INFO][main][IgniteKernal] OS: Windows 10 10.0 amd64
[14:47:06,290][INFO][main][IgniteKernal] OS user: U002910
[14:47:06,315][INFO][main][IgniteKernal] PID: 25196
[14:47:06,316][INFO][main][IgniteKernal] Language runtime: Java Platform API Specification ver. 14
[14:47:06,317][INFO][main][IgniteKernal] VM information: Java(TM) SE Runtime Environment 14.0.1+7 Oracle Corporation Java HotSpot(TM) 64-Bit Server VM 14.0.1+7
[14:47:06,318][INFO][main][IgniteKernal] VM total memory: 4.0GB
[14:47:06,318][INFO][main][IgniteKernal] Remote Management [restart: off, REST: on, JMX (remote: off)]
[14:47:06,319][INFO][main][IgniteKernal] Logger: JavaLogger [quiet=false, config=null]
[14:47:06,320][INFO][main][IgniteKernal] IGNITE_HOME=null
[14:47:06,321][INFO][main][IgniteKernal] VM arguments: [-Dfile.encoding=UTF-8, -Djava.util.logging.config.file=C:\Users\u002910\source\repos\ApacheIgniteExample\ApacheIgniteExample\bin\Debug\netcoreapp3.1\config\java.util.logging.properties, --add-exports=java.base/jdk.internal.misc=ALL-UNNAMED, --add-exports=java.base/sun.nio.ch=ALL-UNNAMED, --add-exports=java.management/com.sun.jmx.mbeanserver=ALL-UNNAMED, --add-exports=jdk.internal.jvmstat/sun.jvmstat.monitor=ALL-UNNAMED, --illegal-access=permit]
[14:47:06,321][INFO][main][IgniteKernal] System cache's DataRegion size is configured to 40 MB. Use DataStorageConfiguration.systemRegionInitialSize property to change the setting.
[14:47:06,322][INFO][main][IgniteKernal] Configured caches [in 'sysMemPlc' dataRegion: ['ignite-sys-cache']]
[14:47:06,322][WARNING][main][IgniteKernal] Please set system property '-Djava.net.preferIPv4Stack=true' to avoid possible problems in mixed environments.
[14:47:06,327][WARNING][pub-#19][GridDiagnostic] This operating system has been tested less rigorously: Windows 10 10.0 amd64. Our team will appreciate the feedback if you experience any problems running ignite in this environment.
[14:47:06,342][WARNING][pub-#22][GridDiagnostic] Initial heap size is 254MB (should be no less than 512MB, use -Xms512m -Xmx512m).
[14:47:06,504][INFO][main][IgnitePluginProcessor] Configured plugins:
[14:47:06,505][INFO][main][IgnitePluginProcessor]   ^-- None
[14:47:06,505][INFO][main][IgnitePluginProcessor] 
[14:47:06,510][INFO][main][FailureProcessor] Configured failure handler: [hnd=StopNodeOrHaltFailureHandler [tryStop=false, timeout=0, super=AbstractFailureHandler [ignoredFailureTypes=UnmodifiableSet [SYSTEM_WORKER_BLOCKED, SYSTEM_CRITICAL_OPERATION_TIMEOUT]]]]
[14:47:06,989][INFO][main][TcpCommunicationSpi] Successfully bound communication NIO server to TCP port [port=47100, locHost=0.0.0.0/0.0.0.0, selectorsCnt=4, selectorSpins=0, pairedConn=false]
[14:47:07,229][WARNING][main][TcpCommunicationSpi] Message queue limit is set to 0 which may lead to potential OOMEs when running cache operations in FULL_ASYNC or PRIMARY_SYNC modes due to message queues growth on sender and receiver sides.
[14:47:07,256][WARNING][main][NoopCheckpointSpi] Checkpoints are disabled (to enable configure any GridCheckpointSpi implementation)
[14:47:07,298][WARNING][main][GridCollisionManager] Collision resolution is disabled (all jobs will be activated upon arrival).
[14:47:07,305][INFO][main][IgniteKernal] Security status [authentication=off, tls/ssl=off]
[14:47:07,587][INFO][main][TcpDiscoverySpi] Successfully bound to TCP port [port=47500, localHost=0.0.0.0/0.0.0.0, locNodeId=34f00a21-dad8-4ffd-9509-390e51b51b9b]
[14:47:07,618][WARNING][main][IgniteCacheDatabaseSharedManager] DataRegionConfiguration.maxWalArchiveSize instead DataRegionConfiguration.walHistorySize would be used for removing old archive wal files
[14:47:07,635][INFO][main][IgniteCacheDatabaseSharedManager] Configured data regions initialized successfully [total=3]
[14:47:07,653][INFO][main][PartitionsEvictManager] Evict partition permits=2
[14:47:07,723][WARNING][main][IgniteH2Indexing] Serialization of Java objects in H2 was enabled.
[14:47:07,978][INFO][main][ClientListenerProcessor] Client connector processor has started on TCP port 10800
[14:47:08,046][INFO][main][GridTcpRestProtocol] Command protocol successfully started [name=TCP binary, host=0.0.0.0/0.0.0.0, port=11211]
[14:47:08,083][WARNING][main][PlatformProcessorImpl] Marshaller is automatically set to o.a.i.i.binary.BinaryMarshaller (other nodes must have the same marshaller type).
[14:47:09,751][INFO][main][IgniteKernal] Non-loopback local IPs: 10.242.1.26, 192.168.0.8, 2804:14c:33:8a15:7df8:71e2:7c45:dcfe, 2804:14c:33:8a15:e0b4:3cd9:40a5:7e83, fe80:0:0:0:3060:14bd:840f:5058%wlan0, fe80:0:0:0:a01f:a1d7:a05f:896%eth6, fe80:0:0:0:a5df:da4a:b94b:f121%eth8, fe80:0:0:0:d857:f6a9:1019:ddc%wlan1, fe80:0:0:0:e0b4:3cd9:40a5:7e83%wlan2
[14:47:09,752][INFO][main][IgniteKernal] Enabled local MACs: 025041000001, 0C29EFFE1D6C, 0C29EFFE1D6D, 5CCD5B4684F8, 5CCD5B4684F9, 5ECD5B4684F8
[14:47:09,784][INFO][main][TcpDiscoverySpi] Connection check threshold is calculated: 10000
[14:47:09,789][WARNING][main][TcpDiscoveryMulticastIpFinder] TcpDiscoveryMulticastIpFinder has no pre-configured addresses (it is recommended in production to specify at least one address in TcpDiscoveryMulticastIpFinder.getAddresses() configuration property)
[14:47:11,479][INFO][disco-notifier-worker-#41][GridClusterStateProcessor] Received activate request with BaselineTopology[id=0]
[14:47:11,485][INFO][disco-notifier-worker-#41][GridClusterStateProcessor] Started state transition: true
[14:47:11,490][INFO][disco-notifier-worker-#41][GridClusterStateProcessor] Received state change finish message: true
[14:47:11,498][INFO][disco-notifier-worker-#41][MvccProcessorImpl] Assigned mvcc coordinator [crd=MvccCoordinator [topVer=AffinityTopologyVersion [topVer=1, minorTopVer=0], nodeId=34f00a21-dad8-4ffd-9509-390e51b51b9b, ver=1599241631460, local=true, initialized=false]]
[14:47:11,555][INFO][disco-notifier-worker-#41][DistributedBaselineConfiguration] Baseline parameter 'baselineAutoAdjustEnabled' was changed from 'null' to 'true'
[14:47:11,563][INFO][disco-notifier-worker-#41][DistributedBaselineConfiguration] Baseline parameter 'baselineAutoAdjustTimeout' was changed from 'null' to '0'
[14:47:11,566][INFO][disco-notifier-worker-#41][IgniteH2Indexing] SQL parameter 'sql.disabledFunctions' was changed from 'null' to '[FILE_WRITE, CANCEL_SESSION, MEMORY_USED, CSVREAD, LINK_SCHEMA, MEMORY_FREE, FILE_READ, CSVWRITE, SESSION_ID, LOCK_MODE]'
[14:47:11,614][INFO][exchange-worker-#43][time] Started exchange init [topVer=AffinityTopologyVersion [topVer=1, minorTopVer=0], crd=true, evt=NODE_JOINED, evtNode=34f00a21-dad8-4ffd-9509-390e51b51b9b, customEvt=null, allowMerge=false, exchangeFreeSwitch=false]
[14:47:11,650][INFO][exchange-worker-#43][IgniteCacheDatabaseSharedManager] Configured data regions started successfully [total=3]
[14:47:11,651][INFO][exchange-worker-#43][msg] Components activation performed in 31 ms.
[14:47:11,813][INFO][exchange-worker-#43][GridCacheProcessor] Started cache [name=ignite-sys-cache, id=-2100569601, dataRegionName=sysMemPlc, mode=REPLICATED, atomicity=TRANSACTIONAL, backups=2147483647, mvcc=false]
[14:47:11,814][INFO][exchange-worker-#43][GridCacheProcessor] Starting caches on local join performed in 161 ms.
[14:47:11,830][INFO][exchange-worker-#43][GridDhtPartitionsExchangeFuture] Skipped waiting for partitions release future (local node is joining) [topVer=AffinityTopologyVersion [topVer=1, minorTopVer=0]]
[14:47:11,899][INFO][exchange-worker-#43][GridDhtPartitionsExchangeFuture] finishExchangeOnCoordinator [topVer=AffinityTopologyVersion [topVer=1, minorTopVer=0], resVer=AffinityTopologyVersion [topVer=1, minorTopVer=0]]
[14:47:11,929][INFO][exchange-worker-#43][GridDhtPartitionsExchangeFuture] Finish exchange future [startVer=AffinityTopologyVersion [topVer=1, minorTopVer=0], resVer=AffinityTopologyVersion [topVer=1, minorTopVer=0], err=null, rebalanced=true, wasRebalanced=false]
[14:47:11,943][INFO][exchange-worker-#43][GridCacheProcessor] Finish proxy initialization, cacheName=ignite-sys-cache, localNodeId=34f00a21-dad8-4ffd-9509-390e51b51b9b
[14:47:11,945][INFO][exchange-worker-#43][GridDhtPartitionsExchangeFuture] Completed partition exchange [localNode=34f00a21-dad8-4ffd-9509-390e51b51b9b, exchange=GridDhtPartitionsExchangeFuture [topVer=AffinityTopologyVersion [topVer=1, minorTopVer=0], evt=NODE_JOINED, evtNode=TcpDiscoveryNode [id=34f00a21-dad8-4ffd-9509-390e51b51b9b, consistentId=0:0:0:0:0:0:0:1,10.242.1.26,127.0.0.1,192.168.0.8,2804:14c:33:8a15:7df8:71e2:7c45:dcfe,2804:14c:33:8a15:e0b4:3cd9:40a5:7e83:47500, addrs=ArrayList [0:0:0:0:0:0:0:1, 10.242.1.26, 127.0.0.1, 192.168.0.8, 2804:14c:33:8a15:7df8:71e2:7c45:dcfe, 2804:14c:33:8a15:e0b4:3cd9:40a5:7e83], sockAddrs=HashSet [/[2804:14c:33:8a15:7df8:71e2:7c45:dcfe]:47500, /[2804:14c:33:8a15:e0b4:3cd9:40a5:7e83]:47500, XPNOTE-20000915.xpcorretora.com.br/192.168.0.8:47500, /10.242.1.26:47500, /[0:0:0:0:0:0:0:1]:47500, /127.0.0.1:47500], discPort=47500, order=1, intOrder=1, lastExchangeTime=1599241629780, loc=true, ver=2.8.1#20200521-sha1:86422096, isClient=false], done=true, newCrdFut=null], topVer=AffinityTopologyVersion [topVer=1, minorTopVer=0]]
[14:47:11,946][INFO][exchange-worker-#43][GridDhtPartitionsExchangeFuture] Exchange timings [startVer=AffinityTopologyVersion [topVer=1, minorTopVer=0], resVer=AffinityTopologyVersion [topVer=1, minorTopVer=0], stage="Waiting in exchange queue" (93 ms), stage="Exchange parameters initialization" (11 ms), stage="Components activation" (30 ms), stage="Determine exchange type" (178 ms), stage="Preloading notification" (0 ms), stage="WAL history reservation" (0 ms), stage="After states restored callback" (68 ms), stage="Waiting for all single messages" (0 ms), stage="Affinity recalculation (crd)" (0 ms), stage="Collect update counters and create affinity messages" (0 ms), stage="Validate partitions states" (2 ms), stage="Assign partitions states" (1 ms), stage="Apply update counters" (0 ms), stage="Full message preparing" (23 ms), stage="Full message sending" (0 ms), stage="State finish message sending" (0 ms), stage="Exchange done" (15 ms), stage="Total time" (421 ms)]
[14:47:11,946][INFO][exchange-worker-#43][GridDhtPartitionsExchangeFuture] Exchange longest local stages [startVer=AffinityTopologyVersion [topVer=1, minorTopVer=0], resVer=AffinityTopologyVersion [topVer=1, minorTopVer=0], stage="Coordinator affinity cache init [grp=ignite-sys-cache]" (169 ms) (parent=Determine exchange type), stage="First node affinity initialization (node join) [grp=ignite-sys-cache]" (6 ms) (parent=Determine exchange type)]
[14:47:11,949][INFO][exchange-worker-#43][time] Finished exchange init [topVer=AffinityTopologyVersion [topVer=1, minorTopVer=0], crd=true]
[14:47:11,953][INFO][exchange-worker-#43][GridCachePartitionExchangeManager] Skipping rebalancing (nothing scheduled) [top=AffinityTopologyVersion [topVer=1, minorTopVer=0], force=false, evt=NODE_JOINED, node=34f00a21-dad8-4ffd-9509-390e51b51b9b]
[14:47:12,056][INFO][main][IgniteKernal] Performance suggestions for grid  (fix if possible)
[14:47:12,063][INFO][main][IgniteKernal] To disable, set -DIGNITE_PERFORMANCE_SUGGESTIONS_DISABLED=true
[14:47:12,064][INFO][main][IgniteKernal]   ^-- Switch to the most recent 1.8 JVM version
[14:47:12,064][INFO][main][IgniteKernal]   ^-- Specify JVM heap max size (add '-Xmx<size>[g|G|m|M|k|K]' to JVM options)
[14:47:12,064][INFO][main][IgniteKernal]   ^-- Set max direct memory size if getting 'OOME: Direct buffer memory' (add '-XX:MaxDirectMemorySize=<size>[g|G|m|M|k|K]' to JVM options)
[14:47:12,065][INFO][main][IgniteKernal]   ^-- Disable processing of calls to System.gc() (add '-XX:+DisableExplicitGC' to JVM options)
[14:47:12,065][INFO][main][IgniteKernal] Refer to this page for more performance suggestions: https://apacheignite.readme.io/docs/jvm-and-system-tuning
[14:47:12,065][INFO][main][IgniteKernal] 
[14:47:12,065][INFO][main][IgniteKernal] To start Console Management & Monitoring run ignitevisorcmd.{sh|bat}
[14:47:12,067][INFO][main][IgniteKernal] Data Regions Configured:
[14:47:12,070][INFO][main][IgniteKernal]   ^-- default [initSize=256,0 MiB, maxSize=3,2 GiB, persistence=false, lazyMemoryAllocation=true]
[14:47:12,080][INFO][main][IgniteKernal] 

>>> +----------------------------------------------------------------------+
>>> Ignite ver. 2.8.1#20200521-sha1:864220966caa4157c4fee8a1bc85171623963604
>>> +----------------------------------------------------------------------+
>>> OS name: Windows 10 10.0 amd64
>>> CPU(s): 8
>>> Heap: 4.0GB
>>> VM name: 25196@XPNOTE-20000915
>>> Local node [ID=34F00A21-DAD8-4FFD-9509-390E51B51B9B, order=1, clientMode=false]
>>> Local node addresses: [XPNOTE-20000915.xpcorretora.com.br/0:0:0:0:0:0:0:1, XPNOTE-20000915.xpcorretora.com.br/10.242.1.26, host.docker.internal/127.0.0.1, XPNOTE-20000915.xpcorretora.com.br/192.168.0.8, /2804:14c:33:8a15:7df8:71e2:7c45:dcfe, /2804:14c:33:8a15:e0b4:3cd9:40a5:7e83]
>>> Local ports: TCP:10800 TCP:11211 TCP:47100 UDP:47400 TCP:47500 

[14:47:12,085][INFO][main][GridDiscoveryManager] Topology snapshot [ver=1, locNode=34f00a21, servers=1, clients=0, state=ACTIVE, CPUs=8, offheap=3.2GB, heap=4.0GB]
[14:47:12,086][INFO][main][GridDiscoveryManager]   ^-- Baseline [id=0, size=1, online=1, offline=0]
[14:47:12,087][INFO][main][G] Node started : [stage="Configure system pool" (65 ms),stage="Start managers" (1103 ms),stage="Configure binary metadata" (27 ms),stage="Start processors" (745 ms),stage="Init metastore" (1657 ms),stage="Finish recovery" (0 ms),stage="Join topology" (1725 ms),stage="Await transition" (40 ms),stage="Await exchange" (550 ms),stage="Total time" (5912 ms)]
[14:47:12,105][INFO][main][PluginProcessor] Configured .NET plugins:
[14:47:12,106][INFO][main][PluginProcessor]   ^-- None
[14:47:12,144][INFO][exchange-worker-#43][time] Started exchange init [topVer=AffinityTopologyVersion [topVer=1, minorTopVer=1], crd=true, evt=DISCOVERY_CUSTOM_EVT, evtNode=34f00a21-dad8-4ffd-9509-390e51b51b9b, customEvt=DynamicCacheChangeBatch [id=aef9a3a5471-eb488a44-cbd0-4165-aa43-c4131109e6bf, reqs=ArrayList [DynamicCacheChangeRequest [cacheName=my-cache, hasCfg=true, nodeId=34f00a21-dad8-4ffd-9509-390e51b51b9b, clientStartOnly=false, stop=false, destroy=false, disabledAfterStartfalse]], exchangeActions=ExchangeActions [startCaches=[my-cache], stopCaches=null, startGrps=[my-cache], stopGrps=[], resetParts=null, stateChangeRequest=null], startCaches=false], allowMerge=false, exchangeFreeSwitch=false]
[14:47:12,184][INFO][exchange-worker-#43][GridCacheProcessor] Started cache [name=my-cache, id=-1910710239, dataRegionName=default, mode=PARTITIONED, atomicity=ATOMIC, backups=0, mvcc=false]
[14:47:12,211][INFO][exchange-worker-#43][GridDhtPartitionsExchangeFuture] Finished waiting for partition release future [topVer=AffinityTopologyVersion [topVer=1, minorTopVer=1], waitTime=0ms, futInfo=NA, mode=DISTRIBUTED]
[14:47:12,214][INFO][exchange-worker-#43][GridDhtPartitionsExchangeFuture] Finished waiting for partitions release latch: ServerLatch [permits=0, pendingAcks=HashSet [], super=CompletableLatch [id=CompletableLatchUid [id=exchange, topVer=AffinityTopologyVersion [topVer=1, minorTopVer=1]]]]
[14:47:12,215][INFO][exchange-worker-#43][GridDhtPartitionsExchangeFuture] Finished waiting for partition release future [topVer=AffinityTopologyVersion [topVer=1, minorTopVer=1], waitTime=0ms, futInfo=NA, mode=LOCAL]
[14:47:12,337][INFO][exchange-worker-#43][GridDhtPartitionsExchangeFuture] finishExchangeOnCoordinator [topVer=AffinityTopologyVersion [topVer=1, minorTopVer=1], resVer=AffinityTopologyVersion [topVer=1, minorTopVer=1]]
[14:47:12,424][INFO][exchange-worker-#43][GridDhtPartitionsExchangeFuture] Finish exchange future [startVer=AffinityTopologyVersion [topVer=1, minorTopVer=1], resVer=AffinityTopologyVersion [topVer=1, minorTopVer=1], err=null, rebalanced=true, wasRebalanced=true]
[14:47:12,437][INFO][exchange-worker-#43][GridCacheProcessor] Finish proxy initialization, cacheName=my-cache, localNodeId=34f00a21-dad8-4ffd-9509-390e51b51b9b
[14:47:12,439][INFO][exchange-worker-#43][GridDhtPartitionsExchangeFuture] Completed partition exchange [localNode=34f00a21-dad8-4ffd-9509-390e51b51b9b, exchange=GridDhtPartitionsExchangeFuture [topVer=AffinityTopologyVersion [topVer=1, minorTopVer=1], evt=DISCOVERY_CUSTOM_EVT, evtNode=TcpDiscoveryNode [id=34f00a21-dad8-4ffd-9509-390e51b51b9b, consistentId=0:0:0:0:0:0:0:1,10.242.1.26,127.0.0.1,192.168.0.8,2804:14c:33:8a15:7df8:71e2:7c45:dcfe,2804:14c:33:8a15:e0b4:3cd9:40a5:7e83:47500, addrs=ArrayList [0:0:0:0:0:0:0:1, 10.242.1.26, 127.0.0.1, 192.168.0.8, 2804:14c:33:8a15:7df8:71e2:7c45:dcfe, 2804:14c:33:8a15:e0b4:3cd9:40a5:7e83], sockAddrs=HashSet [/[2804:14c:33:8a15:7df8:71e2:7c45:dcfe]:47500, /[2804:14c:33:8a15:e0b4:3cd9:40a5:7e83]:47500, XPNOTE-20000915.xpcorretora.com.br/192.168.0.8:47500, /10.242.1.26:47500, /[0:0:0:0:0:0:0:1]:47500, /127.0.0.1:47500], discPort=47500, order=1, intOrder=1, lastExchangeTime=1599241629780, loc=true, ver=2.8.1#20200521-sha1:86422096, isClient=false], done=true, newCrdFut=null], topVer=AffinityTopologyVersion [topVer=1, minorTopVer=1]]
[14:47:12,440][INFO][exchange-worker-#43][GridDhtPartitionsExchangeFuture] Exchange timings [startVer=AffinityTopologyVersion [topVer=1, minorTopVer=1], resVer=AffinityTopologyVersion [topVer=1, minorTopVer=1], stage="Waiting in exchange queue" (0 ms), stage="Exchange parameters initialization" (5 ms), stage="Update caches registry" (3 ms), stage="Start caches" (41 ms), stage="Affinity initialization on cache group start" (15 ms), stage="Determine exchange type" (0 ms), stage="Preloading notification" (0 ms), stage="WAL history reservation" (0 ms), stage="Wait partitions release" (8 ms), stage="Wait partitions release latch" (1 ms), stage="Wait partitions release" (1 ms), stage="After states restored callback" (120 ms), stage="Waiting for all single messages" (0 ms), stage="Affinity recalculation (crd)" (0 ms), stage="Collect update counters and create affinity messages" (0 ms), stage="Validate partitions states" (7 ms), stage="Assign partitions states" (1 ms), stage="Apply update counters" (5 ms), stage="Full message preparing" (72 ms), stage="Full message sending" (0 ms), stage="Exchange done" (15 ms), stage="Total time" (294 ms)]
[14:47:12,445][INFO][exchange-worker-#43][GridDhtPartitionsExchangeFuture] Exchange longest local stages [startVer=AffinityTopologyVersion [topVer=1, minorTopVer=1], resVer=AffinityTopologyVersion [topVer=1, minorTopVer=1], stage="Affinity initialization on cache group start [grp=my-cache]" (15 ms) (parent=Affinity initialization on cache group start)]
[14:47:12,449][INFO][exchange-worker-#43][time] Finished exchange init [topVer=AffinityTopologyVersion [topVer=1, minorTopVer=1], crd=true]
[14:47:12,460][INFO][exchange-worker-#43][GridCachePartitionExchangeManager] Skipping rebalancing (nothing scheduled) [top=AffinityTopologyVersion [topVer=1, minorTopVer=1], force=false, evt=DISCOVERY_CUSTOM_EVT, node=34f00a21-dad8-4ffd-9509-390e51b51b9b]
[14:47:12,681][INFO][main][GridTcpRestProtocol] Command protocol successfully stopped: TCP binary
[14:47:12,717][INFO][main][GridCacheProcessor] Stopped cache [cacheName=ignite-sys-cache]
[14:47:12,719][INFO][main][GridCacheProcessor] Stopped cache [cacheName=my-cache]
[14:47:12,832][INFO][main][IgniteKernal] 

>>> +---------------------------------------------------------------------------------+
>>> Ignite ver. 2.8.1#20200521-sha1:864220966caa4157c4fee8a1bc85171623963604 stopped OK
>>> +---------------------------------------------------------------------------------+
>>> Grid uptime: 00:00:00.779


[14:47:26,777][WARNING][Thread-4][G] Ignite work directory is not provided, automatically resolved to: C:\Users\u002910\source\repos\ApacheIgniteExample\ApacheIgniteExample\ignite\work
[14:47:26,790][INFO][Thread-4][IgniteKernal] 

>>>    __________  ________________  
>>>   /  _/ ___/ |/ /  _/_  __/ __/  
>>>  _/ // (7 7    // /  / / / _/    
>>> /___/\___/_/|_/___/ /_/ /___/   
>>> 
>>> ver. 2.8.1#20200521-sha1:86422096
>>> 2020 Copyright(C) Apache Software Foundation
>>> 
>>> Ignite documentation: http://ignite.apache.org

[14:47:26,792][INFO][Thread-4][IgniteKernal] Config URL: n/a
[14:47:26,794][INFO][Thread-4][IgniteKernal] IgniteConfiguration [igniteInstanceName=null, pubPoolSize=8, svcPoolSize=8, callbackPoolSize=8, stripedPoolSize=8, sysPoolSize=8, mgmtPoolSize=4, igfsPoolSize=8, dataStreamerPoolSize=8, utilityCachePoolSize=8, utilityCacheKeepAliveTime=60000, p2pPoolSize=2, qryPoolSize=8, sqlQryHistSize=1000, dfltQryTimeout=0, igniteHome=null, igniteWorkDir=C:\Users\u002910\source\repos\ApacheIgniteExample\ApacheIgniteExample\ignite\work, mbeanSrv=com.sun.jmx.mbeanserver.JmxMBeanServer@1a04f701, nodeId=5fd78ecd-02e0-406c-bc29-ae8b225fbb05, marsh=BinaryMarshaller [], marshLocJobs=false, daemon=false, p2pEnabled=false, netTimeout=5000, netCompressionLevel=1, sndRetryDelay=1000, sndRetryCnt=3, metricsHistSize=10000, metricsUpdateFreq=2000, metricsExpTime=9223372036854775807, discoSpi=TcpDiscoverySpi [addrRslvr=null, sockTimeout=0, ackTimeout=0, marsh=null, reconCnt=10, reconDelay=2000, maxAckTimeout=600000, soLinger=5, forceSrvMode=false, clientReconnectDisabled=false, internalLsnr=null, skipAddrsRandomization=false], segPlc=STOP, segResolveAttempts=2, waitForSegOnStart=true, allResolversPassReq=true, segChkFreq=10000, commSpi=TcpCommunicationSpi [connectGate=null, connPlc=org.apache.ignite.spi.communication.tcp.TcpCommunicationSpi$FirstConnectionPolicy@1a501871, chConnPlc=null, enableForcibleNodeKill=false, enableTroubleshootingLog=false, locAddr=null, locHost=null, locPort=47100, locPortRange=100, shmemPort=-1, directBuf=true, directSndBuf=false, idleConnTimeout=600000, connTimeout=5000, maxConnTimeout=600000, reconCnt=10, sockSndBuf=32768, sockRcvBuf=32768, msgQueueLimit=0, slowClientQueueLimit=0, nioSrvr=null, shmemSrv=null, usePairedConnections=false, connectionsPerNode=1, tcpNoDelay=true, filterReachableAddresses=false, ackSndThreshold=32, unackedMsgsBufSize=0, sockWriteTimeout=2000, boundTcpPort=-1, boundTcpShmemPort=-1, selectorsCnt=4, selectorSpins=0, addrRslvr=null, ctxInitLatch=java.util.concurrent.CountDownLatch@2bc02c77[Count = 1], stopping=false, metricsLsnr=null], evtSpi=org.apache.ignite.spi.eventstorage.NoopEventStorageSpi@5598940e, colSpi=NoopCollisionSpi [], deploySpi=LocalDeploymentSpi [], indexingSpi=org.apache.ignite.spi.indexing.noop.NoopIndexingSpi@43bdbe43, addrRslvr=null, encryptionSpi=org.apache.ignite.spi.encryption.noop.NoopEncryptionSpi@52946ade, clientMode=false, rebalanceThreadPoolSize=4, rebalanceTimeout=10000, rebalanceBatchesPrefetchCnt=3, rebalanceThrottle=0, rebalanceBatchSize=524288, txCfg=TransactionConfiguration [txSerEnabled=false, dfltIsolation=REPEATABLE_READ, dfltConcurrency=PESSIMISTIC, dfltTxTimeout=0, txTimeoutOnPartitionMapExchange=0, deadlockTimeout=10000, pessimisticTxLogSize=0, pessimisticTxLogLinger=10000, tmLookupClsName=null, txManagerFactory=null, useJtaSync=false], cacheSanityCheckEnabled=true, discoStartupDelay=60000, deployMode=SHARED, p2pMissedCacheSize=100, locHost=null, timeSrvPortBase=31100, timeSrvPortRange=100, failureDetectionTimeout=10000, sysWorkerBlockedTimeout=null, clientFailureDetectionTimeout=30000, metricsLogFreq=60000, hadoopCfg=null, connectorCfg=ConnectorConfiguration [jettyPath=null, host=null, port=11211, noDelay=true, directBuf=false, sndBufSize=32768, rcvBufSize=32768, idleQryCurTimeout=600000, idleQryCurCheckFreq=60000, sndQueueLimit=0, selectorCnt=4, idleTimeout=7000, sslEnabled=false, sslClientAuth=false, sslCtxFactory=null, sslFactory=null, portRange=100, threadPoolSize=8, msgInterceptor=null], odbcCfg=null, warmupClos=null, atomicCfg=AtomicConfiguration [seqReserveSize=1000, cacheMode=PARTITIONED, backups=1, aff=null, grpName=null], classLdr=null, sslCtxFactory=null, platformCfg=PlatformDotNetConfiguration [binaryCfg=null], binaryCfg=null, memCfg=null, pstCfg=null, dsCfg=DataStorageConfiguration [sysRegionInitSize=41943040, sysRegionMaxSize=104857600, pageSize=0, concLvl=0, dfltDataRegConf=DataRegionConfiguration [name=default, maxSize=3397063475, initSize=268435456, swapPath=null, pageEvictionMode=DISABLED, evictionThreshold=0.9, emptyPagesPoolSize=100, metricsEnabled=false, metricsSubIntervalCount=5, metricsRateTimeInterval=60000, persistenceEnabled=false, checkpointPageBufSize=0, lazyMemoryAllocation=true], dataRegions=null, storagePath=null, checkpointFreq=180000, lockWaitTime=10000, checkpointThreads=4, checkpointWriteOrder=SEQUENTIAL, walHistSize=20, maxWalArchiveSize=1073741824, walSegments=10, walSegmentSize=67108864, walPath=db/wal, walArchivePath=db/wal/archive, metricsEnabled=false, walMode=LOG_ONLY, walTlbSize=131072, walBuffSize=0, walFlushFreq=2000, walFsyncDelay=1000, walRecordIterBuffSize=67108864, alwaysWriteFullPages=false, fileIOFactory=org.apache.ignite.internal.processors.cache.persistence.file.AsyncFileIOFactory@4759e81c, metricsSubIntervalCnt=5, metricsRateTimeInterval=60000, walAutoArchiveAfterInactivity=-1, writeThrottlingEnabled=false, walCompactionEnabled=false, walCompactionLevel=1, checkpointReadLockTimeout=null, walPageCompression=DISABLED, walPageCompressionLevel=null], activeOnStart=true, autoActivation=true, longQryWarnTimeout=3000, sqlConnCfg=null, cliConnCfg=ClientConnectorConfiguration [host=null, port=10800, portRange=100, sockSndBufSize=0, sockRcvBufSize=0, tcpNoDelay=true, maxOpenCursorsPerConn=128, threadPoolSize=8, idleTimeout=0, handshakeTimeout=10000, jdbcEnabled=true, odbcEnabled=true, thinCliEnabled=true, sslEnabled=false, useIgniteSslCtxFactory=true, sslClientAuth=false, sslCtxFactory=null, thinCliCfg=ThinClientConfiguration [maxActiveTxPerConn=100]], mvccVacuumThreadCnt=2, mvccVacuumFreq=5000, authEnabled=false, failureHnd=null, commFailureRslvr=null]
[14:47:26,795][INFO][Thread-4][IgniteKernal] Daemon mode: off
[14:47:26,795][INFO][Thread-4][IgniteKernal] OS: Windows 10 10.0 amd64
[14:47:26,795][INFO][Thread-4][IgniteKernal] OS user: U002910
[14:47:26,797][INFO][Thread-4][IgniteKernal] PID: 25196
[14:47:26,797][INFO][Thread-4][IgniteKernal] Language runtime: Java Platform API Specification ver. 14
[14:47:26,797][INFO][Thread-4][IgniteKernal] VM information: Java(TM) SE Runtime Environment 14.0.1+7 Oracle Corporation Java HotSpot(TM) 64-Bit Server VM 14.0.1+7
[14:47:26,797][INFO][Thread-4][IgniteKernal] VM total memory: 4.0GB
[14:47:26,798][INFO][Thread-4][IgniteKernal] Remote Management [restart: off, REST: on, JMX (remote: off)]
[14:47:26,798][INFO][Thread-4][IgniteKernal] Logger: JavaLogger [quiet=false, config=null]
[14:47:26,798][INFO][Thread-4][IgniteKernal] IGNITE_HOME=null
[14:47:26,798][INFO][Thread-4][IgniteKernal] VM arguments: [-Dfile.encoding=UTF-8, -Djava.util.logging.config.file=C:\Users\u002910\source\repos\ApacheIgniteExample\ApacheIgniteExample\bin\Debug\netcoreapp3.1\config\java.util.logging.properties, --add-exports=java.base/jdk.internal.misc=ALL-UNNAMED, --add-exports=java.base/sun.nio.ch=ALL-UNNAMED, --add-exports=java.management/com.sun.jmx.mbeanserver=ALL-UNNAMED, --add-exports=jdk.internal.jvmstat/sun.jvmstat.monitor=ALL-UNNAMED, --illegal-access=permit]
[14:47:26,799][INFO][Thread-4][IgniteKernal] System cache's DataRegion size is configured to 40 MB. Use DataStorageConfiguration.systemRegionInitialSize property to change the setting.
[14:47:26,799][INFO][Thread-4][IgniteKernal] Configured caches [in 'sysMemPlc' dataRegion: ['ignite-sys-cache']]
[14:47:26,799][WARNING][Thread-4][IgniteKernal] Please set system property '-Djava.net.preferIPv4Stack=true' to avoid possible problems in mixed environments.
[14:47:26,802][WARNING][pub-#75][GridDiagnostic] This operating system has been tested less rigorously: Windows 10 10.0 amd64. Our team will appreciate the feedback if you experience any problems running ignite in this environment.
[14:47:26,809][WARNING][pub-#78][GridDiagnostic] Initial heap size is 254MB (should be no less than 512MB, use -Xms512m -Xmx512m).
[14:47:26,817][INFO][Thread-4][IgnitePluginProcessor] Configured plugins:
[14:47:26,820][INFO][Thread-4][IgnitePluginProcessor]   ^-- None
[14:47:26,821][INFO][Thread-4][IgnitePluginProcessor] 
[14:47:26,821][INFO][Thread-4][FailureProcessor] Configured failure handler: [hnd=StopNodeOrHaltFailureHandler [tryStop=false, timeout=0, super=AbstractFailureHandler [ignoredFailureTypes=UnmodifiableSet [SYSTEM_WORKER_BLOCKED, SYSTEM_CRITICAL_OPERATION_TIMEOUT]]]]
[14:47:26,832][INFO][Thread-4][TcpCommunicationSpi] Successfully bound communication NIO server to TCP port [port=47100, locHost=0.0.0.0/0.0.0.0, selectorsCnt=4, selectorSpins=0, pairedConn=false]
[14:47:26,833][WARNING][Thread-4][TcpCommunicationSpi] Message queue limit is set to 0 which may lead to potential OOMEs when running cache operations in FULL_ASYNC or PRIMARY_SYNC modes due to message queues growth on sender and receiver sides.
[14:47:26,838][WARNING][Thread-4][NoopCheckpointSpi] Checkpoints are disabled (to enable configure any GridCheckpointSpi implementation)
[14:47:26,841][WARNING][Thread-4][GridCollisionManager] Collision resolution is disabled (all jobs will be activated upon arrival).
[14:47:26,842][INFO][Thread-4][IgniteKernal] Security status [authentication=off, tls/ssl=off]
[14:47:26,851][INFO][Thread-4][TcpDiscoverySpi] Successfully bound to TCP port [port=47500, localHost=0.0.0.0/0.0.0.0, locNodeId=5fd78ecd-02e0-406c-bc29-ae8b225fbb05]
[14:47:26,856][INFO][Thread-4][IgniteCacheDatabaseSharedManager] Configured data regions initialized successfully [total=3]
[14:47:26,858][INFO][Thread-4][PartitionsEvictManager] Evict partition permits=2
[14:47:26,870][WARNING][Thread-4][IgniteH2Indexing] Custom H2 serialization is already configured, will override.
[14:47:26,879][INFO][Thread-4][ClientListenerProcessor] Client connector processor has started on TCP port 10800
[14:47:26,891][INFO][Thread-4][GridTcpRestProtocol] Command protocol successfully started [name=TCP binary, host=0.0.0.0/0.0.0.0, port=11211]
[14:47:26,896][WARNING][Thread-4][PlatformProcessorImpl] Marshaller is automatically set to o.a.i.i.binary.BinaryMarshaller (other nodes must have the same marshaller type).
[14:47:29,895][INFO][Thread-4][IgniteKernal] Non-loopback local IPs: 10.242.1.26, 192.168.0.8, 2804:14c:33:8a15:7df8:71e2:7c45:dcfe, 2804:14c:33:8a15:e0b4:3cd9:40a5:7e83, fe80:0:0:0:3060:14bd:840f:5058%wlan0, fe80:0:0:0:a01f:a1d7:a05f:896%eth6, fe80:0:0:0:a5df:da4a:b94b:f121%eth8, fe80:0:0:0:d857:f6a9:1019:ddc%wlan1, fe80:0:0:0:e0b4:3cd9:40a5:7e83%wlan2
[14:47:29,895][INFO][Thread-4][IgniteKernal] Enabled local MACs: 025041000001, 0C29EFFE1D6C, 0C29EFFE1D6D, 5CCD5B4684F8, 5CCD5B4684F9, 5ECD5B4684F8
[14:47:29,898][INFO][Thread-4][TcpDiscoverySpi] Connection check threshold is calculated: 10000
[14:47:29,900][WARNING][Thread-4][TcpDiscoveryMulticastIpFinder] TcpDiscoveryMulticastIpFinder has no pre-configured addresses (it is recommended in production to specify at least one address in TcpDiscoveryMulticastIpFinder.getAddresses() configuration property)
[14:47:31,584][INFO][disco-notifier-worker-#97][GridClusterStateProcessor] Received activate request with BaselineTopology[id=0]
[14:47:31,591][INFO][disco-notifier-worker-#97][GridClusterStateProcessor] Started state transition: true
[14:47:31,591][INFO][disco-notifier-worker-#97][GridClusterStateProcessor] Received state change finish message: true
[14:47:31,591][INFO][disco-notifier-worker-#97][MvccProcessorImpl] Assigned mvcc coordinator [crd=MvccCoordinator [topVer=AffinityTopologyVersion [topVer=1, minorTopVer=0], nodeId=5fd78ecd-02e0-406c-bc29-ae8b225fbb05, ver=1599241651572, local=true, initialized=false]]
[14:47:31,594][INFO][disco-notifier-worker-#97][DistributedBaselineConfiguration] Baseline parameter 'baselineAutoAdjustEnabled' was changed from 'null' to 'true'
[14:47:31,596][INFO][disco-notifier-worker-#97][DistributedBaselineConfiguration] Baseline parameter 'baselineAutoAdjustTimeout' was changed from 'null' to '0'
[14:47:31,597][INFO][disco-notifier-worker-#97][IgniteH2Indexing] SQL parameter 'sql.disabledFunctions' was changed from 'null' to '[FILE_WRITE, CANCEL_SESSION, MEMORY_USED, CSVREAD, LINK_SCHEMA, MEMORY_FREE, FILE_READ, CSVWRITE, SESSION_ID, LOCK_MODE]'
[14:47:31,615][INFO][exchange-worker-#99][time] Started exchange init [topVer=AffinityTopologyVersion [topVer=1, minorTopVer=0], crd=true, evt=NODE_JOINED, evtNode=5fd78ecd-02e0-406c-bc29-ae8b225fbb05, customEvt=null, allowMerge=false, exchangeFreeSwitch=false]
[14:47:31,623][INFO][exchange-worker-#99][IgniteCacheDatabaseSharedManager] Configured data regions started successfully [total=3]
[14:47:31,624][INFO][exchange-worker-#99][msg] Components activation performed in 3 ms.
[14:47:31,626][INFO][exchange-worker-#99][GridCacheProcessor] Started cache [name=ignite-sys-cache, id=-2100569601, dataRegionName=sysMemPlc, mode=REPLICATED, atomicity=TRANSACTIONAL, backups=2147483647, mvcc=false]
[14:47:31,626][INFO][exchange-worker-#99][GridCacheProcessor] Starting caches on local join performed in 0 ms.
[14:47:31,629][INFO][exchange-worker-#99][GridDhtPartitionsExchangeFuture] Skipped waiting for partitions release future (local node is joining) [topVer=AffinityTopologyVersion [topVer=1, minorTopVer=0]]
[14:47:31,632][INFO][exchange-worker-#99][GridDhtPartitionsExchangeFuture] finishExchangeOnCoordinator [topVer=AffinityTopologyVersion [topVer=1, minorTopVer=0], resVer=AffinityTopologyVersion [topVer=1, minorTopVer=0]]
[14:47:31,642][INFO][exchange-worker-#99][GridDhtPartitionsExchangeFuture] Finish exchange future [startVer=AffinityTopologyVersion [topVer=1, minorTopVer=0], resVer=AffinityTopologyVersion [topVer=1, minorTopVer=0], err=null, rebalanced=true, wasRebalanced=false]
[14:47:31,643][INFO][exchange-worker-#99][GridCacheProcessor] Finish proxy initialization, cacheName=ignite-sys-cache, localNodeId=5fd78ecd-02e0-406c-bc29-ae8b225fbb05
[14:47:31,643][INFO][exchange-worker-#99][GridDhtPartitionsExchangeFuture] Completed partition exchange [localNode=5fd78ecd-02e0-406c-bc29-ae8b225fbb05, exchange=GridDhtPartitionsExchangeFuture [topVer=AffinityTopologyVersion [topVer=1, minorTopVer=0], evt=NODE_JOINED, evtNode=TcpDiscoveryNode [id=5fd78ecd-02e0-406c-bc29-ae8b225fbb05, consistentId=0:0:0:0:0:0:0:1,10.242.1.26,127.0.0.1,192.168.0.8,2804:14c:33:8a15:7df8:71e2:7c45:dcfe,2804:14c:33:8a15:e0b4:3cd9:40a5:7e83:47500, addrs=ArrayList [0:0:0:0:0:0:0:1, 10.242.1.26, 127.0.0.1, 192.168.0.8, 2804:14c:33:8a15:7df8:71e2:7c45:dcfe, 2804:14c:33:8a15:e0b4:3cd9:40a5:7e83], sockAddrs=HashSet [/[2804:14c:33:8a15:7df8:71e2:7c45:dcfe]:47500, /[2804:14c:33:8a15:e0b4:3cd9:40a5:7e83]:47500, XPNOTE-20000915.xpcorretora.com.br/192.168.0.8:47500, /10.242.1.26:47500, /[0:0:0:0:0:0:0:1]:47500, /127.0.0.1:47500], discPort=47500, order=1, intOrder=1, lastExchangeTime=1599241649896, loc=true, ver=2.8.1#20200521-sha1:86422096, isClient=false], done=true, newCrdFut=null], topVer=AffinityTopologyVersion [topVer=1, minorTopVer=0]]
[14:47:31,643][INFO][exchange-worker-#99][GridDhtPartitionsExchangeFuture] Exchange timings [startVer=AffinityTopologyVersion [topVer=1, minorTopVer=0], resVer=AffinityTopologyVersion [topVer=1, minorTopVer=0], stage="Waiting in exchange queue" (23 ms), stage="Exchange parameters initialization" (5 ms), stage="Components activation" (2 ms), stage="Determine exchange type" (4 ms), stage="Preloading notification" (0 ms), stage="WAL history reservation" (0 ms), stage="After states restored callback" (3 ms), stage="Waiting for all single messages" (0 ms), stage="Affinity recalculation (crd)" (0 ms), stage="Collect update counters and create affinity messages" (0 ms), stage="Validate partitions states" (0 ms), stage="Assign partitions states" (0 ms), stage="Apply update counters" (0 ms), stage="Full message preparing" (7 ms), stage="Full message sending" (0 ms), stage="State finish message sending" (0 ms), stage="Exchange done" (1 ms), stage="Total time" (45 ms)]
[14:47:31,644][INFO][exchange-worker-#99][GridDhtPartitionsExchangeFuture] Exchange longest local stages [startVer=AffinityTopologyVersion [topVer=1, minorTopVer=0], resVer=AffinityTopologyVersion [topVer=1, minorTopVer=0], stage="Coordinator affinity cache init [grp=ignite-sys-cache]" (3 ms) (parent=Determine exchange type), stage="First node affinity initialization (node join) [grp=ignite-sys-cache]" (1 ms) (parent=Determine exchange type)]
[14:47:31,645][INFO][exchange-worker-#99][time] Finished exchange init [topVer=AffinityTopologyVersion [topVer=1, minorTopVer=0], crd=true]
[14:47:31,645][INFO][exchange-worker-#99][GridCachePartitionExchangeManager] Skipping rebalancing (nothing scheduled) [top=AffinityTopologyVersion [topVer=1, minorTopVer=0], force=false, evt=NODE_JOINED, node=5fd78ecd-02e0-406c-bc29-ae8b225fbb05]
[14:47:31,666][INFO][Thread-4][IgniteKernal] Performance suggestions for grid  (fix if possible)
[14:47:31,666][INFO][Thread-4][IgniteKernal] To disable, set -DIGNITE_PERFORMANCE_SUGGESTIONS_DISABLED=true
[14:47:31,666][INFO][Thread-4][IgniteKernal]   ^-- Switch to the most recent 1.8 JVM version
[14:47:31,666][INFO][Thread-4][IgniteKernal]   ^-- Specify JVM heap max size (add '-Xmx<size>[g|G|m|M|k|K]' to JVM options)
[14:47:31,666][INFO][Thread-4][IgniteKernal]   ^-- Set max direct memory size if getting 'OOME: Direct buffer memory' (add '-XX:MaxDirectMemorySize=<size>[g|G|m|M|k|K]' to JVM options)
[14:47:31,666][INFO][Thread-4][IgniteKernal]   ^-- Disable processing of calls to System.gc() (add '-XX:+DisableExplicitGC' to JVM options)
[14:47:31,667][INFO][Thread-4][IgniteKernal] Refer to this page for more performance suggestions: https://apacheignite.readme.io/docs/jvm-and-system-tuning
[14:47:31,667][INFO][Thread-4][IgniteKernal] 
[14:47:31,667][INFO][Thread-4][IgniteKernal] To start Console Management & Monitoring run ignitevisorcmd.{sh|bat}
[14:47:31,667][INFO][Thread-4][IgniteKernal] Data Regions Configured:
[14:47:31,668][INFO][Thread-4][IgniteKernal]   ^-- default [initSize=256,0 MiB, maxSize=3,2 GiB, persistence=false, lazyMemoryAllocation=true]
[14:47:31,668][INFO][Thread-4][IgniteKernal] 

>>> +----------------------------------------------------------------------+
>>> Ignite ver. 2.8.1#20200521-sha1:864220966caa4157c4fee8a1bc85171623963604
>>> +----------------------------------------------------------------------+
>>> OS name: Windows 10 10.0 amd64
>>> CPU(s): 8
>>> Heap: 4.0GB
>>> VM name: 25196@XPNOTE-20000915
>>> Local node [ID=5FD78ECD-02E0-406C-BC29-AE8B225FBB05, order=1, clientMode=false]
>>> Local node addresses: [XPNOTE-20000915.xpcorretora.com.br/0:0:0:0:0:0:0:1, XPNOTE-20000915.xpcorretora.com.br/10.242.1.26, host.docker.internal/127.0.0.1, XPNOTE-20000915.xpcorretora.com.br/192.168.0.8, /2804:14c:33:8a15:7df8:71e2:7c45:dcfe, /2804:14c:33:8a15:e0b4:3cd9:40a5:7e83]
>>> Local ports: TCP:10800 TCP:11211 TCP:47100 UDP:47400 TCP:47500 

[14:47:31,669][INFO][Thread-4][GridDiscoveryManager] Topology snapshot [ver=1, locNode=5fd78ecd, servers=1, clients=0, state=ACTIVE, CPUs=8, offheap=3.2GB, heap=4.0GB]
[14:47:31,669][INFO][Thread-4][GridDiscoveryManager]   ^-- Baseline [id=0, size=1, online=1, offline=0]
[14:47:31,669][INFO][Thread-4][G] Node started : [stage="Configure system pool" (8 ms),stage="Start managers" (56 ms),stage="Configure binary metadata" (2 ms),stage="Start processors" (50 ms),stage="Init metastore" (2999 ms),stage="Finish recovery" (0 ms),stage="Join topology" (1695 ms),stage="Await transition" (2 ms),stage="Await exchange" (74 ms),stage="Total time" (4886 ms)]
[14:47:31,670][INFO][Thread-4][PluginProcessor] Configured .NET plugins:
[14:47:31,671][INFO][Thread-4][PluginProcessor]   ^-- None
[14:47:31,677][INFO][exchange-worker-#99][time] Started exchange init [topVer=AffinityTopologyVersion [topVer=1, minorTopVer=1], crd=true, evt=DISCOVERY_CUSTOM_EVT, evtNode=5fd78ecd-02e0-406c-bc29-ae8b225fbb05, customEvt=DynamicCacheChangeBatch [id=d10aa3a5471-eb488a44-cbd0-4165-aa43-c4131109e6bf, reqs=ArrayList [DynamicCacheChangeRequest [cacheName=my-cache, hasCfg=true, nodeId=5fd78ecd-02e0-406c-bc29-ae8b225fbb05, clientStartOnly=false, stop=false, destroy=false, disabledAfterStartfalse]], exchangeActions=ExchangeActions [startCaches=[my-cache], stopCaches=null, startGrps=[my-cache], stopGrps=[], resetParts=null, stateChangeRequest=null], startCaches=false], allowMerge=false, exchangeFreeSwitch=false]
[14:47:31,683][INFO][exchange-worker-#99][GridCacheProcessor] Started cache [name=my-cache, id=-1910710239, dataRegionName=default, mode=PARTITIONED, atomicity=ATOMIC, backups=0, mvcc=false]
[14:47:31,689][INFO][exchange-worker-#99][GridDhtPartitionsExchangeFuture] Finished waiting for partition release future [topVer=AffinityTopologyVersion [topVer=1, minorTopVer=1], waitTime=0ms, futInfo=NA, mode=DISTRIBUTED]
[14:47:31,690][INFO][exchange-worker-#99][GridDhtPartitionsExchangeFuture] Finished waiting for partitions release latch: ServerLatch [permits=0, pendingAcks=HashSet [], super=CompletableLatch [id=CompletableLatchUid [id=exchange, topVer=AffinityTopologyVersion [topVer=1, minorTopVer=1]]]]
[14:47:31,690][INFO][exchange-worker-#99][GridDhtPartitionsExchangeFuture] Finished waiting for partition release future [topVer=AffinityTopologyVersion [topVer=1, minorTopVer=1], waitTime=0ms, futInfo=NA, mode=LOCAL]
[14:47:31,719][INFO][exchange-worker-#99][GridDhtPartitionsExchangeFuture] finishExchangeOnCoordinator [topVer=AffinityTopologyVersion [topVer=1, minorTopVer=1], resVer=AffinityTopologyVersion [topVer=1, minorTopVer=1]]
[14:47:31,728][INFO][exchange-worker-#99][GridDhtPartitionsExchangeFuture] Finish exchange future [startVer=AffinityTopologyVersion [topVer=1, minorTopVer=1], resVer=AffinityTopologyVersion [topVer=1, minorTopVer=1], err=null, rebalanced=true, wasRebalanced=true]
[14:47:31,731][INFO][exchange-worker-#99][GridCacheProcessor] Finish proxy initialization, cacheName=my-cache, localNodeId=5fd78ecd-02e0-406c-bc29-ae8b225fbb05
[14:47:31,732][INFO][exchange-worker-#99][GridDhtPartitionsExchangeFuture] Completed partition exchange [localNode=5fd78ecd-02e0-406c-bc29-ae8b225fbb05, exchange=GridDhtPartitionsExchangeFuture [topVer=AffinityTopologyVersion [topVer=1, minorTopVer=1], evt=DISCOVERY_CUSTOM_EVT, evtNode=TcpDiscoveryNode [id=5fd78ecd-02e0-406c-bc29-ae8b225fbb05, consistentId=0:0:0:0:0:0:0:1,10.242.1.26,127.0.0.1,192.168.0.8,2804:14c:33:8a15:7df8:71e2:7c45:dcfe,2804:14c:33:8a15:e0b4:3cd9:40a5:7e83:47500, addrs=ArrayList [0:0:0:0:0:0:0:1, 10.242.1.26, 127.0.0.1, 192.168.0.8, 2804:14c:33:8a15:7df8:71e2:7c45:dcfe, 2804:14c:33:8a15:e0b4:3cd9:40a5:7e83], sockAddrs=HashSet [/[2804:14c:33:8a15:7df8:71e2:7c45:dcfe]:47500, /[2804:14c:33:8a15:e0b4:3cd9:40a5:7e83]:47500, XPNOTE-20000915.xpcorretora.com.br/192.168.0.8:47500, /10.242.1.26:47500, /[0:0:0:0:0:0:0:1]:47500, /127.0.0.1:47500], discPort=47500, order=1, intOrder=1, lastExchangeTime=1599241649896, loc=true, ver=2.8.1#20200521-sha1:86422096, isClient=false], done=true, newCrdFut=null], topVer=AffinityTopologyVersion [topVer=1, minorTopVer=1]]
[14:47:31,732][INFO][exchange-worker-#99][GridDhtPartitionsExchangeFuture] Exchange timings [startVer=AffinityTopologyVersion [topVer=1, minorTopVer=1], resVer=AffinityTopologyVersion [topVer=1, minorTopVer=1], stage="Waiting in exchange queue" (0 ms), stage="Exchange parameters initialization" (0 ms), stage="Update caches registry" (0 ms), stage="Start caches" (5 ms), stage="Affinity initialization on cache group start" (3 ms), stage="Determine exchange type" (0 ms), stage="Preloading notification" (0 ms), stage="WAL history reservation" (0 ms), stage="Wait partitions release" (2 ms), stage="Wait partitions release latch" (0 ms), stage="Wait partitions release" (0 ms), stage="After states restored callback" (28 ms), stage="Waiting for all single messages" (0 ms), stage="Affinity recalculation (crd)" (0 ms), stage="Collect update counters and create affinity messages" (0 ms), stage="Validate partitions states" (2 ms), stage="Assign partitions states" (1 ms), stage="Apply update counters" (0 ms), stage="Full message preparing" (3 ms), stage="Full message sending" (0 ms), stage="Exchange done" (3 ms), stage="Total time" (47 ms)]
[14:47:31,732][INFO][exchange-worker-#99][GridDhtPartitionsExchangeFuture] Exchange longest local stages [startVer=AffinityTopologyVersion [topVer=1, minorTopVer=1], resVer=AffinityTopologyVersion [topVer=1, minorTopVer=1], stage="Affinity initialization on cache group start [grp=my-cache]" (3 ms) (parent=Affinity initialization on cache group start)]
[14:47:31,733][INFO][exchange-worker-#99][time] Finished exchange init [topVer=AffinityTopologyVersion [topVer=1, minorTopVer=1], crd=true]
[14:47:31,736][INFO][exchange-worker-#99][GridCachePartitionExchangeManager] Skipping rebalancing (nothing scheduled) [top=AffinityTopologyVersion [topVer=1, minorTopVer=1], force=false, evt=DISCOVERY_CUSTOM_EVT, node=5fd78ecd-02e0-406c-bc29-ae8b225fbb05]
[14:47:31,742][INFO][Thread-4][GridTcpRestProtocol] Command protocol successfully stopped: TCP binary
[14:47:31,760][INFO][Thread-4][GridCacheProcessor] Stopped cache [cacheName=ignite-sys-cache]
[14:47:31,761][INFO][Thread-4][GridCacheProcessor] Stopped cache [cacheName=my-cache]
[14:47:31,779][INFO][Thread-4][IgniteKernal] 

>>> +---------------------------------------------------------------------------------+
>>> Ignite ver. 2.8.1#20200521-sha1:864220966caa4157c4fee8a1bc85171623963604 stopped OK
>>> +---------------------------------------------------------------------------------+
>>> Grid uptime: 00:00:00.120


[14:48:21,890][INFO][ignite-update-notifier-timer][GridUpdateNotifier] Update status is not available.
[14:48:41,658][INFO][ignite-update-notifier-timer][GridUpdateNotifier] Update status is not available.
