[16:50:32,689][WARNING][main][G] Ignite work directory is not provided, automatically resolved to: C:\Users\u002910\source\repos\ApacheIgniteExample\ApacheIgniteExample\ignite\work
[16:50:33,079][INFO][main][IgniteKernal] 

>>>    __________  ________________  
>>>   /  _/ ___/ |/ /  _/_  __/ __/  
>>>  _/ // (7 7    // /  / / / _/    
>>> /___/\___/_/|_/___/ /_/ /___/   
>>> 
>>> ver. 2.8.1#20200521-sha1:86422096
>>> 2020 Copyright(C) Apache Software Foundation
>>> 
>>> Ignite documentation: http://ignite.apache.org

[16:50:33,079][INFO][main][IgniteKernal] Config URL: n/a
[16:50:33,115][INFO][main][IgniteKernal] IgniteConfiguration [igniteInstanceName=null, pubPoolSize=8, svcPoolSize=8, callbackPoolSize=8, stripedPoolSize=8, sysPoolSize=8, mgmtPoolSize=4, igfsPoolSize=8, dataStreamerPoolSize=8, utilityCachePoolSize=8, utilityCacheKeepAliveTime=60000, p2pPoolSize=2, qryPoolSize=8, sqlQryHistSize=1000, dfltQryTimeout=0, igniteHome=null, igniteWorkDir=C:\Users\u002910\source\repos\ApacheIgniteExample\ApacheIgniteExample\ignite\work, mbeanSrv=com.sun.jmx.mbeanserver.JmxMBeanServer@5be6e01c, nodeId=d4bd6b45-97af-4a98-b2a3-5ca1cda2c35a, marsh=BinaryMarshaller [], marshLocJobs=false, daemon=false, p2pEnabled=false, netTimeout=5000, netCompressionLevel=1, sndRetryDelay=1000, sndRetryCnt=3, metricsHistSize=10000, metricsUpdateFreq=2000, metricsExpTime=9223372036854775807, discoSpi=TcpDiscoverySpi [addrRslvr=null, sockTimeout=300, ackTimeout=5000, marsh=null, reconCnt=10, reconDelay=2000, maxAckTimeout=600000, soLinger=5, forceSrvMode=false, clientReconnectDisabled=false, internalLsnr=null, skipAddrsRandomization=false], segPlc=STOP, segResolveAttempts=2, waitForSegOnStart=true, allResolversPassReq=true, segChkFreq=10000, commSpi=TcpCommunicationSpi [connectGate=null, connPlc=org.apache.ignite.spi.communication.tcp.TcpCommunicationSpi$FirstConnectionPolicy@1ed6388a, chConnPlc=null, enableForcibleNodeKill=false, enableTroubleshootingLog=false, locAddr=null, locHost=null, locPort=47100, locPortRange=100, shmemPort=-1, directBuf=true, directSndBuf=false, idleConnTimeout=600000, connTimeout=5000, maxConnTimeout=600000, reconCnt=10, sockSndBuf=32768, sockRcvBuf=32768, msgQueueLimit=0, slowClientQueueLimit=0, nioSrvr=null, shmemSrv=null, usePairedConnections=false, connectionsPerNode=1, tcpNoDelay=true, filterReachableAddresses=false, ackSndThreshold=32, unackedMsgsBufSize=0, sockWriteTimeout=2000, boundTcpPort=-1, boundTcpShmemPort=-1, selectorsCnt=4, selectorSpins=0, addrRslvr=null, ctxInitLatch=java.util.concurrent.CountDownLatch@5a45133e[Count = 1], stopping=false, metricsLsnr=null], evtSpi=org.apache.ignite.spi.eventstorage.NoopEventStorageSpi@534a5a98, colSpi=NoopCollisionSpi [], deploySpi=LocalDeploymentSpi [], indexingSpi=org.apache.ignite.spi.indexing.noop.NoopIndexingSpi@5e600dd5, addrRslvr=null, encryptionSpi=org.apache.ignite.spi.encryption.noop.NoopEncryptionSpi@576d5deb, clientMode=false, rebalanceThreadPoolSize=4, rebalanceTimeout=10000, rebalanceBatchesPrefetchCnt=3, rebalanceThrottle=0, rebalanceBatchSize=524288, txCfg=TransactionConfiguration [txSerEnabled=false, dfltIsolation=REPEATABLE_READ, dfltConcurrency=PESSIMISTIC, dfltTxTimeout=0, txTimeoutOnPartitionMapExchange=0, deadlockTimeout=10000, pessimisticTxLogSize=0, pessimisticTxLogLinger=10000, tmLookupClsName=null, txManagerFactory=null, useJtaSync=false], cacheSanityCheckEnabled=true, discoStartupDelay=60000, deployMode=SHARED, p2pMissedCacheSize=100, locHost=null, timeSrvPortBase=31100, timeSrvPortRange=100, failureDetectionTimeout=10000, sysWorkerBlockedTimeout=null, clientFailureDetectionTimeout=30000, metricsLogFreq=60000, hadoopCfg=null, connectorCfg=ConnectorConfiguration [jettyPath=null, host=null, port=11211, noDelay=true, directBuf=false, sndBufSize=32768, rcvBufSize=32768, idleQryCurTimeout=600000, idleQryCurCheckFreq=60000, sndQueueLimit=0, selectorCnt=4, idleTimeout=7000, sslEnabled=false, sslClientAuth=false, sslCtxFactory=null, sslFactory=null, portRange=100, threadPoolSize=8, msgInterceptor=null], odbcCfg=null, warmupClos=null, atomicCfg=AtomicConfiguration [seqReserveSize=1000, cacheMode=PARTITIONED, backups=1, aff=null, grpName=null], classLdr=null, sslCtxFactory=null, platformCfg=PlatformDotNetConfiguration [binaryCfg=null], binaryCfg=null, memCfg=null, pstCfg=null, dsCfg=DataStorageConfiguration [sysRegionInitSize=41943040, sysRegionMaxSize=104857600, pageSize=0, concLvl=0, dfltDataRegConf=DataRegionConfiguration [name=default, maxSize=3397063475, initSize=268435456, swapPath=null, pageEvictionMode=DISABLED, evictionThreshold=0.9, emptyPagesPoolSize=100, metricsEnabled=false, metricsSubIntervalCount=5, metricsRateTimeInterval=60000, persistenceEnabled=false, checkpointPageBufSize=0, lazyMemoryAllocation=true], dataRegions=null, storagePath=null, checkpointFreq=180000, lockWaitTime=10000, checkpointThreads=4, checkpointWriteOrder=SEQUENTIAL, walHistSize=20, maxWalArchiveSize=1073741824, walSegments=10, walSegmentSize=67108864, walPath=db/wal, walArchivePath=db/wal/archive, metricsEnabled=false, walMode=LOG_ONLY, walTlbSize=131072, walBuffSize=0, walFlushFreq=2000, walFsyncDelay=1000, walRecordIterBuffSize=67108864, alwaysWriteFullPages=false, fileIOFactory=org.apache.ignite.internal.processors.cache.persistence.file.AsyncFileIOFactory@41a0aa7d, metricsSubIntervalCnt=5, metricsRateTimeInterval=60000, walAutoArchiveAfterInactivity=-1, writeThrottlingEnabled=false, walCompactionEnabled=false, walCompactionLevel=1, checkpointReadLockTimeout=null, walPageCompression=DISABLED, walPageCompressionLevel=null], activeOnStart=true, autoActivation=true, longQryWarnTimeout=3000, sqlConnCfg=null, cliConnCfg=ClientConnectorConfiguration [host=null, port=10800, portRange=100, sockSndBufSize=0, sockRcvBufSize=0, tcpNoDelay=true, maxOpenCursorsPerConn=128, threadPoolSize=8, idleTimeout=0, handshakeTimeout=10000, jdbcEnabled=true, odbcEnabled=true, thinCliEnabled=true, sslEnabled=false, useIgniteSslCtxFactory=true, sslClientAuth=false, sslCtxFactory=null, thinCliCfg=ThinClientConfiguration [maxActiveTxPerConn=100]], mvccVacuumThreadCnt=2, mvccVacuumFreq=5000, authEnabled=false, failureHnd=null, commFailureRslvr=null]
[16:50:33,116][INFO][main][IgniteKernal] Daemon mode: off
[16:50:33,117][INFO][main][IgniteKernal] OS: Windows 10 10.0 amd64
[16:50:33,117][INFO][main][IgniteKernal] OS user: U002910
[16:50:33,136][INFO][main][IgniteKernal] PID: 25912
[16:50:33,137][INFO][main][IgniteKernal] Language runtime: Java Platform API Specification ver. 14
[16:50:33,138][INFO][main][IgniteKernal] VM information: Java(TM) SE Runtime Environment 14.0.1+7 Oracle Corporation Java HotSpot(TM) 64-Bit Server VM 14.0.1+7
[16:50:33,139][INFO][main][IgniteKernal] VM total memory: 1.0GB
[16:50:33,139][INFO][main][IgniteKernal] Remote Management [restart: off, REST: on, JMX (remote: off)]
[16:50:33,140][INFO][main][IgniteKernal] Logger: JavaLogger [quiet=false, config=null]
[16:50:33,141][INFO][main][IgniteKernal] IGNITE_HOME=null
[16:50:33,144][INFO][main][IgniteKernal] VM arguments: [-Xms1024m, -Xmx1024m, -Dfile.encoding=UTF-8, -Djava.util.logging.config.file=C:\Users\u002910\source\repos\ApacheIgniteExample\ApacheIgniteExample\bin\Debug\netcoreapp3.1\config\java.util.logging.properties, --add-exports=java.base/jdk.internal.misc=ALL-UNNAMED, --add-exports=java.base/sun.nio.ch=ALL-UNNAMED, --add-exports=java.management/com.sun.jmx.mbeanserver=ALL-UNNAMED, --add-exports=jdk.internal.jvmstat/sun.jvmstat.monitor=ALL-UNNAMED, --illegal-access=permit]
[16:50:33,146][INFO][main][IgniteKernal] System cache's DataRegion size is configured to 40 MB. Use DataStorageConfiguration.systemRegionInitialSize property to change the setting.
[16:50:33,147][INFO][main][IgniteKernal] Configured caches [in 'sysMemPlc' dataRegion: ['ignite-sys-cache'], in 'default' dataRegion: ['orders']]
[16:50:33,147][WARNING][main][IgniteKernal] Please set system property '-Djava.net.preferIPv4Stack=true' to avoid possible problems in mixed environments.
[16:50:33,152][WARNING][pub-#19][GridDiagnostic] This operating system has been tested less rigorously: Windows 10 10.0 amd64. Our team will appreciate the feedback if you experience any problems running ignite in this environment.
[16:50:33,354][INFO][main][IgnitePluginProcessor] Configured plugins:
[16:50:33,354][INFO][main][IgnitePluginProcessor]   ^-- None
[16:50:33,354][INFO][main][IgnitePluginProcessor] 
[16:50:33,357][INFO][main][FailureProcessor] Configured failure handler: [hnd=StopNodeOrHaltFailureHandler [tryStop=false, timeout=0, super=AbstractFailureHandler [ignoredFailureTypes=UnmodifiableSet [SYSTEM_WORKER_BLOCKED, SYSTEM_CRITICAL_OPERATION_TIMEOUT]]]]
[16:50:33,871][INFO][main][TcpCommunicationSpi] Successfully bound communication NIO server to TCP port [port=47100, locHost=0.0.0.0/0.0.0.0, selectorsCnt=4, selectorSpins=0, pairedConn=false]
[16:50:33,953][WARNING][main][TcpCommunicationSpi] Message queue limit is set to 0 which may lead to potential OOMEs when running cache operations in FULL_ASYNC or PRIMARY_SYNC modes due to message queues growth on sender and receiver sides.
[16:50:33,996][WARNING][main][NoopCheckpointSpi] Checkpoints are disabled (to enable configure any GridCheckpointSpi implementation)
[16:50:34,035][WARNING][main][GridCollisionManager] Collision resolution is disabled (all jobs will be activated upon arrival).
[16:50:34,047][INFO][main][IgniteKernal] Security status [authentication=off, tls/ssl=off]
[16:50:34,317][INFO][main][TcpDiscoverySpi] Successfully bound to TCP port [port=47500, localHost=0.0.0.0/0.0.0.0, locNodeId=d4bd6b45-97af-4a98-b2a3-5ca1cda2c35a]
[16:50:34,358][WARNING][main][IgniteCacheDatabaseSharedManager] DataRegionConfiguration.maxWalArchiveSize instead DataRegionConfiguration.walHistorySize would be used for removing old archive wal files
[16:50:34,373][INFO][main][IgniteCacheDatabaseSharedManager] Configured data regions initialized successfully [total=3]
[16:50:34,397][INFO][main][PartitionsEvictManager] Evict partition permits=2
[16:50:34,523][WARNING][main][IgniteH2Indexing] Serialization of Java objects in H2 was enabled.
[16:50:34,834][INFO][main][ClientListenerProcessor] Client connector processor has started on TCP port 10800
[16:50:34,930][INFO][main][GridTcpRestProtocol] Command protocol successfully started [name=TCP binary, host=0.0.0.0/0.0.0.0, port=11211]
[16:50:34,967][WARNING][main][PlatformProcessorImpl] Marshaller is automatically set to o.a.i.i.binary.BinaryMarshaller (other nodes must have the same marshaller type).
[16:50:36,168][INFO][main][IgniteKernal] Non-loopback local IPs: 172.20.10.7, 2804:214:82d7:8216:149c:dac8:3dd8:3f6b, 2804:214:82d7:8216:e0b4:3cd9:40a5:7e83, fe80:0:0:0:3060:14bd:840f:5058%wlan0, fe80:0:0:0:a01f:a1d7:a05f:896%eth6, fe80:0:0:0:a5df:da4a:b94b:f121%eth8, fe80:0:0:0:d857:f6a9:1019:ddc%wlan1, fe80:0:0:0:e0b4:3cd9:40a5:7e83%wlan2
[16:50:36,169][INFO][main][IgniteKernal] Enabled local MACs: 025041000001, 0C29EFFE1D6C, 0C29EFFE1D6D, 5CCD5B4684F8, 5CCD5B4684F9, 5ECD5B4684F8
[16:50:36,215][INFO][main][TcpDiscoverySpi] Connection check threshold is calculated: 300
[16:50:41,706][INFO][disco-notifier-worker-#41][GridClusterStateProcessor] Received activate request with BaselineTopology[id=0]
[16:50:41,714][INFO][disco-notifier-worker-#41][GridClusterStateProcessor] Started state transition: true
[16:50:41,717][INFO][disco-notifier-worker-#41][GridClusterStateProcessor] Received state change finish message: true
[16:50:41,719][INFO][disco-notifier-worker-#41][MvccProcessorImpl] Assigned mvcc coordinator [crd=MvccCoordinator [topVer=AffinityTopologyVersion [topVer=1, minorTopVer=0], nodeId=d4bd6b45-97af-4a98-b2a3-5ca1cda2c35a, ver=1600113041697, local=true, initialized=false]]
[16:50:41,754][INFO][disco-notifier-worker-#41][DistributedBaselineConfiguration] Baseline parameter 'baselineAutoAdjustEnabled' was changed from 'null' to 'true'
[16:50:41,760][INFO][disco-notifier-worker-#41][DistributedBaselineConfiguration] Baseline parameter 'baselineAutoAdjustTimeout' was changed from 'null' to '0'
[16:50:41,762][INFO][disco-notifier-worker-#41][IgniteH2Indexing] SQL parameter 'sql.disabledFunctions' was changed from 'null' to '[FILE_WRITE, CANCEL_SESSION, MEMORY_USED, CSVREAD, LINK_SCHEMA, MEMORY_FREE, FILE_READ, CSVWRITE, SESSION_ID, LOCK_MODE]'
[16:50:41,799][INFO][exchange-worker-#43][time] Started exchange init [topVer=AffinityTopologyVersion [topVer=1, minorTopVer=0], crd=true, evt=NODE_JOINED, evtNode=d4bd6b45-97af-4a98-b2a3-5ca1cda2c35a, customEvt=null, allowMerge=false, exchangeFreeSwitch=false]
[16:50:41,825][INFO][exchange-worker-#43][IgniteCacheDatabaseSharedManager] Configured data regions started successfully [total=3]
[16:50:41,825][INFO][exchange-worker-#43][msg] Components activation performed in 21 ms.
[16:50:42,025][INFO][exchange-worker-#43][GridCacheProcessor] Started cache [name=orders, id=-1008770331, dataRegionName=default, mode=PARTITIONED, atomicity=ATOMIC, backups=0, mvcc=false]
[16:50:42,025][INFO][sys-#48][GridCacheProcessor] Started cache [name=ignite-sys-cache, id=-2100569601, dataRegionName=sysMemPlc, mode=REPLICATED, atomicity=TRANSACTIONAL, backups=2147483647, mvcc=false]
[16:50:42,053][INFO][exchange-worker-#43][GridCacheProcessor] Starting caches on local join performed in 228 ms.
[16:50:42,076][INFO][exchange-worker-#43][GridDhtPartitionsExchangeFuture] Skipped waiting for partitions release future (local node is joining) [topVer=AffinityTopologyVersion [topVer=1, minorTopVer=0]]
[16:50:42,309][INFO][exchange-worker-#43][GridDhtPartitionsExchangeFuture] finishExchangeOnCoordinator [topVer=AffinityTopologyVersion [topVer=1, minorTopVer=0], resVer=AffinityTopologyVersion [topVer=1, minorTopVer=0]]
[16:50:42,350][INFO][exchange-worker-#43][GridDhtPartitionsExchangeFuture] Finish exchange future [startVer=AffinityTopologyVersion [topVer=1, minorTopVer=0], resVer=AffinityTopologyVersion [topVer=1, minorTopVer=0], err=null, rebalanced=true, wasRebalanced=false]
[16:50:42,374][INFO][exchange-worker-#43][GridCacheProcessor] Finish proxy initialization, cacheName=ignite-sys-cache, localNodeId=d4bd6b45-97af-4a98-b2a3-5ca1cda2c35a
[16:50:42,374][INFO][exchange-worker-#43][GridCacheProcessor] Finish proxy initialization, cacheName=orders, localNodeId=d4bd6b45-97af-4a98-b2a3-5ca1cda2c35a
[16:50:42,376][INFO][exchange-worker-#43][GridDhtPartitionsExchangeFuture] Completed partition exchange [localNode=d4bd6b45-97af-4a98-b2a3-5ca1cda2c35a, exchange=GridDhtPartitionsExchangeFuture [topVer=AffinityTopologyVersion [topVer=1, minorTopVer=0], evt=NODE_JOINED, evtNode=TcpDiscoveryNode [id=d4bd6b45-97af-4a98-b2a3-5ca1cda2c35a, consistentId=0:0:0:0:0:0:0:1,127.0.0.1,172.20.10.7,2804:214:82d7:8216:149c:dac8:3dd8:3f6b,2804:214:82d7:8216:e0b4:3cd9:40a5:7e83:47500, addrs=ArrayList [0:0:0:0:0:0:0:1, 127.0.0.1, 172.20.10.7, 2804:214:82d7:8216:149c:dac8:3dd8:3f6b, 2804:214:82d7:8216:e0b4:3cd9:40a5:7e83], sockAddrs=HashSet [/[0:0:0:0:0:0:0:1]:47500, /127.0.0.1:47500, /[2804:214:82d7:8216:149c:dac8:3dd8:3f6b]:47500, /[2804:214:82d7:8216:e0b4:3cd9:40a5:7e83]:47500, XPNOTE-20000915.xpcorretora.com.br/172.20.10.7:47500], discPort=47500, order=1, intOrder=1, lastExchangeTime=1600113036209, loc=true, ver=2.8.1#20200521-sha1:86422096, isClient=false], done=true, newCrdFut=null], topVer=AffinityTopologyVersion [topVer=1, minorTopVer=0]]
[16:50:42,377][INFO][exchange-worker-#43][GridDhtPartitionsExchangeFuture] Exchange timings [startVer=AffinityTopologyVersion [topVer=1, minorTopVer=0], resVer=AffinityTopologyVersion [topVer=1, minorTopVer=0], stage="Waiting in exchange queue" (68 ms), stage="Exchange parameters initialization" (6 ms), stage="Components activation" (21 ms), stage="Determine exchange type" (248 ms), stage="Preloading notification" (1 ms), stage="WAL history reservation" (0 ms), stage="After states restored callback" (233 ms), stage="Waiting for all single messages" (0 ms), stage="Affinity recalculation (crd)" (0 ms), stage="Collect update counters and create affinity messages" (0 ms), stage="Validate partitions states" (2 ms), stage="Assign partitions states" (2 ms), stage="Apply update counters" (2 ms), stage="Full message preparing" (30 ms), stage="Full message sending" (1 ms), stage="State finish message sending" (0 ms), stage="Exchange done" (26 ms), stage="Total time" (640 ms)]
[16:50:42,378][INFO][exchange-worker-#43][GridDhtPartitionsExchangeFuture] Exchange longest local stages [startVer=AffinityTopologyVersion [topVer=1, minorTopVer=0], resVer=AffinityTopologyVersion [topVer=1, minorTopVer=0], stage="First node affinity initialization (node join) [grp=ignite-sys-cache]" (241 ms) (parent=Determine exchange type), stage="Coordinator affinity cache init [grp=orders]" (231 ms) (parent=Determine exchange type), stage="Coordinator affinity cache init [grp=ignite-sys-cache]" (231 ms) (parent=Determine exchange type)]
[16:50:42,380][INFO][exchange-worker-#43][time] Finished exchange init [topVer=AffinityTopologyVersion [topVer=1, minorTopVer=0], crd=true]
[16:50:42,389][INFO][exchange-worker-#43][GridCachePartitionExchangeManager] Skipping rebalancing (nothing scheduled) [top=AffinityTopologyVersion [topVer=1, minorTopVer=0], force=false, evt=NODE_JOINED, node=d4bd6b45-97af-4a98-b2a3-5ca1cda2c35a]
[16:50:42,479][INFO][main][IgniteKernal] Performance suggestions for grid  (fix if possible)
[16:50:42,480][INFO][main][IgniteKernal] To disable, set -DIGNITE_PERFORMANCE_SUGGESTIONS_DISABLED=true
[16:50:42,480][INFO][main][IgniteKernal]   ^-- Disable grid events (remove 'includeEventTypes' from configuration)
[16:50:42,480][INFO][main][IgniteKernal]   ^-- Switch to the most recent 1.8 JVM version
[16:50:42,480][INFO][main][IgniteKernal]   ^-- Set max direct memory size if getting 'OOME: Direct buffer memory' (add '-XX:MaxDirectMemorySize=<size>[g|G|m|M|k|K]' to JVM options)
[16:50:42,481][INFO][main][IgniteKernal]   ^-- Disable processing of calls to System.gc() (add '-XX:+DisableExplicitGC' to JVM options)
[16:50:42,481][INFO][main][IgniteKernal]   ^-- Enable write-behind to persistent store (set 'writeBehindEnabled' to true)
[16:50:42,481][INFO][main][IgniteKernal] Refer to this page for more performance suggestions: https://apacheignite.readme.io/docs/jvm-and-system-tuning
[16:50:42,481][INFO][main][IgniteKernal] 
[16:50:42,481][INFO][main][IgniteKernal] To start Console Management & Monitoring run ignitevisorcmd.{sh|bat}
[16:50:42,482][INFO][main][IgniteKernal] Data Regions Configured:
[16:50:42,484][INFO][main][IgniteKernal]   ^-- default [initSize=256,0 MiB, maxSize=3,2 GiB, persistence=false, lazyMemoryAllocation=true]
[16:50:42,486][INFO][main][IgniteKernal] 

>>> +----------------------------------------------------------------------+
>>> Ignite ver. 2.8.1#20200521-sha1:864220966caa4157c4fee8a1bc85171623963604
>>> +----------------------------------------------------------------------+
>>> OS name: Windows 10 10.0 amd64
>>> CPU(s): 8
>>> Heap: 1.0GB
>>> VM name: 25912@XPNOTE-20000915
>>> Local node [ID=D4BD6B45-97AF-4A98-B2A3-5CA1CDA2C35A, order=1, clientMode=false]
>>> Local node addresses: [XPNOTE-20000915.xpcorretora.com.br/0:0:0:0:0:0:0:1, XPNOTE-20000915.xpcorretora.com.br/127.0.0.1, XPNOTE-20000915.xpcorretora.com.br/172.20.10.7, /2804:214:82d7:8216:149c:dac8:3dd8:3f6b, /2804:214:82d7:8216:e0b4:3cd9:40a5:7e83]
>>> Local ports: TCP:10800 TCP:11211 TCP:47100 TCP:47500 

[16:50:42,489][INFO][main][GridDiscoveryManager] Topology snapshot [ver=1, locNode=d4bd6b45, servers=1, clients=0, state=ACTIVE, CPUs=8, offheap=3.2GB, heap=1.0GB]
[16:50:42,489][INFO][main][GridDiscoveryManager]   ^-- Baseline [id=0, size=1, online=1, offline=0]
[16:50:42,490][INFO][main][G] Node started : [stage="Configure system pool" (64 ms),stage="Start managers" (1023 ms),stage="Configure binary metadata" (17 ms),stage="Start processors" (912 ms),stage="Init metastore" (1179 ms),stage="Finish recovery" (0 ms),stage="Join topology" (5529 ms),stage="Await transition" (21 ms),stage="Await exchange" (749 ms),stage="Total time" (9494 ms)]
[16:50:42,504][INFO][main][PluginProcessor] Configured .NET plugins:
[16:50:42,505][INFO][main][PluginProcessor]   ^-- None
[16:51:42,493][INFO][grid-timeout-worker-#23][IgniteKernal] 
Metrics for local node (to disable set 'metricsLogFrequency' to 0)
    ^-- Node [id=d4bd6b45, uptime=00:01:00.009]
    ^-- H/N/C [hosts=1, nodes=1, CPUs=8]
    ^-- CPU [cur=-100%, avg=-96,15%, GC=0%]
    ^-- PageMemory [pages=2250]
    ^-- Heap [used=24MB, free=97,63%, comm=1024MB]
    ^-- Off-heap [used=8MB, free=99,74%, comm=336MB]
    ^--   sysMemPlc region [used=0MB, free=99,21%, comm=40MB]
    ^--   default region [used=8MB, free=99,75%, comm=256MB]
    ^--   TxLog region [used=0MB, free=100%, comm=40MB]
    ^-- Outbound messages queue [size=0]
    ^-- Public thread pool [active=0, idle=0, qSize=0]
    ^-- System thread pool [active=0, idle=8, qSize=0]
